[INFO]: Start creating test files AT 11 Jan 24 10:23 GMT
[INFO]: Starting test: SecureDeleteFiles AT 11 Jan 24 10:23 GMT
[ERROR]: remove C:\Users\achon\OneDrive\Desktop\diplomna1\RRA\SecureDeleteFiles\testfiles\c.txt: The process cannot access the file because it is being used by another process. AT 11 Jan 24 10:23 GMT
[INFO]: Start creating test files AT 11 Jan 24 17:46 GMT
[INFO]: Starting test: SecureDeleteFiles AT 11 Jan 24 17:46 GMT
[ERROR]: remove testfiles\c.txt: The process cannot access the file because it is being used by another process. AT 11 Jan 24 17:46 GMT
[INFO]: Start creating test files AT 11 Jan 24 17:56 GMT
[INFO]: Starting test: SecureDeleteFiles AT 11 Jan 24 17:56 GMT
[ERROR]: remove testfiles\c.txt: The process cannot access the file because it is being used by another process. AT 11 Jan 24 17:56 GMT
[INFO]: Start creating test files AT 11 Jan 24 18:05 GMT
[INFO]: Starting test: SecureDeleteFiles AT 11 Jan 24 18:05 GMT
[ERROR]: remove testfiles\c.txt: The process cannot access the file because it is being used by another process. AT 11 Jan 24 18:05 GMT
[INFO]: Start creating test files AT 11 Jan 24 18:08 GMT
[INFO]: Starting test: SecureDeleteFiles AT 11 Jan 24 18:08 GMT
[ERROR]: remove testfiles\c.txt: The process cannot access the file because it is being used by another process. AT 11 Jan 24 18:08 GMT
[INFO]: Start creating test files AT 11 Jan 24 18:21 GMT
[INFO]: Starting test: SecureDeleteFiles AT 11 Jan 24 18:21 GMT
[ERROR]: remove testfiles\c.txt: The process cannot access the file because it is being used by another process. AT 11 Jan 24 18:21 GMT
[INFO]: Start creating test files AT 11 Jan 24 18:23 GMT
[INFO]: Starting test: SecureDeleteFiles AT 11 Jan 24 18:23 GMT
[ERROR]: remove testfiles\c.txt: The process cannot access the file because it is being used by another process. AT 11 Jan 24 18:23 GMT
[INFO]: Start creating test files AT 11 Jan 24 18:30 GMT
[INFO]: Starting test: SecureDeleteFiles AT 11 Jan 24 18:30 GMT
[ERROR]: remove testfiles\c.txt: The process cannot access the file because it is being used by another process. AT 11 Jan 24 18:30 GMT
[INFO]: Start creating test files AT 11 Jan 24 18:35 GMT
[INFO]: Starting test: SecureDeleteFiles AT 11 Jan 24 18:35 GMT
[ERROR]: remove testfiles\c.txt: The process cannot access the file because it is being used by another process. AT 11 Jan 24 18:35 GMT
[INFO]: Start creating test files AT 11 Jan 24 20:55 GMT
[INFO]: Starting test: SecureDeleteFiles AT 11 Jan 24 20:55 GMT
[ERROR]: remove testfiles\c.txt: The process cannot access the file because it is being used by another process. AT 11 Jan 24 20:55 GMT
[ERROR]: open ./testFilesParent/testfiles0//sub/..\TestFiles\a.txt0: The system cannot find the path specified. AT 25 Jan 24 12:44 GMT
[ERROR]: invalid argument AT 25 Jan 24 12:44 GMT
[ERROR]: open ./testFilesParent/testfiles0//sub/..\TestFiles\a.txt1: The system cannot find the path specified. AT 25 Jan 24 12:44 GMT
[ERROR]: invalid argument AT 25 Jan 24 12:44 GMT
[ERROR]: open ./testFilesParent/testfiles0//sub/..\TestFiles\a.txt2: The system cannot find the path specified. AT 25 Jan 24 12:44 GMT
[ERROR]: invalid argument AT 25 Jan 24 12:44 GMT
[ERROR]: open ./testFilesParent/testfiles0//sub/..\TestFiles\b.doc0: The system cannot find the path specified. AT 25 Jan 24 12:44 GMT
[ERROR]: invalid argument AT 25 Jan 24 12:44 GMT
[ERROR]: open ./testFilesParent/testfiles0//sub/..\TestFiles\b.doc1: The system cannot find the path specified. AT 25 Jan 24 12:44 GMT
[ERROR]: invalid argument AT 25 Jan 24 12:44 GMT
[ERROR]: open ./testFilesParent/testfiles0//sub/..\TestFiles\b.doc2: The system cannot find the path specified. AT 25 Jan 24 12:44 GMT
[ERROR]: invalid argument AT 25 Jan 24 12:44 GMT
[ERROR]: open ./testFilesParent/testfiles0//sub/..\TestFiles\b.docx0: The system cannot find the path specified. AT 25 Jan 24 12:44 GMT
[ERROR]: invalid argument AT 25 Jan 24 12:44 GMT
[ERROR]: open ./testFilesParent/testfiles0//sub/..\TestFiles\b.docx1: The system cannot find the path specified. AT 25 Jan 24 12:44 GMT
[ERROR]: invalid argument AT 25 Jan 24 12:44 GMT
[ERROR]: open ./testFilesParent/testfiles0//sub/..\TestFiles\b.docx2: The system cannot find the path specified. AT 25 Jan 24 12:44 GMT
[ERROR]: invalid argument AT 25 Jan 24 12:44 GMT
[ERROR]: open ./testFilesParent/testfiles0//sub/..\TestFiles\c.pdf0: The system cannot find the path specified. AT 25 Jan 24 12:44 GMT
[ERROR]: invalid argument AT 25 Jan 24 12:44 GMT
[ERROR]: open ./testFilesParent/testfiles0//sub/..\TestFiles\c.pdf1: The system cannot find the path specified. AT 25 Jan 24 12:44 GMT
[ERROR]: invalid argument AT 25 Jan 24 12:44 GMT
[ERROR]: open ./testFilesParent/testfiles0//sub/..\TestFiles\c.pdf2: The system cannot find the path specified. AT 25 Jan 24 12:44 GMT
[ERROR]: invalid argument AT 25 Jan 24 12:44 GMT
[ERROR]: open ./testFilesParent/testfiles0//sub/..\TestFiles\d.xls0: The system cannot find the path specified. AT 25 Jan 24 12:44 GMT
[ERROR]: invalid argument AT 25 Jan 24 12:44 GMT
[ERROR]: open ./testFilesParent/testfiles0//sub/..\TestFiles\d.xls1: The system cannot find the path specified. AT 25 Jan 24 12:44 GMT
[ERROR]: invalid argument AT 25 Jan 24 12:44 GMT
[ERROR]: open ./testFilesParent/testfiles0//sub/..\TestFiles\d.xls2: The system cannot find the path specified. AT 25 Jan 24 12:44 GMT
[ERROR]: invalid argument AT 25 Jan 24 12:44 GMT
[ERROR]: open ./testFilesParent/testfiles0//sub/..\TestFiles\e.ppt0: The system cannot find the path specified. AT 25 Jan 24 12:44 GMT
[ERROR]: invalid argument AT 25 Jan 24 12:44 GMT
[ERROR]: open ./testFilesParent/testfiles0//sub/..\TestFiles\e.ppt1: The system cannot find the path specified. AT 25 Jan 24 12:44 GMT
[ERROR]: invalid argument AT 25 Jan 24 12:44 GMT
[ERROR]: open ./testFilesParent/testfiles0//sub/..\TestFiles\e.ppt2: The system cannot find the path specified. AT 25 Jan 24 12:44 GMT
[ERROR]: invalid argument AT 25 Jan 24 12:44 GMT
[ERROR]: open ./testFilesParent/testfiles0//sub/..\TestFiles\f.jpg0: The system cannot find the path specified. AT 25 Jan 24 12:44 GMT
[ERROR]: invalid argument AT 25 Jan 24 12:44 GMT
[ERROR]: open ./testFilesParent/testfiles0//sub/..\TestFiles\f.jpg1: The system cannot find the path specified. AT 25 Jan 24 12:44 GMT
[ERROR]: invalid argument AT 25 Jan 24 12:44 GMT
[ERROR]: open ./testFilesParent/testfiles0//sub/..\TestFiles\f.jpg2: The system cannot find the path specified. AT 25 Jan 24 12:44 GMT
[ERROR]: invalid argument AT 25 Jan 24 12:44 GMT
[ERROR]: open ./testFilesParent/testfiles0//sub/..\TestFiles\g.jpeg0: The system cannot find the path specified. AT 25 Jan 24 12:44 GMT
[ERROR]: invalid argument AT 25 Jan 24 12:44 GMT
[ERROR]: open ./testFilesParent/testfiles0//sub/..\TestFiles\g.jpeg1: The system cannot find the path specified. AT 25 Jan 24 12:44 GMT
[ERROR]: invalid argument AT 25 Jan 24 12:44 GMT
[ERROR]: open ./testFilesParent/testfiles0//sub/..\TestFiles\g.jpeg2: The system cannot find the path specified. AT 25 Jan 24 12:44 GMT
[ERROR]: invalid argument AT 25 Jan 24 12:44 GMT
[ERROR]: open ./testFilesParent/testfiles0//sub/..\TestFiles\h.png0: The system cannot find the path specified. AT 25 Jan 24 12:44 GMT
[ERROR]: invalid argument AT 25 Jan 24 12:44 GMT
[ERROR]: open ./testFilesParent/testfiles0//sub/..\TestFiles\h.png1: The system cannot find the path specified. AT 25 Jan 24 12:44 GMT
[ERROR]: invalid argument AT 25 Jan 24 12:44 GMT
[ERROR]: open ./testFilesParent/testfiles0//sub/..\TestFiles\h.png2: The system cannot find the path specified. AT 25 Jan 24 12:44 GMT
[ERROR]: invalid argument AT 25 Jan 24 12:44 GMT
[ERROR]: open ./testFilesParent/testfiles0//sub/..\TestFiles\i.bmp0: The system cannot find the path specified. AT 25 Jan 24 12:44 GMT
[ERROR]: invalid argument AT 25 Jan 24 12:44 GMT
[ERROR]: open ./testFilesParent/testfiles0//sub/..\TestFiles\i.bmp1: The system cannot find the path specified. AT 25 Jan 24 12:44 GMT
[ERROR]: invalid argument AT 25 Jan 24 12:44 GMT
[ERROR]: open ./testFilesParent/testfiles0//sub/..\TestFiles\i.bmp2: The system cannot find the path specified. AT 25 Jan 24 12:44 GMT
[ERROR]: invalid argument AT 25 Jan 24 12:44 GMT
[ERROR]: open ./testFilesParent/testfiles1//sub/..\TestFiles\a.txt0: The system cannot find the path specified. AT 25 Jan 24 12:44 GMT
[ERROR]: invalid argument AT 25 Jan 24 12:44 GMT
[ERROR]: open ./testFilesParent/testfiles1//sub/..\TestFiles\a.txt1: The system cannot find the path specified. AT 25 Jan 24 12:44 GMT
[ERROR]: invalid argument AT 25 Jan 24 12:44 GMT
[ERROR]: open ./testFilesParent/testfiles1//sub/..\TestFiles\a.txt2: The system cannot find the path specified. AT 25 Jan 24 12:44 GMT
[ERROR]: invalid argument AT 25 Jan 24 12:44 GMT
[ERROR]: open ./testFilesParent/testfiles1//sub/..\TestFiles\b.doc0: The system cannot find the path specified. AT 25 Jan 24 12:44 GMT
[ERROR]: invalid argument AT 25 Jan 24 12:44 GMT
[ERROR]: open ./testFilesParent/testfiles1//sub/..\TestFiles\b.doc1: The system cannot find the path specified. AT 25 Jan 24 12:44 GMT
[ERROR]: invalid argument AT 25 Jan 24 12:44 GMT
[ERROR]: open ./testFilesParent/testfiles1//sub/..\TestFiles\b.doc2: The system cannot find the path specified. AT 25 Jan 24 12:44 GMT
[ERROR]: invalid argument AT 25 Jan 24 12:44 GMT
[ERROR]: open ./testFilesParent/testfiles1//sub/..\TestFiles\b.docx0: The system cannot find the path specified. AT 25 Jan 24 12:44 GMT
[ERROR]: invalid argument AT 25 Jan 24 12:44 GMT
[ERROR]: open ./testFilesParent/testfiles1//sub/..\TestFiles\b.docx1: The system cannot find the path specified. AT 25 Jan 24 12:44 GMT
[ERROR]: invalid argument AT 25 Jan 24 12:44 GMT
[ERROR]: open ./testFilesParent/testfiles1//sub/..\TestFiles\b.docx2: The system cannot find the path specified. AT 25 Jan 24 12:44 GMT
[ERROR]: invalid argument AT 25 Jan 24 12:44 GMT
[ERROR]: open ./testFilesParent/testfiles1//sub/..\TestFiles\c.pdf0: The system cannot find the path specified. AT 25 Jan 24 12:44 GMT
[ERROR]: invalid argument AT 25 Jan 24 12:44 GMT
[ERROR]: open ./testFilesParent/testfiles1//sub/..\TestFiles\c.pdf1: The system cannot find the path specified. AT 25 Jan 24 12:44 GMT
[ERROR]: invalid argument AT 25 Jan 24 12:44 GMT
[ERROR]: open ./testFilesParent/testfiles1//sub/..\TestFiles\c.pdf2: The system cannot find the path specified. AT 25 Jan 24 12:44 GMT
[ERROR]: invalid argument AT 25 Jan 24 12:44 GMT
[ERROR]: open ./testFilesParent/testfiles1//sub/..\TestFiles\d.xls0: The system cannot find the path specified. AT 25 Jan 24 12:44 GMT
[ERROR]: invalid argument AT 25 Jan 24 12:44 GMT
[ERROR]: open ./testFilesParent/testfiles1//sub/..\TestFiles\d.xls1: The system cannot find the path specified. AT 25 Jan 24 12:44 GMT
[ERROR]: invalid argument AT 25 Jan 24 12:44 GMT
[ERROR]: open ./testFilesParent/testfiles1//sub/..\TestFiles\d.xls2: The system cannot find the path specified. AT 25 Jan 24 12:44 GMT
[ERROR]: invalid argument AT 25 Jan 24 12:44 GMT
[ERROR]: open ./testFilesParent/testfiles1//sub/..\TestFiles\e.ppt0: The system cannot find the path specified. AT 25 Jan 24 12:44 GMT
[ERROR]: invalid argument AT 25 Jan 24 12:44 GMT
[ERROR]: open ./testFilesParent/testfiles1//sub/..\TestFiles\e.ppt1: The system cannot find the path specified. AT 25 Jan 24 12:44 GMT
[ERROR]: invalid argument AT 25 Jan 24 12:44 GMT
[ERROR]: open ./testFilesParent/testfiles1//sub/..\TestFiles\e.ppt2: The system cannot find the path specified. AT 25 Jan 24 12:44 GMT
[ERROR]: invalid argument AT 25 Jan 24 12:44 GMT
[ERROR]: open ./testFilesParent/testfiles1//sub/..\TestFiles\f.jpg0: The system cannot find the path specified. AT 25 Jan 24 12:44 GMT
[ERROR]: invalid argument AT 25 Jan 24 12:44 GMT
[ERROR]: open ./testFilesParent/testfiles1//sub/..\TestFiles\f.jpg1: The system cannot find the path specified. AT 25 Jan 24 12:44 GMT
[ERROR]: invalid argument AT 25 Jan 24 12:44 GMT
[ERROR]: open ./testFilesParent/testfiles1//sub/..\TestFiles\f.jpg2: The system cannot find the path specified. AT 25 Jan 24 12:44 GMT
[ERROR]: invalid argument AT 25 Jan 24 12:44 GMT
[ERROR]: open ./testFilesParent/testfiles1//sub/..\TestFiles\g.jpeg0: The system cannot find the path specified. AT 25 Jan 24 12:44 GMT
[ERROR]: invalid argument AT 25 Jan 24 12:44 GMT
[ERROR]: open ./testFilesParent/testfiles1//sub/..\TestFiles\g.jpeg1: The system cannot find the path specified. AT 25 Jan 24 12:44 GMT
[ERROR]: invalid argument AT 25 Jan 24 12:44 GMT
[ERROR]: open ./testFilesParent/testfiles1//sub/..\TestFiles\g.jpeg2: The system cannot find the path specified. AT 25 Jan 24 12:44 GMT
[ERROR]: invalid argument AT 25 Jan 24 12:44 GMT
[ERROR]: open ./testFilesParent/testfiles1//sub/..\TestFiles\h.png0: The system cannot find the path specified. AT 25 Jan 24 12:44 GMT
[ERROR]: invalid argument AT 25 Jan 24 12:44 GMT
[ERROR]: open ./testFilesParent/testfiles1//sub/..\TestFiles\h.png1: The system cannot find the path specified. AT 25 Jan 24 12:44 GMT
[ERROR]: invalid argument AT 25 Jan 24 12:44 GMT
[ERROR]: open ./testFilesParent/testfiles1//sub/..\TestFiles\h.png2: The system cannot find the path specified. AT 25 Jan 24 12:44 GMT
[ERROR]: invalid argument AT 25 Jan 24 12:44 GMT
[ERROR]: open ./testFilesParent/testfiles1//sub/..\TestFiles\i.bmp0: The system cannot find the path specified. AT 25 Jan 24 12:44 GMT
[ERROR]: invalid argument AT 25 Jan 24 12:44 GMT
[ERROR]: open ./testFilesParent/testfiles1//sub/..\TestFiles\i.bmp1: The system cannot find the path specified. AT 25 Jan 24 12:44 GMT
[ERROR]: invalid argument AT 25 Jan 24 12:44 GMT
[ERROR]: open ./testFilesParent/testfiles1//sub/..\TestFiles\i.bmp2: The system cannot find the path specified. AT 25 Jan 24 12:44 GMT
[ERROR]: invalid argument AT 25 Jan 24 12:44 GMT
[INFO]: Starting test: SecureDeleteFiles AT 25 Jan 24 12:44 GMT
[ERROR]: remove testFilesParent\testfiles0\0a.txt: The process cannot access the file because it is being used by another process. AT 25 Jan 24 12:44 GMT
[INFO]: Starting test: SecureDeleteFiles AT 06 Feb 24 14:33 GMT
[INFO]: Starting test: SecureDeleteFiles AT 06 Feb 24 14:34 GMT
[INFO]: Starting test: SecureDeleteFiles AT 06 Feb 24 14:35 GMT
[INFO]: Starting test: SecureDeleteFiles AT 06 Feb 24 14:35 GMT
[ERROR]: CreateFile testFilesParent\testfiles0\sub\0a.txt: The system cannot find the path specified. AT 06 Feb 24 14:35 GMT
[INFO]: Starting test: SecureDeleteFiles AT 06 Feb 24 14:35 GMT
[ERROR]: CreateFile testFilesParent\testfiles1\sub\0a.txt: The system cannot find the path specified. AT 06 Feb 24 14:35 GMT
[INFO]: Starting test: SecureDeleteFiles AT 06 Feb 24 14:37 GMT
[ERROR]: remove ./testFilesParent: The system cannot find the file specified. AT 06 Feb 24 14:37 GMT
[INFO]: Starting test: SecureDeleteFiles AT 06 Feb 24 14:38 GMT
[ERROR]: CreateFile testFilesParent\TestFiles\DirCreationInfo.log: The system cannot find the path specified. AT 06 Feb 24 14:38 GMT
[INFO]: Starting test: SecureDeleteFiles AT 06 Feb 24 14:38 GMT
[INFO]: Starting test: SecureDeleteFiles AT 06 Feb 24 14:38 GMT
[ERROR]: remove ./testFilesParent: The directory is not empty. AT 06 Feb 24 14:38 GMT
[INFO]: Starting test: SecureDeleteFiles AT 06 Feb 24 14:39 GMT
[ERROR]: remove ./testFilesParent: The directory is not empty. AT 06 Feb 24 14:39 GMT
[INFO]: Starting test: SecureDeleteFiles AT 06 Feb 24 14:41 GMT
[ERROR]: remove ./testFilesParent: The directory is not empty. AT 06 Feb 24 14:41 GMT
[INFO]: Starting test: SecureDeleteFiles AT 06 Feb 24 14:42 GMT
[INFO]: Ending test: SecureDeleteFiles AT 06 Feb 24 14:42 GMT
[INFO]: Starting test: SecureDeleteFiles AT 12 Feb 24 16:49 GMT
[INFO]: Starting test: SecureDeleteFiles AT 12 Feb 24 17:37 GMT
[INFO]: Starting test: SecureDeleteFiles AT 12 Feb 24 17:41 GMT
[ERROR]: remove ./testFilesParent: The directory is not empty. AT 12 Feb 24 17:41 GMT
[INFO]: Starting test: SecureDeleteFiles AT 14 Feb 24 16:48 GMT
[INFO]: Ending test: SecureDeleteFiles AT 14 Feb 24 16:48 GMT
[INFO]: Starting test: SecureDeleteFiles AT 14 Feb 24 16:58 GMT
[INFO]: Ending test: SecureDeleteFiles AT 14 Feb 24 16:58 GMT
[INFO]: Starting test: SecureDeleteFiles AT 14 Feb 24 15:49 GMT
[INFO]: Ending test: SecureDeleteFiles AT 14 Feb 24 15:49 GMT
[INFO]: Starting test: SecureDeleteFiles AT 14 Feb 24 15:54 GMT
[INFO]: Ending test: SecureDeleteFiles AT 14 Feb 24 15:54 GMT
[INFO]: Starting test: SecureDeleteFiles AT 14 Feb 24 16:00 GMT
[INFO]: Ending test: SecureDeleteFiles AT 14 Feb 24 16:00 GMT
[INFO]: Starting test: SecureDeleteFiles AT 14 Feb 24 16:07 GMT
[INFO]: Ending test: SecureDeleteFiles AT 14 Feb 24 16:07 GMT
[INFO]: Starting test: SecureDeleteFiles AT 14 Feb 24 16:12 GMT
[INFO]: Ending test: SecureDeleteFiles AT 14 Feb 24 16:12 GMT
[INFO]: Starting test: SecureDeleteFiles AT 14 Feb 24 16:16 GMT
[INFO]: Ending test: SecureDeleteFiles AT 14 Feb 24 16:16 GMT
[INFO]: Starting test: SecureDeleteFiles AT 14 Feb 24 16:46 GMT
[INFO]: Ending test: SecureDeleteFiles AT 14 Feb 24 16:46 GMT
[INFO]: Starting test: SecureDeleteFiles AT 14 Feb 24 16:47 GMT
[INFO]: Ending test: SecureDeleteFiles AT 14 Feb 24 16:47 GMT
[INFO]: Starting test: SecureDeleteFiles AT 15 Feb 24 08:12 GMT
[INFO]: Ending test: SecureDeleteFiles AT 15 Feb 24 08:12 GMT
[INFO]: Starting test: SecureDeleteFiles AT 15 Feb 24 08:16 GMT
[INFO]: Ending test: SecureDeleteFiles AT 15 Feb 24 08:16 GMT
[INFO]: Starting test: SecureDeleteFiles AT 15 Feb 24 08:18 GMT
[INFO]: Ending test: SecureDeleteFiles AT 15 Feb 24 08:18 GMT
[INFO]: Starting test: SecureDeleteFiles AT 15 Feb 24 08:20 GMT
[INFO]: Ending test: SecureDeleteFiles AT 15 Feb 24 08:20 GMT
[INFO]: Starting test: SecureDeleteFiles AT 15 Feb 24 08:24 GMT
[INFO]: Ending test: SecureDeleteFiles AT 15 Feb 24 08:24 GMT
[INFO]: Starting test: SecureDeleteFiles AT 15 Feb 24 09:36 GMT
[INFO]: Ending test: SecureDeleteFiles AT 15 Feb 24 09:36 GMT
[INFO]: Starting test: SecureDeleteFiles AT 15 Feb 24 10:32 GMT
[INFO]: Starting test: SecureDeleteFiles AT 15 Feb 24 10:46 GMT
[INFO]: Starting test: SecureDeleteFiles AT 15 Feb 24 10:59 GMT
[INFO]: Starting test: SecureDeleteFiles AT 15 Feb 24 11:02 GMT
[INFO]: Starting test: SecureDeleteFiles AT 15 Feb 24 11:06 GMT
[INFO]: Starting test: SecureDeleteFiles AT 15 Feb 24 11:11 GMT
[INFO]: Starting test: SecureDeleteFiles AT 15 Feb 24 13:51 GMT
[INFO]: Ending test: SecureDeleteFiles AT 15 Feb 24 13:51 GMT
[INFO]: Starting test: SecureDeleteFiles AT 15 Feb 24 13:53 GMT
[INFO]: Ending test: SecureDeleteFiles AT 15 Feb 24 13:53 GMT
[INFO]: Starting test: SecureDeleteFiles AT 15 Feb 24 16:36 EET
[INFO]: Ending test: SecureDeleteFiles AT 15 Feb 24 16:36 EET
[INFO]: Starting test: SecureDeleteFiles AT 16 Feb 24 11:22 GMT
[INFO]: Ending test: SecureDeleteFiles AT 16 Feb 24 11:22 GMT
[INFO]: Starting test: SecureDeleteFiles AT 19 Feb 24 14:10 GMT
[INFO]: Ending test: SecureDeleteFiles AT 19 Feb 24 14:10 GMT
[INFO]: Starting test: SecureDeleteFiles AT 19 Feb 24 14:19 GMT
[INFO]: Ending test: SecureDeleteFiles AT 19 Feb 24 14:19 GMT
[INFO]: Starting test: SecureDeleteFiles AT 31 Mar 24 18:35 BST
[INFO]: Ending test: SecureDeleteFiles AT 31 Mar 24 18:35 BST
[INFO]: Starting test: SecureDeleteFiles AT 01 Apr 24 18:37 BST
[INFO]: Ending test: SecureDeleteFiles AT 01 Apr 24 18:37 BST
[INFO]: Starting test: SecureDeleteFiles AT 11 Apr 24 11:16 BST
[INFO]: Ending test: SecureDeleteFiles AT 11 Apr 24 11:16 BST
[INFO]: Starting test: SecureDeleteFiles AT 12 Apr 24 09:53 BST
[INFO]: Ending test: SecureDeleteFiles AT 12 Apr 24 09:53 BST
[INFO]: Starting test: SecureDeleteFiles AT 18 Apr 24 16:09 BST
[INFO]: Ending test: SecureDeleteFiles AT 18 Apr 24 16:09 BST
[INFO]: Starting test: SecureDeleteFiles AT 19 Apr 24 13:31 BST
[INFO]: Ending test: SecureDeleteFiles AT 19 Apr 24 13:31 BST
[INFO]: Starting test: SecureDeleteFiles AT 20 Apr 24 16:34 BST
[INFO]: Ending test: SecureDeleteFiles AT 20 Apr 24 16:34 BST
[INFO]: Starting test: SecureDeleteFiles AT 20 Apr 24 16:50 BST
[INFO]: Ending test: SecureDeleteFiles AT 20 Apr 24 16:50 BST
[INFO]: Starting test: SecureDeleteFiles AT 20 Apr 24 16:54 BST
[INFO]: Ending test: SecureDeleteFiles AT 20 Apr 24 16:54 BST
[INFO]: Starting test: SecureDeleteFiles AT 20 Apr 24 17:01 BST
[INFO]: Ending test: SecureDeleteFiles AT 20 Apr 24 17:01 BST
[INFO]: Starting test: SecureDeleteFiles AT 20 Apr 24 17:04 BST
[INFO]: Ending test: SecureDeleteFiles AT 20 Apr 24 17:04 BST
[INFO]: Starting test: SecureDeleteFiles AT 20 Apr 24 17:07 BST
[INFO]: Ending test: SecureDeleteFiles AT 20 Apr 24 17:07 BST
[INFO]: Starting test: SecureDeleteFiles AT 20 Apr 24 17:18 BST
[INFO]: Ending test: SecureDeleteFiles AT 20 Apr 24 17:18 BST
[INFO]: Starting test: SecureDeleteFiles AT 20 Apr 24 17:39 BST
[INFO]: Ending test: SecureDeleteFiles AT 20 Apr 24 17:39 BST
[INFO]: Starting test: SecureDeleteFiles AT 20 Apr 24 17:42 BST
[INFO]: Ending test: SecureDeleteFiles AT 20 Apr 24 17:42 BST
[INFO]: Starting test: SecureDeleteFiles AT 20 Apr 24 17:57 BST
[INFO]: Ending test: SecureDeleteFiles AT 20 Apr 24 17:57 BST
[INFO]: Starting test: SecureDeleteFiles AT 21 Apr 24 10:42 BST
[INFO]: Ending test: SecureDeleteFiles AT 21 Apr 24 10:42 BST
[INFO]: Starting test: SecureDeleteFiles AT 21 Apr 24 10:48 BST
[INFO]: Ending test: SecureDeleteFiles AT 21 Apr 24 10:48 BST
[INFO]: Starting test: SecureDeleteFiles AT 21 Apr 24 10:56 BST
[INFO]: Ending test: SecureDeleteFiles AT 21 Apr 24 10:56 BST
[INFO]: Starting test: SecureDeleteFiles AT 21 Apr 24 11:09 BST
[INFO]: Ending test: SecureDeleteFiles AT 21 Apr 24 11:09 BST
[INFO]: Starting test: SecureDeleteFiles AT 21 Apr 24 11:19 BST
[INFO]: Ending test: SecureDeleteFiles AT 21 Apr 24 11:19 BST
[INFO]: Starting test: SecureDeleteFiles AT 21 Apr 24 11:26 BST
[INFO]: Ending test: SecureDeleteFiles AT 21 Apr 24 11:26 BST
[INFO]: Starting test: SecureDeleteFiles AT 21 Apr 24 11:33 BST
[INFO]: Ending test: SecureDeleteFiles AT 21 Apr 24 11:33 BST
[INFO]: Starting test: SecureDeleteFiles AT 21 Apr 24 11:42 BST
[INFO]: Ending test: SecureDeleteFiles AT 21 Apr 24 11:42 BST
[INFO]: Starting test: SecureDeleteFiles AT 21 Apr 24 11:48 BST
[INFO]: Ending test: SecureDeleteFiles AT 21 Apr 24 11:48 BST
[INFO]: Starting test: SecureDeleteFiles AT 21 Apr 24 12:00 BST
[INFO]: Ending test: SecureDeleteFiles AT 21 Apr 24 12:00 BST
[INFO]: Starting test: SecureDeleteFiles AT 21 Apr 24 12:04 BST
[INFO]: Ending test: SecureDeleteFiles AT 21 Apr 24 12:04 BST
[INFO]: Starting test: SecureDeleteFiles AT 21 Apr 24 12:12 BST
[INFO]: Ending test: SecureDeleteFiles AT 21 Apr 24 12:12 BST
[INFO]: Starting test: SecureDeleteFiles AT 21 Apr 24 12:21 BST
[INFO]: Ending test: SecureDeleteFiles AT 21 Apr 24 12:21 BST
[INFO]: Starting test: SecureDeleteFiles AT 21 Apr 24 12:28 BST
[INFO]: Ending test: SecureDeleteFiles AT 21 Apr 24 12:28 BST
[INFO]: Starting test: SecureDeleteFiles AT 21 Apr 24 12:40 BST
[INFO]: Ending test: SecureDeleteFiles AT 21 Apr 24 12:40 BST
[INFO]: Starting test: SecureDeleteFiles AT 21 Apr 24 12:54 BST
[INFO]: Ending test: SecureDeleteFiles AT 21 Apr 24 12:54 BST
[INFO]: Starting test: SecureDeleteFiles AT 21 Apr 24 13:01 BST
[INFO]: Ending test: SecureDeleteFiles AT 21 Apr 24 13:01 BST
[INFO]: Starting test: SecureDeleteFiles AT 21 Apr 24 13:03 BST
[INFO]: Ending test: SecureDeleteFiles AT 21 Apr 24 13:03 BST
[INFO]: Starting test: SecureDeleteFiles AT 21 Apr 24 13:26 BST
[INFO]: Ending test: SecureDeleteFiles AT 21 Apr 24 13:26 BST
[INFO]: Starting test: SecureDeleteFiles AT 21 Apr 24 13:31 BST
[INFO]: Ending test: SecureDeleteFiles AT 21 Apr 24 13:31 BST
[INFO]: Starting test: SecureDeleteFiles AT 21 Apr 24 13:42 BST
[INFO]: Ending test: SecureDeleteFiles AT 21 Apr 24 13:42 BST
[INFO]: Starting test: SecureDeleteFiles AT 21 Apr 24 13:47 BST
[INFO]: Ending test: SecureDeleteFiles AT 21 Apr 24 13:47 BST
[INFO]: Starting test: SecureDeleteFiles AT 21 Apr 24 13:50 BST
[INFO]: Ending test: SecureDeleteFiles AT 21 Apr 24 13:50 BST
[INFO]: Starting test: SecureDeleteFiles AT 21 Apr 24 13:54 BST
[INFO]: Ending test: SecureDeleteFiles AT 21 Apr 24 13:54 BST
[INFO]: Starting test: SecureDeleteFiles AT 21 Apr 24 13:58 BST
[INFO]: Ending test: SecureDeleteFiles AT 21 Apr 24 13:58 BST
[INFO]: Starting test: SecureDeleteFiles AT 21 Apr 24 14:04 BST
[INFO]: Ending test: SecureDeleteFiles AT 21 Apr 24 14:04 BST
[INFO]: Starting test: SecureDeleteFiles AT 21 Apr 24 14:07 BST
[INFO]: Ending test: SecureDeleteFiles AT 21 Apr 24 14:07 BST
[INFO]: Starting test: SecureDeleteFiles AT 21 Apr 24 14:13 BST
[INFO]: Ending test: SecureDeleteFiles AT 21 Apr 24 14:13 BST
[INFO]: Starting test: SecureDeleteFiles AT 21 Apr 24 14:19 BST
[INFO]: Ending test: SecureDeleteFiles AT 21 Apr 24 14:19 BST
[INFO]: Starting test: SecureDeleteFiles AT 21 Apr 24 14:21 BST
[INFO]: Ending test: SecureDeleteFiles AT 21 Apr 24 14:21 BST
[INFO]: Starting test: SecureDeleteFiles AT 21 Apr 24 14:25 BST
[INFO]: Ending test: SecureDeleteFiles AT 21 Apr 24 14:25 BST
[INFO]: Starting test: SecureDeleteFiles AT 21 Apr 24 14:30 BST
[INFO]: Ending test: SecureDeleteFiles AT 21 Apr 24 14:30 BST
[INFO]: Starting test: SecureDeleteFiles AT 21 Apr 24 14:31 BST
[INFO]: Ending test: SecureDeleteFiles AT 21 Apr 24 14:31 BST
[INFO]: Starting test: SecureDeleteFiles AT 21 Apr 24 14:34 BST
[INFO]: Ending test: SecureDeleteFiles AT 21 Apr 24 14:34 BST
[INFO]: Starting test: SecureDeleteFiles AT 21 Apr 24 14:38 BST
[INFO]: Ending test: SecureDeleteFiles AT 21 Apr 24 14:38 BST
[INFO]: Starting test: SecureDeleteFiles AT 21 Apr 24 14:42 BST
[INFO]: Ending test: SecureDeleteFiles AT 21 Apr 24 14:42 BST
[INFO]: Starting test: SecureDeleteFiles AT 21 Apr 24 14:51 BST
[INFO]: Ending test: SecureDeleteFiles AT 21 Apr 24 14:51 BST
[INFO]: Starting test: SecureDeleteFiles AT 21 Apr 24 14:53 BST
[INFO]: Ending test: SecureDeleteFiles AT 21 Apr 24 14:53 BST
[INFO]: Starting test: SecureDeleteFiles AT 21 Apr 24 14:57 BST
[INFO]: Ending test: SecureDeleteFiles AT 21 Apr 24 14:57 BST
[INFO]: Starting test: SecureDeleteFiles AT 21 Apr 24 15:00 BST
[INFO]: Ending test: SecureDeleteFiles AT 21 Apr 24 15:00 BST
[INFO]: Starting test: SecureDeleteFiles AT 21 Apr 24 15:06 BST
[INFO]: Ending test: SecureDeleteFiles AT 21 Apr 24 15:06 BST
[INFO]: Starting test: SecureDeleteFiles AT 21 Apr 24 15:11 BST
[INFO]: Ending test: SecureDeleteFiles AT 21 Apr 24 15:11 BST
