[ERROR]: Access is denied. AT 31 Jan 24 17:46 GMT
[ERROR]: Access is denied. AT 31 Jan 24 17:47 GMT
[ERROR]: Access is denied. AT 31 Jan 24 17:47 GMT
[ERROR]: Access is denied. AT 31 Jan 24 17:47 GMT
[ERROR]: Access is denied. AT 31 Jan 24 17:47 GMT
[ERROR]: Access is denied. AT 31 Jan 24 17:47 GMT
[ERROR]: Access is denied. AT 31 Jan 24 17:47 GMT
[ERROR]: Access is denied. AT 31 Jan 24 17:47 GMT
[ERROR]: Access is denied. AT 31 Jan 24 17:50 GMT
[ERROR]: Access is denied. AT 31 Jan 24 17:50 GMT
[ERROR]: Access is denied. AT 31 Jan 24 17:50 GMT
[ERROR]: Access is denied. AT 31 Jan 24 17:50 GMT
[ERROR]: Access is denied. AT 31 Jan 24 17:50 GMT
[ERROR]: Access is denied. AT 31 Jan 24 17:50 GMT
[ERROR]: Access is denied. AT 31 Jan 24 17:50 GMT
[ERROR]: Access is denied. AT 31 Jan 24 17:50 GMT
[ERROR]: Access is denied. AT 31 Jan 24 17:50 GMT
[ERROR]: Access is denied. AT 31 Jan 24 17:50 GMT
[ERROR]: Access is denied. AT 31 Jan 24 17:50 GMT
[ERROR]: Access is denied. AT 31 Jan 24 17:50 GMT
[ERROR]: Access is denied. AT 31 Jan 24 17:50 GMT
[ERROR]: Access is denied. AT 31 Jan 24 17:50 GMT
[ERROR]: Access is denied. AT 01 Feb 24 09:08 GMT
[ERROR]: Access is denied. AT 01 Feb 24 09:08 GMT
[ERROR]: Access is denied. AT 01 Feb 24 09:08 GMT
[ERROR]: Access is denied. AT 01 Feb 24 09:08 GMT
[ERROR]: Access is denied. AT 01 Feb 24 09:08 GMT
[ERROR]: Access is denied. AT 01 Feb 24 09:08 GMT
[ERROR]: Access is denied. AT 01 Feb 24 09:08 GMT
[ERROR]: Access is denied. AT 01 Feb 24 09:23 GMT
[ERROR]: Access is denied. AT 01 Feb 24 09:23 GMT
[ERROR]: Access is denied. AT 01 Feb 24 09:23 GMT
[ERROR]: Access is denied. AT 01 Feb 24 09:23 GMT
[ERROR]: Access is denied. AT 01 Feb 24 09:23 GMT
[ERROR]: Access is denied. AT 01 Feb 24 09:23 GMT
[ERROR]: Access is denied. AT 01 Feb 24 09:23 GMT
[ERROR]: Access is denied. AT 01 Feb 24 09:24 GMT
[ERROR]: Access is denied. AT 01 Feb 24 09:24 GMT
[ERROR]: Access is denied. AT 01 Feb 24 09:24 GMT
[ERROR]: Access is denied. AT 01 Feb 24 09:24 GMT
[ERROR]: Access is denied. AT 01 Feb 24 09:24 GMT
[ERROR]: Access is denied. AT 01 Feb 24 09:24 GMT
[ERROR]: Access is denied. AT 01 Feb 24 09:24 GMT
[ERROR]: Access is denied. AT 01 Feb 24 09:25 GMT
[ERROR]: Access is denied. AT 01 Feb 24 09:25 GMT
[ERROR]: Access is denied. AT 01 Feb 24 09:25 GMT
[ERROR]: Access is denied. AT 01 Feb 24 09:25 GMT
[ERROR]: Access is denied. AT 01 Feb 24 09:25 GMT
[ERROR]: Access is denied. AT 01 Feb 24 09:25 GMT
[ERROR]: Access is denied. AT 01 Feb 24 09:25 GMT
[ERROR]: Access is denied. AT 01 Feb 24 09:27 GMT
[ERROR]: Access is denied. AT 01 Feb 24 09:27 GMT
[ERROR]: Access is denied. AT 01 Feb 24 09:27 GMT
[ERROR]: Access is denied. AT 01 Feb 24 09:27 GMT
[ERROR]: Access is denied. AT 01 Feb 24 09:27 GMT
[ERROR]: Access is denied. AT 01 Feb 24 09:27 GMT
[ERROR]: Access is denied. AT 01 Feb 24 09:27 GMT
[ERROR]: Access is denied. AT 01 Feb 24 09:28 GMT
[ERROR]: Access is denied. AT 01 Feb 24 09:28 GMT
[ERROR]: Access is denied. AT 01 Feb 24 09:28 GMT
[ERROR]: Access is denied. AT 01 Feb 24 09:28 GMT
[ERROR]: Access is denied. AT 01 Feb 24 09:28 GMT
[ERROR]: Access is denied. AT 01 Feb 24 09:28 GMT
[ERROR]: Access is denied. AT 01 Feb 24 09:28 GMT
[ERROR]: Access is denied. AT 01 Feb 24 09:29 GMT
[ERROR]: Access is denied. AT 01 Feb 24 09:29 GMT
[ERROR]: Access is denied. AT 01 Feb 24 09:29 GMT
[ERROR]: Access is denied. AT 01 Feb 24 09:29 GMT
[ERROR]: Access is denied. AT 01 Feb 24 09:29 GMT
[ERROR]: Access is denied. AT 01 Feb 24 09:29 GMT
[ERROR]: Access is denied. AT 01 Feb 24 09:29 GMT
[ERROR]: Access is denied. AT 01 Feb 24 10:54 GMT
[ERROR]: Access is denied. AT 01 Feb 24 10:54 GMT
[ERROR]: Access is denied. AT 01 Feb 24 10:54 GMT
[ERROR]: Access is denied. AT 01 Feb 24 10:54 GMT
[ERROR]: Access is denied. AT 01 Feb 24 10:54 GMT
[ERROR]: Access is denied. AT 01 Feb 24 10:54 GMT
[ERROR]: Access is denied. AT 01 Feb 24 10:54 GMT
[ERROR]: Access is denied. AT 01 Feb 24 10:55 GMT
[ERROR]: Access is denied. AT 01 Feb 24 10:55 GMT
[ERROR]: Access is denied. AT 01 Feb 24 10:55 GMT
[ERROR]: Access is denied. AT 01 Feb 24 10:55 GMT
[ERROR]: Access is denied. AT 01 Feb 24 10:55 GMT
[ERROR]: Access is denied. AT 01 Feb 24 10:55 GMT
[ERROR]: Access is denied. AT 01 Feb 24 10:55 GMT
[INFO]: Starting test: RegistryKeys AT 15 Feb 24 10:33 GMT
[INFO]: Ending test: RegistryKeys AT 15 Feb 24 10:33 GMT
[INFO]: Starting test: RegistryKeys AT 15 Feb 24 10:46 GMT
[INFO]: Ending test: RegistryKeys AT 15 Feb 24 10:46 GMT
[INFO]: Starting test: RegistryKeys AT 15 Feb 24 11:00 GMT
[INFO]: Ending test: RegistryKeys AT 15 Feb 24 11:00 GMT
[INFO]: Starting test: RegistryKeys AT 15 Feb 24 11:03 GMT
[INFO]: Ending test: RegistryKeys AT 15 Feb 24 11:03 GMT
[INFO]: Starting test: RegistryKeys AT 15 Feb 24 11:07 GMT
[INFO]: Ending test: RegistryKeys AT 15 Feb 24 11:07 GMT
[INFO]: Starting test: RegistryKeys AT 15 Feb 24 11:11 GMT
[INFO]: Ending test: RegistryKeys AT 15 Feb 24 11:11 GMT
[INFO]: Starting test: RegistryKeys AT 15 Feb 24 13:51 GMT
[INFO]: Ending test: RegistryKeys AT 15 Feb 24 13:51 GMT
[INFO]: Starting test: RegistryKeys AT 15 Feb 24 13:53 GMT
[INFO]: Ending test: RegistryKeys AT 15 Feb 24 13:53 GMT
[INFO]: Starting test: RegistryKeys AT 31 Mar 24 18:35 BST
[INFO]: Ending test: RegistryKeys AT 31 Mar 24 18:35 BST
[INFO]: Starting test: RegistryKeys AT 01 Apr 24 18:38 BST
[INFO]: Ending test: RegistryKeys AT 01 Apr 24 18:38 BST
[INFO]: Starting test: RegistryKeys AT 11 Apr 24 11:16 BST
[INFO]: Ending test: RegistryKeys AT 11 Apr 24 11:16 BST
[INFO]: Starting test: RegistryKeys AT 12 Apr 24 09:54 BST
[INFO]: Ending test: RegistryKeys AT 12 Apr 24 09:54 BST
[INFO]: Starting test: RegistryKeys AT 18 Apr 24 16:09 BST
[INFO]: Ending test: RegistryKeys AT 18 Apr 24 16:09 BST
[INFO]: Starting test: RegistryKeys AT 19 Apr 24 13:31 BST
[INFO]: Ending test: RegistryKeys AT 19 Apr 24 13:31 BST
[INFO]: Starting test: RegistryKeys AT 20 Apr 24 16:35 BST
[INFO]: Ending test: RegistryKeys AT 20 Apr 24 16:35 BST
[INFO]: Starting test: RegistryKeys AT 20 Apr 24 16:50 BST
[INFO]: Ending test: RegistryKeys AT 20 Apr 24 16:50 BST
[INFO]: Starting test: RegistryKeys AT 20 Apr 24 16:54 BST
[INFO]: Ending test: RegistryKeys AT 20 Apr 24 16:54 BST
[INFO]: Starting test: RegistryKeys AT 20 Apr 24 17:02 BST
[INFO]: Ending test: RegistryKeys AT 20 Apr 24 17:02 BST
[INFO]: Starting test: RegistryKeys AT 20 Apr 24 17:04 BST
[INFO]: Ending test: RegistryKeys AT 20 Apr 24 17:04 BST
[INFO]: Starting test: RegistryKeys AT 20 Apr 24 17:07 BST
[INFO]: Ending test: RegistryKeys AT 20 Apr 24 17:07 BST
[INFO]: Starting test: RegistryKeys AT 20 Apr 24 17:18 BST
[INFO]: Ending test: RegistryKeys AT 20 Apr 24 17:18 BST
[INFO]: Starting test: RegistryKeys AT 20 Apr 24 17:39 BST
[INFO]: Ending test: RegistryKeys AT 20 Apr 24 17:39 BST
[INFO]: Starting test: RegistryKeys AT 20 Apr 24 17:42 BST
[INFO]: Ending test: RegistryKeys AT 20 Apr 24 17:42 BST
[INFO]: Starting test: RegistryKeys AT 20 Apr 24 17:57 BST
[INFO]: Ending test: RegistryKeys AT 20 Apr 24 17:57 BST
[INFO]: Starting test: RegistryKeys AT 21 Apr 24 10:42 BST
[INFO]: Ending test: RegistryKeys AT 21 Apr 24 10:42 BST
[INFO]: Starting test: RegistryKeys AT 21 Apr 24 10:48 BST
[INFO]: Ending test: RegistryKeys AT 21 Apr 24 10:48 BST
[INFO]: Starting test: RegistryKeys AT 21 Apr 24 10:56 BST
[INFO]: Ending test: RegistryKeys AT 21 Apr 24 10:56 BST
[INFO]: Starting test: RegistryKeys AT 21 Apr 24 11:09 BST
[INFO]: Ending test: RegistryKeys AT 21 Apr 24 11:09 BST
[INFO]: Starting test: RegistryKeys AT 21 Apr 24 11:19 BST
[INFO]: Ending test: RegistryKeys AT 21 Apr 24 11:19 BST
[INFO]: Starting test: RegistryKeys AT 21 Apr 24 11:26 BST
[INFO]: Ending test: RegistryKeys AT 21 Apr 24 11:26 BST
[INFO]: Starting test: RegistryKeys AT 21 Apr 24 11:33 BST
[INFO]: Ending test: RegistryKeys AT 21 Apr 24 11:33 BST
[INFO]: Starting test: RegistryKeys AT 21 Apr 24 11:42 BST
[INFO]: Ending test: RegistryKeys AT 21 Apr 24 11:42 BST
[INFO]: Starting test: RegistryKeys AT 21 Apr 24 11:48 BST
[INFO]: Ending test: RegistryKeys AT 21 Apr 24 11:48 BST
[INFO]: Starting test: RegistryKeys AT 21 Apr 24 12:00 BST
[INFO]: Ending test: RegistryKeys AT 21 Apr 24 12:00 BST
[INFO]: Starting test: RegistryKeys AT 21 Apr 24 12:04 BST
[INFO]: Ending test: RegistryKeys AT 21 Apr 24 12:04 BST
[INFO]: Starting test: RegistryKeys AT 21 Apr 24 12:12 BST
[INFO]: Ending test: RegistryKeys AT 21 Apr 24 12:12 BST
[INFO]: Starting test: RegistryKeys AT 21 Apr 24 12:21 BST
[INFO]: Ending test: RegistryKeys AT 21 Apr 24 12:21 BST
[INFO]: Starting test: RegistryKeys AT 21 Apr 24 12:28 BST
[INFO]: Ending test: RegistryKeys AT 21 Apr 24 12:28 BST
[INFO]: Starting test: RegistryKeys AT 21 Apr 24 12:40 BST
[INFO]: Ending test: RegistryKeys AT 21 Apr 24 12:40 BST
[INFO]: Starting test: RegistryKeys AT 21 Apr 24 12:54 BST
[INFO]: Ending test: RegistryKeys AT 21 Apr 24 12:54 BST
[INFO]: Starting test: RegistryKeys AT 21 Apr 24 13:01 BST
[INFO]: Ending test: RegistryKeys AT 21 Apr 24 13:01 BST
[INFO]: Starting test: RegistryKeys AT 21 Apr 24 13:03 BST
[INFO]: Ending test: RegistryKeys AT 21 Apr 24 13:03 BST
[INFO]: Starting test: RegistryKeys AT 21 Apr 24 13:27 BST
[INFO]: Ending test: RegistryKeys AT 21 Apr 24 13:27 BST
[INFO]: Starting test: RegistryKeys AT 21 Apr 24 13:32 BST
[INFO]: Ending test: RegistryKeys AT 21 Apr 24 13:32 BST
[INFO]: Starting test: RegistryKeys AT 21 Apr 24 13:42 BST
[INFO]: Ending test: RegistryKeys AT 21 Apr 24 13:42 BST
[INFO]: Starting test: RegistryKeys AT 21 Apr 24 13:47 BST
[INFO]: Ending test: RegistryKeys AT 21 Apr 24 13:47 BST
[INFO]: Starting test: RegistryKeys AT 21 Apr 24 13:50 BST
[INFO]: Ending test: RegistryKeys AT 21 Apr 24 13:50 BST
[INFO]: Starting test: RegistryKeys AT 21 Apr 24 13:54 BST
[INFO]: Ending test: RegistryKeys AT 21 Apr 24 13:54 BST
[INFO]: Starting test: RegistryKeys AT 21 Apr 24 13:58 BST
[INFO]: Ending test: RegistryKeys AT 21 Apr 24 13:58 BST
[INFO]: Starting test: RegistryKeys AT 21 Apr 24 14:04 BST
[INFO]: Ending test: RegistryKeys AT 21 Apr 24 14:04 BST
[INFO]: Starting test: RegistryKeys AT 21 Apr 24 14:07 BST
[INFO]: Ending test: RegistryKeys AT 21 Apr 24 14:07 BST
[INFO]: Starting test: RegistryKeys AT 21 Apr 24 14:13 BST
[INFO]: Ending test: RegistryKeys AT 21 Apr 24 14:13 BST
[INFO]: Starting test: RegistryKeys AT 21 Apr 24 14:20 BST
[INFO]: Ending test: RegistryKeys AT 21 Apr 24 14:20 BST
[INFO]: Starting test: RegistryKeys AT 21 Apr 24 14:21 BST
[INFO]: Ending test: RegistryKeys AT 21 Apr 24 14:21 BST
[INFO]: Starting test: RegistryKeys AT 21 Apr 24 14:25 BST
[INFO]: Ending test: RegistryKeys AT 21 Apr 24 14:25 BST
[INFO]: Starting test: RegistryKeys AT 21 Apr 24 14:30 BST
[INFO]: Ending test: RegistryKeys AT 21 Apr 24 14:30 BST
[INFO]: Starting test: RegistryKeys AT 21 Apr 24 14:31 BST
[INFO]: Ending test: RegistryKeys AT 21 Apr 24 14:31 BST
[INFO]: Starting test: RegistryKeys AT 21 Apr 24 14:34 BST
[INFO]: Ending test: RegistryKeys AT 21 Apr 24 14:34 BST
[INFO]: Starting test: RegistryKeys AT 21 Apr 24 14:38 BST
[INFO]: Ending test: RegistryKeys AT 21 Apr 24 14:38 BST
[INFO]: Starting test: RegistryKeys AT 21 Apr 24 14:43 BST
[INFO]: Ending test: RegistryKeys AT 21 Apr 24 14:43 BST
[INFO]: Starting test: RegistryKeys AT 21 Apr 24 14:51 BST
[INFO]: Ending test: RegistryKeys AT 21 Apr 24 14:51 BST
[INFO]: Starting test: RegistryKeys AT 21 Apr 24 14:53 BST
[INFO]: Ending test: RegistryKeys AT 21 Apr 24 14:53 BST
[INFO]: Starting test: RegistryKeys AT 21 Apr 24 14:57 BST
[INFO]: Ending test: RegistryKeys AT 21 Apr 24 14:57 BST
[INFO]: Starting test: RegistryKeys AT 21 Apr 24 15:00 BST
[INFO]: Ending test: RegistryKeys AT 21 Apr 24 15:00 BST
[INFO]: Starting test: RegistryKeys AT 21 Apr 24 15:06 BST
[INFO]: Ending test: RegistryKeys AT 21 Apr 24 15:06 BST
[INFO]: Starting test: RegistryKeys AT 21 Apr 24 15:11 BST
[INFO]: Ending test: RegistryKeys AT 21 Apr 24 15:11 BST
