----------------------------------------------------SYSTEMINFO------------------------------------------------


Host Name:                 DESKTOP-CR6T5VO
OS Name:                   Microsoft Windows 10 Home
OS Version:                10.0.19045 N/A Build 19045
OS Manufacturer:           Microsoft Corporation
OS Configuration:          Standalone Workstation
OS Build Type:             Multiprocessor Free
Registered Owner:          achonikolov2005@gmail.com
Registered Organization:   
Product ID:                00326-10000-00000-AA910
Original Install Date:     15/12/2023, 13:37:09
System Boot Time:          09/02/2024, 08:05:03
System Manufacturer:       innotek GmbH
System Model:              VirtualBox
System Type:               x64-based PC
Processor(s):              1 Processor(s) Installed.
                           [01]: AMD64 Family 23 Model 24 Stepping 1 AuthenticAMD ~2096 Mhz
BIOS Version:              innotek GmbH VirtualBox, 01/12/2006
Windows Directory:         C:\Windows
System Directory:          C:\Windows\system32
Boot Device:               \Device\HarddiskVolume1
System Locale:             en-gb;English (United Kingdom)
Input Locale:              en-gb;English (United Kingdom)
Time Zone:                 (UTC+00:00) Dublin, Edinburgh, Lisbon, London
Total Physical Memory:     4,196 MB
Available Physical Memory: 1,473 MB
Virtual Memory: Max Size:  4,900 MB
Virtual Memory: Available: 1,987 MB
Virtual Memory: In Use:    2,913 MB
Page File Location(s):     C:\pagefile.sys
Domain:                    WORKGROUP
Logon Server:              \\DESKTOP-CR6T5VO
Hotfix(s):                 9 Hotfix(s) Installed.
                           [01]: KB5033918
                           [02]: KB5022502
                           [03]: KB5011048
                           [04]: KB5015684
                           [05]: KB5020683
                           [06]: KB5034122
                           [07]: KB5014032
                           [08]: KB5025315
                           [09]: KB5032907
Network Card(s):           1 NIC(s) Installed.
                           [01]: Intel(R) PRO/1000 MT Desktop Adapter
                                 Connection Name: Ethernet
                                 DHCP Enabled:    Yes
                                 DHCP Server:     10.0.2.2
                                 IP address(es)
                                 [01]: 10.0.2.15
                                 [02]: fe80::28f2:4ecf:83d8:21c3
Hyper-V Requirements:      A hypervisor has been detected. Features required for Hyper-V will not be displayed.
----------------------------------------------------SYSTEMINFOFROMPOWERSHELL------------------------------------------------



WindowsBuildLabEx                                       : 19041.1.amd64fre.vb_release.191206-1406
WindowsCurrentVersion                                   : 6.3
WindowsEditionId                                        : Core
WindowsInstallationType                                 : Client
WindowsInstallDateFromRegistry                          : 15/12/2023 13:37:09
WindowsProductId                                        : 00326-10000-00000-AA910
WindowsProductName                                      : Windows 10 Home
WindowsRegisteredOrganization                           : 
WindowsRegisteredOwner                                  : achonikolov2005@gmail.com
WindowsSystemRoot                                       : C:\Windows
WindowsVersion                                          : 2009
BiosCharacteristics                                     : {4, 7, 15, 16...}
BiosBIOSVersion                                         : {VBOX   - 1}
BiosBuildNumber                                         : 
BiosCaption                                             : Default System BIOS
BiosCodeSet                                             : 
BiosCurrentLanguage                                     : 
BiosDescription                                         : Default System BIOS
BiosEmbeddedControllerMajorVersion                      : 110
BiosEmbeddedControllerMinorVersion                      : 111
BiosFirmwareType                                        : Bios
BiosIdentificationCode                                  : 
BiosInstallableLanguages                                : 
BiosInstallDate                                         : 
BiosLanguageEdition                                     : 
BiosListOfLanguages                                     : 
BiosManufacturer                                        : innotek GmbH
BiosName                                                : Default System BIOS
BiosOtherTargetOS                                       : 
BiosPrimaryBIOS                                         : True
BiosReleaseDate                                         : 01/12/2006 00:00:00
BiosSeralNumber                                         : 0
BiosSMBIOSBIOSVersion                                   : VirtualBox
BiosSMBIOSMajorVersion                                  : 2
BiosSMBIOSMinorVersion                                  : 5
BiosSMBIOSPresent                                       : True
BiosSoftwareElementState                                : Running
BiosStatus                                              : OK
BiosSystemBiosMajorVersion                              : 105
BiosSystemBiosMinorVersion                              : 110
BiosTargetOperatingSystem                               : 0
BiosVersion                                             : VBOX   - 1
CsAdminPasswordStatus                                   : Unknown
CsAutomaticManagedPagefile                              : True
CsAutomaticResetBootOption                              : True
CsAutomaticResetCapability                              : True
CsBootOptionOnLimit                                     : 
CsBootOptionOnWatchDog                                  : 
CsBootROMSupported                                      : True
CsBootStatus                                            : 
CsBootupState                                           : Normal boot
CsCaption                                               : DESKTOP-CR6T5VO
CsChassisBootupState                                    : Safe
CsChassisSKUNumber                                      : 
CsCurrentTimeZone                                       : 0
CsDaylightInEffect                                      : False
CsDescription                                           : AT/AT COMPATIBLE
CsDNSHostName                                           : DESKTOP-CR6T5VO
CsDomain                                                : WORKGROUP
CsDomainRole                                            : StandaloneWorkstation
CsEnableDaylightSavingsTime                             : True
CsFrontPanelResetStatus                                 : Unknown
CsHypervisorPresent                                     : True
CsInfraredSupported                                     : False
CsInitialLoadInfo                                       : 
CsInstallDate                                           : 
CsKeyboardPasswordStatus                                : Unknown
CsLastLoadInfo                                          : 
CsManufacturer                                          : innotek GmbH
CsModel                                                 : VirtualBox
CsName                                                  : DESKTOP-CR6T5VO
CsNetworkAdapters                                       : {Ethernet}
CsNetworkServerModeEnabled                              : True
CsNumberOfLogicalProcessors                             : 3
CsNumberOfProcessors                                    : 1
CsProcessors                                            : {AMD Ryzen 5 3550H with Radeon Vega Mobile Gfx  }
CsOEMStringArray                                        : {vboxVer_7.0.14, vboxRev_161095}
CsPartOfDomain                                          : False
CsPauseAfterReset                                       : -1
CsPCSystemType                                          : Mobile
CsPCSystemTypeEx                                        : Mobile
CsPowerManagementCapabilities                           : 
CsPowerManagementSupported                              : 
CsPowerOnPasswordStatus                                 : Unknown
CsPowerState                                            : Unknown
CsPowerSupplyState                                      : Safe
CsPrimaryOwnerContact                                   : 
CsPrimaryOwnerName                                      : achonikolov2005@gmail.com
CsResetCapability                                       : Other
CsResetCount                                            : -1
CsResetLimit                                            : -1
CsRoles                                                 : {LM_Workstation, LM_Server, NT}
CsStatus                                                : OK
CsSupportContactDescription                             : 
CsSystemFamily                                          : Virtual Machine
CsSystemSKUNumber                                       : 
CsSystemType                                            : x64-based PC
CsThermalState                                          : Safe
CsTotalPhysicalMemory                                   : 4399353856
CsPhyicallyInstalledMemory                              : 
CsUserName                                              : DESKTOP-CR6T5VO\achon
CsWakeUpType                                            : PowerSwitch
CsWorkgroup                                             : WORKGROUP
OsName                                                  : Microsoft Windows 10 Home
OsType                                                  : WINNT
OsOperatingSystemSKU                                    : WindowsHome
OsVersion                                               : 10.0.19045
OsCSDVersion                                            : 
OsBuildNumber                                           : 19045
OsHotFixes                                              : {KB5033918, KB5022502, KB5011048, KB5015684...}
OsBootDevice                                            : \Device\HarddiskVolume1
OsSystemDevice                                          : \Device\HarddiskVolume2
OsSystemDirectory                                       : C:\Windows\system32
OsSystemDrive                                           : C:
OsWindowsDirectory                                      : C:\Windows
OsCountryCode                                           : 44
OsCurrentTimeZone                                       : 0
OsLocaleID                                              : 0809
OsLocale                                                : en-GB
OsLocalDateTime                                         : 09/02/2024 11:40:45
OsLastBootUpTime                                        : 09/02/2024 08:05:03
OsUptime                                                : 03:35:42.7667999
OsBuildType                                             : Multiprocessor Free
OsCodeSet                                               : 1252
OsDataExecutionPreventionAvailable                      : True
OsDataExecutionPrevention32BitApplications              : True
OsDataExecutionPreventionDrivers                        : True
OsDataExecutionPreventionSupportPolicy                  : OptIn
OsDebug                                                 : False
OsDistributed                                           : False
OsEncryptionLevel                                       : 256
OsForegroundApplicationBoost                            : Maximum
OsTotalVisibleMemorySize                                : 4296244
OsFreePhysicalMemory                                    : 1472880
OsTotalVirtualMemorySize                                : 5017140
OsFreeVirtualMemory                                     : 1978988
OsInUseVirtualMemory                                    : 3038152
OsTotalSwapSpaceSize                                    : 
OsSizeStoredInPagingFiles                               : 720896
OsFreeSpaceInPagingFiles                                : 647292
OsPagingFiles                                           : {C:\pagefile.sys}
OsHardwareAbstractionLayer                              : 10.0.19041.3636
OsInstallDate                                           : 15/12/2023 13:37:09
OsManufacturer                                          : Microsoft Corporation
OsMaxNumberOfProcesses                                  : 4294967295
OsMaxProcessMemorySize                                  : 137438953344
OsMuiLanguages                                          : {en-GB}
OsNumberOfLicensedUsers                                 : 0
OsNumberOfProcesses                                     : 135
OsNumberOfUsers                                         : 1
OsOrganization                                          : 
OsArchitecture                                          : 64-bit
OsLanguage                                              : en-GB
OsProductSuites                                         : {TerminalServicesSingleSession, HomeEdition}
OsOtherTypeDescription                                  : 
OsPAEEnabled                                            : 
OsPortableOperatingSystem                               : False
OsPrimary                                               : True
OsProductType                                           : WorkStation
OsRegisteredUser                                        : achonikolov2005@gmail.com
OsSerialNumber                                          : 00326-10000-00000-AA910
OsServicePackMajorVersion                               : 0
OsServicePackMinorVersion                               : 0
OsStatus                                                : OK
OsSuites                                                : {TerminalServices, TerminalServicesSingleSession, 
                                                          HomeEdition}
OsServerLevel                                           : 
KeyboardLayout                                          : en-GB
TimeZone                                                : (UTC+00:00) Dublin, Edinburgh, Lisbon, London
LogonServer                                             : \\DESKTOP-CR6T5VO
PowerPlatformRole                                       : Mobile
HyperVisorPresent                                       : True
HyperVRequirementDataExecutionPreventionAvailable       : 
HyperVRequirementSecondLevelAddressTranslation          : 
HyperVRequirementVirtualizationFirmwareEnabled          : 
HyperVRequirementVMMonitorModeExtensions                : 
DeviceGuardSmartStatus                                  : Off
DeviceGuardRequiredSecurityProperties                   : 
DeviceGuardAvailableSecurityProperties                  : 
DeviceGuardSecurityServicesConfigured                   : 
DeviceGuardSecurityServicesRunning                      : 
DeviceGuardCodeIntegrityPolicyEnforcementStatus         : 
DeviceGuardUserModeCodeIntegrityPolicyEnforcementStatus : 



----------------------------------------------------TASKLIST------------------------------------------------


Image Name                     PID Session Name        Session#    Mem Usage
========================= ======== ================ =========== ============
System Idle Process              0 Services                   0          8 K
System                           4 Services                   0        148 K
Registry                       100 Services                   0     78,032 K
smss.exe                       348 Services                   0      1,056 K
csrss.exe                      444 Services                   0      5,268 K
wininit.exe                    520 Services                   0      6,588 K
csrss.exe                      528 Console                    1      5,636 K
winlogon.exe                   620 Console                    1     12,112 K
services.exe                   664 Services                   0      9,472 K
lsass.exe                      684 Services                   0     21,028 K
svchost.exe                    792 Services                   0     31,876 K
fontdrvhost.exe                804 Services                   0      3,188 K
fontdrvhost.exe                812 Console                    1      3,996 K
svchost.exe                    916 Services                   0     14,048 K
svchost.exe                    964 Services                   0      8,152 K
dwm.exe                        376 Console                    1     73,012 K
svchost.exe                   1048 Services                   0      5,972 K
svchost.exe                   1056 Services                   0      5,216 K
svchost.exe                   1108 Services                   0      9,820 K
svchost.exe                   1128 Services                   0     11,848 K
svchost.exe                   1136 Services                   0     15,176 K
svchost.exe                   1248 Services                   0     13,500 K
svchost.exe                   1292 Services                   0     15,348 K
svchost.exe                   1340 Services                   0      6,856 K
svchost.exe                   1392 Services                   0     10,988 K
svchost.exe                   1460 Services                   0      6,932 K
svchost.exe                   1524 Services                   0      7,144 K
svchost.exe                   1692 Services                   0     10,620 K
svchost.exe                   1728 Services                   0     73,240 K
svchost.exe                   1744 Services                   0      7,620 K
svchost.exe                   1752 Services                   0      5,944 K
Memory Compression            1828 Services                   0     83,516 K
svchost.exe                   1848 Services                   0      8,144 K
svchost.exe                   1868 Services                   0      9,452 K
svchost.exe                   1900 Services                   0      7,760 K
svchost.exe                   1908 Services                   0      7,480 K
svchost.exe                   1988 Services                   0      7,800 K
svchost.exe                   1888 Services                   0     11,204 K
svchost.exe                   2184 Services                   0      7,632 K
svchost.exe                   2196 Services                   0     10,460 K
svchost.exe                   2228 Services                   0      8,980 K
svchost.exe                   2256 Services                   0     14,748 K
svchost.exe                   2300 Services                   0     12,272 K
spoolsv.exe                   2448 Services                   0     13,076 K
svchost.exe                   2504 Services                   0     13,856 K
svchost.exe                   2584 Services                   0      7,824 K
svchost.exe                   2820 Services                   0     13,588 K
svchost.exe                   2828 Services                   0     32,644 K
svchost.exe                   2836 Services                   0     31,996 K
svchost.exe                   2852 Services                   0     20,180 K
IpOverUsbSvc.exe              2880 Services                   0     12,736 K
svchost.exe                   2940 Services                   0      6,368 K
svchost.exe                   2952 Services                   0      9,056 K
svchost.exe                   2988 Services                   0      5,536 K
MsMpEng.exe                   3000 Services                   0    286,236 K
svchost.exe                   3012 Services                   0     19,292 K
svchost.exe                   3032 Services                   0     10,140 K
svchost.exe                   3056 Services                   0      5,388 K
svchost.exe                   3264 Services                   0     12,068 K
svchost.exe                   3556 Services                   0      7,868 K
svchost.exe                   3640 Services                   0      8,016 K
svchost.exe                   3732 Services                   0      9,516 K
SearchIndexer.exe             3984 Services                   0     42,456 K
svchost.exe                   3976 Services                   0     14,576 K
svchost.exe                   4316 Services                   0     19,840 K
NisSrv.exe                    4440 Services                   0      9,116 K
svchost.exe                   4924 Services                   0     16,420 K
svchost.exe                   5000 Services                   0     17,376 K
svchost.exe                   5112 Services                   0     11,320 K
SgrmBroker.exe                1776 Services                   0      6,960 K
svchost.exe                   4652 Services                   0     22,508 K
svchost.exe                   3932 Services                   0     10,144 K
svchost.exe                   2308 Services                   0     12,696 K
svchost.exe                   4128 Services                   0      6,196 K
svchost.exe                   2056 Services                   0      7,776 K
svchost.exe                   1564 Services                   0     12,064 K
svchost.exe                    892 Services                   0      9,064 K
SecurityHealthService.exe     3916 Services                   0     14,316 K
svchost.exe                   4540 Services                   0      7,068 K
sihost.exe                    4936 Console                    1     25,108 K
svchost.exe                   2108 Console                    1     28,220 K
svchost.exe                   3232 Console                    1     34,988 K
taskhostw.exe                 1412 Console                    1      9,456 K
svchost.exe                   4204 Services                   0      7,792 K
ctfmon.exe                    3308 Console                    1     19,604 K
explorer.exe                  4572 Console                    1    144,396 K
svchost.exe                   4920 Console                    1     20,144 K
dllhost.exe                   1736 Console                    1     16,100 K
StartMenuExperienceHost.e     5180 Console                    1     59,132 K
RuntimeBroker.exe             5292 Console                    1     25,260 K
SearchApp.exe                 5452 Console                    1     97,924 K
RuntimeBroker.exe             5940 Console                    1     40,260 K
RuntimeBroker.exe             3480 Console                    1     33,640 K
TextInputHost.exe             6296 Console                    1     36,368 K
dllhost.exe                   6464 Console                    1     12,340 K
Code.exe                      6864 Console                    1     88,856 K
Code.exe                      6940 Console                    1     27,380 K
Code.exe                      7064 Console                    1     54,044 K
Code.exe                      7072 Console                    1     39,652 K
Code.exe                      7120 Console                    1    211,588 K
Code.exe                      6212 Console                    1     92,340 K
Code.exe                      4968 Console                    1     78,044 K
Code.exe                      7180 Console                    1     74,784 K
SecurityHealthSystray.exe     7676 Console                    1      9,080 K
gopls.exe                     8716 Console                    1     84,028 K
conhost.exe                   1216 Console                    1      5,260 K
svchost.exe                   7988 Services                   0      7,924 K
PhoneExperienceHost.exe       4144 Console                    1    125,332 K
RuntimeBroker.exe             4344 Console                    1     13,068 K
svchost.exe                   8840 Console                    1     12,076 K
SystemSettings.exe            1068 Console                    1      2,148 K
ApplicationFrameHost.exe      4432 Console                    1     23,788 K
UserOOBEBroker.exe            3184 Console                    1      9,416 K
SearchApp.exe                  932 Console                    1     77,508 K
msedge.exe                    8388 Console                    1    176,376 K
msedge.exe                    6568 Console                    1      7,880 K
msedge.exe                    8556 Console                    1     40,288 K
msedge.exe                    9060 Console                    1     43,432 K
msedge.exe                    5476 Console                    1     18,436 K
msedge.exe                    7080 Console                    1    150,720 K
msedge.exe                    6196 Console                    1    121,592 K
svchost.exe                   8772 Services                   0      8,016 K
msedge.exe                    7584 Console                    1     24,912 K
msedge.exe                    8780 Console                    1     17,868 K
msedge.exe                    5352 Console                    1     29,096 K
svchost.exe                   4692 Services                   0      7,396 K
cmd.exe                       7480 Console                    1      4,540 K
conhost.exe                   4168 Console                    1     21,216 K
WmiPrvSE.exe                  8504 Services                   0     17,060 K
WmiPrvSE.exe                  8732 Services                   0     10,344 K
TrustedInstaller.exe          9180 Services                   0      7,504 K
TiWorker.exe                  5852 Services                   0     11,284 K
svchost.exe                   6812 Services                   0     12,052 K
GetSysInfo.exe                2524 Console                    1      5,220 K
svchost.exe                   8348 Services                   0      6,700 K
tasklist.exe                  5500 Console                    1      9,064 K
----------------------------------------------------NETSTAT------------------------------------------------


Active Connections

  Proto  Local Address          Foreign Address        State
  TCP    0.0.0.0:135            DESKTOP-CR6T5VO:0      LISTENING
  TCP    0.0.0.0:445            DESKTOP-CR6T5VO:0      LISTENING
  TCP    0.0.0.0:5040           DESKTOP-CR6T5VO:0      LISTENING
  TCP    0.0.0.0:7680           DESKTOP-CR6T5VO:0      LISTENING
  TCP    0.0.0.0:49664          DESKTOP-CR6T5VO:0      LISTENING
  TCP    0.0.0.0:49665          DESKTOP-CR6T5VO:0      LISTENING
  TCP    0.0.0.0:49666          DESKTOP-CR6T5VO:0      LISTENING
  TCP    0.0.0.0:49667          DESKTOP-CR6T5VO:0      LISTENING
  TCP    0.0.0.0:49668          DESKTOP-CR6T5VO:0      LISTENING
  TCP    0.0.0.0:49669          DESKTOP-CR6T5VO:0      LISTENING
  TCP    10.0.2.15:139          DESKTOP-CR6T5VO:0      LISTENING
  TCP    10.0.2.15:49964        204.79.197.239:https   FIN_WAIT_2
  TCP    10.0.2.15:50038        20.199.120.151:https   ESTABLISHED
  TCP    10.0.2.15:50230        a88-221-92-170:https   CLOSE_WAIT
  TCP    10.0.2.15:50237        52.178.17.233:https    ESTABLISHED
  TCP    10.0.2.15:50238        a88-221-92-161:https   CLOSE_WAIT
  TCP    [::]:135               DESKTOP-CR6T5VO:0      LISTENING
  TCP    [::]:445               DESKTOP-CR6T5VO:0      LISTENING
  TCP    [::]:7680              DESKTOP-CR6T5VO:0      LISTENING
  TCP    [::]:49664             DESKTOP-CR6T5VO:0      LISTENING
  TCP    [::]:49665             DESKTOP-CR6T5VO:0      LISTENING
  TCP    [::]:49666             DESKTOP-CR6T5VO:0      LISTENING
  TCP    [::]:49667             DESKTOP-CR6T5VO:0      LISTENING
  TCP    [::]:49668             DESKTOP-CR6T5VO:0      LISTENING
  TCP    [::]:49669             DESKTOP-CR6T5VO:0      LISTENING
  UDP    0.0.0.0:5050           *:*                    
  UDP    0.0.0.0:5353           *:*                    
  UDP    0.0.0.0:5353           *:*                    
  UDP    0.0.0.0:5353           *:*                    
  UDP    0.0.0.0:5355           *:*                    
  UDP    10.0.2.15:137          *:*                    
  UDP    10.0.2.15:138          *:*                    
  UDP    10.0.2.15:1900         *:*                    
  UDP    10.0.2.15:57115        *:*                    
  UDP    127.0.0.1:1900         *:*                    
  UDP    127.0.0.1:54599        *:*                    
  UDP    127.0.0.1:57116        *:*                    
  UDP    [::]:5353              *:*                    
  UDP    [::]:5353              *:*                    
  UDP    [::]:5355              *:*                    
  UDP    [::1]:1900             *:*                    
  UDP    [::1]:57114            *:*                    
  UDP    [fe80::28f2:4ecf:83d8:21c3%7]:1900  *:*                    
  UDP    [fe80::28f2:4ecf:83d8:21c3%7]:57113  *:*                    
----------------------------------------------------PORTOCOLSTATISTICS------------------------------------------------


IPv4 Statistics

  Packets Received                   = 23629
  Received Header Errors             = 0
  Received Address Errors            = 0
  Datagrams Forwarded                = 0
  Unknown Protocols Received         = 60
  Received Packets Discarded         = 58
  Received Packets Delivered         = 24002
  Output Requests                    = 13779
  Routing Discards                   = 0
  Discarded Output Packets           = 0
  Output Packet No Route             = 5
  Reassembly Required                = 0
  Reassembly Successful              = 0
  Reassembly Failures                = 0
  Datagrams Successfully Fragmented  = 0
  Datagrams Failing Fragmentation    = 0
  Fragments Created                  = 0

IPv6 Statistics

  Packets Received                   = 0
  Received Header Errors             = 0
  Received Address Errors            = 0
  Datagrams Forwarded                = 0
  Unknown Protocols Received         = 0
  Received Packets Discarded         = 0
  Received Packets Delivered         = 30
  Output Requests                    = 61
  Routing Discards                   = 0
  Discarded Output Packets           = 0
  Output Packet No Route             = 0
  Reassembly Required                = 0
  Reassembly Successful              = 0
  Reassembly Failures                = 0
  Datagrams Successfully Fragmented  = 0
  Datagrams Failing Fragmentation    = 0
  Fragments Created                  = 0

ICMPv4 Statistics

                            Received    Sent
  Messages                  60          31        
  Errors                    0           0         
  Destination Unreachable   60          31        
  Time Exceeded             0           0         
  Parameter Problems        0           0         
  Source Quenches           0           0         
  Redirects                 0           0         
  Echo Replies              0           0         
  Echos                     0           0         
  Timestamps                0           0         
  Timestamp Replies         0           0         
  Address Masks             0           0         
  Address Mask Replies      0           0         
  Router Solicitations      0           0         
  Router Advertisements     0           0         

ICMPv6 Statistics

                            Received    Sent
  Messages                  0           5         
  Errors                    0           0         
  Destination Unreachable   0           0         
  Packet Too Big            0           0         
  Time Exceeded             0           0         
  Parameter Problems        0           0         
  Echos                     0           0         
  Echo Replies              0           0         
  MLD Queries               0           0         
  MLD Reports               0           0         
  MLD Dones                 0           0         
  Router Solicitations      0           3         
  Router Advertisements     0           0         
  Neighbor Solicitations    0           1         
  Neighbor Advertisements   0           1         
  Redirects                 0           0         
  Router Renumberings       0           0         

TCP Statistics for IPv4

  Active Opens                        = 563
  Passive Opens                       = 0
  Failed Connection Attempts          = 49
  Reset Connections                   = 215
  Current Connections                 = 4
  Segments Received                   = 18115
  Segments Sent                       = 10409
  Segments Retransmitted              = 246

TCP Statistics for IPv6

  Active Opens                        = 6
  Passive Opens                       = 0
  Failed Connection Attempts          = 6
  Reset Connections                   = 0
  Current Connections                 = 0
  Segments Received                   = 36
  Segments Sent                       = 24
  Segments Retransmitted              = 12

UDP Statistics for IPv4

  Datagrams Received    = 5460
  No Ports              = 60
  Receive Errors        = 0
  Datagrams Sent        = 2471

UDP Statistics for IPv6

  Datagrams Received    = 12
  No Ports              = 0
  Receive Errors        = 0
  Datagrams Sent        = 19
----------------------------------------------------IPCONFIG------------------------------------------------


Windows IP Configuration

   Host Name . . . . . . . . . . . . : DESKTOP-CR6T5VO
   Primary Dns Suffix  . . . . . . . : 
   Node Type . . . . . . . . . . . . : Hybrid
   IP Routing Enabled. . . . . . . . : No
   WINS Proxy Enabled. . . . . . . . : No
   DNS Suffix Search List. . . . . . : .

Ethernet adapter Ethernet:

   Connection-specific DNS Suffix  . : .
   Description . . . . . . . . . . . : Intel(R) PRO/1000 MT Desktop Adapter
   Physical Address. . . . . . . . . : 08-00-27-3D-86-25
   DHCP Enabled. . . . . . . . . . . : Yes
   Autoconfiguration Enabled . . . . : Yes
   Link-local IPv6 Address . . . . . : fe80::28f2:4ecf:83d8:21c3%7(Preferred) 
   IPv4 Address. . . . . . . . . . . : 10.0.2.15(Preferred) 
   Subnet Mask . . . . . . . . . . . : 255.255.255.0
   Lease Obtained. . . . . . . . . . : 09 February 2024 10:05:10
   Lease Expires . . . . . . . . . . : 10 February 2024 08:05:12
   Default Gateway . . . . . . . . . : 10.0.2.2
   DHCP Server . . . . . . . . . . . : 10.0.2.2
   DHCPv6 IAID . . . . . . . . . . . : 101187623
   DHCPv6 Client DUID. . . . . . . . : 00-01-00-01-2D-0E-2A-81-08-00-27-3D-86-25
   DNS Servers . . . . . . . . . . . : 10.0.2.3
   NetBIOS over Tcpip. . . . . . . . : Enabled
----------------------------------------------------NetBIOS------------------------------------------------

    
Ethernet:
Node IpAddress: [10.0.2.15] Scope Id: []

    No Connections
