[INFO]: Starting test: DefenseEnvasion AT 27 Jan 24 17:51 EET
[INFO]: Ending test: DefenseEnvasion AT 27 Jan 24 17:51 EET
[INFO]: Starting test: DefenseEnvasion AT 27 Jan 24 17:51 EET
[INFO]: Ending test: DefenseEnvasion AT 27 Jan 24 17:51 EET
[INFO]: Starting test: DefenseEnvasion AT 27 Jan 24 17:51 EET
[INFO]: Ending test: DefenseEnvasion AT 27 Jan 24 17:51 EET
[INFO]: Starting test: DefenseEnvasion AT 27 Jan 24 17:52 EET
[INFO]: Ending test: DefenseEnvasion AT 27 Jan 24 17:52 EET
[INFO]: Starting test: DefenseEnvasion AT 27 Jan 24 17:55 EET
[INFO]: Ending test: DefenseEnvasion AT 27 Jan 24 17:55 EET
[INFO]: Starting test: DefenseEnvasion AT 27 Jan 24 17:56 EET
[INFO]: Ending test: DefenseEnvasion AT 27 Jan 24 17:56 EET
[INFO]: Starting test: DefenseEnvasion AT 27 Jan 24 17:56 EET
[INFO]: Ending test: DefenseEnvasion AT 27 Jan 24 17:56 EET
[INFO]: Starting test: DefenseEnvasion AT 27 Jan 24 17:56 EET
[INFO]: Ending test: DefenseEnvasion AT 27 Jan 24 17:56 EET
[INFO]: Starting test: DefenseEnvasion AT 27 Jan 24 17:57 EET
[INFO]: Ending test: DefenseEnvasion AT 27 Jan 24 17:57 EET
[INFO]: Starting test: DefenseEnvasion AT 15 Feb 24 11:27 GMT
[INFO]: Starting test: DefenseEnvasion AT 15 Feb 24 11:27 GMT
[INFO]: Starting test: DefenseEnvasion AT 15 Feb 24 15:00 GMT
[ERROR]:  AT 15 Feb 24 15:00 GMT
[INFO]: Starting test: DefenseEnvasion AT 19 Apr 24 13:33 BST
[INFO]: Ending test: DefenseEnvasion AT 19 Apr 24 13:33 BST
[INFO]: Starting test: DefenseEnvasion AT 20 Apr 24 16:36 BST
[ERROR]:  AT 20 Apr 24 16:36 BST
[INFO]: Starting test: DefenseEnvasion AT 20 Apr 24 16:52 BST
[ERROR]:  AT 20 Apr 24 16:52 BST
[INFO]: Starting test: DefenseEnvasion AT 20 Apr 24 16:56 BST
[ERROR]:  AT 20 Apr 24 16:56 BST
[INFO]: Starting test: DefenseEnvasion AT 20 Apr 24 17:03 BST
[ERROR]:  AT 20 Apr 24 17:03 BST
[INFO]: Starting test: DefenseEnvasion AT 20 Apr 24 17:05 BST
[ERROR]:  AT 20 Apr 24 17:06 BST
[INFO]: Starting test: DefenseEnvasion AT 20 Apr 24 17:08 BST
[ERROR]:  AT 20 Apr 24 17:08 BST
[INFO]: Starting test: DefenseEnvasion AT 20 Apr 24 17:20 BST
[ERROR]:  AT 20 Apr 24 17:20 BST
[INFO]: Starting test: DefenseEnvasion AT 20 Apr 24 17:40 BST
[ERROR]:  AT 20 Apr 24 17:40 BST
[INFO]: Starting test: DefenseEnvasion AT 20 Apr 24 17:44 BST
[ERROR]:  AT 20 Apr 24 17:44 BST
[INFO]: Starting test: DefenseEnvasion AT 20 Apr 24 17:58 BST
[ERROR]:  AT 20 Apr 24 17:58 BST
[INFO]: Starting test: DefenseEnvasion AT 21 Apr 24 10:44 BST
[ERROR]:  AT 21 Apr 24 10:44 BST
[INFO]: Starting test: DefenseEnvasion AT 21 Apr 24 10:49 BST
[ERROR]:  AT 21 Apr 24 10:49 BST
[INFO]: Starting test: DefenseEnvasion AT 21 Apr 24 10:57 BST
[ERROR]:  AT 21 Apr 24 10:57 BST
[INFO]: Starting test: DefenseEnvasion AT 21 Apr 24 11:12 BST
[ERROR]:  AT 21 Apr 24 11:12 BST
[INFO]: Starting test: DefenseEnvasion AT 21 Apr 24 11:20 BST
[ERROR]:  AT 21 Apr 24 11:20 BST
[INFO]: Starting test: DefenseEnvasion AT 21 Apr 24 11:27 BST
[ERROR]:  AT 21 Apr 24 11:27 BST
[INFO]: Starting test: DefenseEnvasion AT 21 Apr 24 11:34 BST
[ERROR]:  AT 21 Apr 24 11:34 BST
[INFO]: Starting test: DefenseEnvasion AT 21 Apr 24 11:43 BST
[ERROR]:  AT 21 Apr 24 11:43 BST
[INFO]: Starting test: DefenseEnvasion AT 21 Apr 24 11:52 BST
[ERROR]:  AT 21 Apr 24 11:52 BST
[INFO]: Starting test: DefenseEnvasion AT 21 Apr 24 12:02 BST
[ERROR]:  AT 21 Apr 24 12:02 BST
[INFO]: Starting test: DefenseEnvasion AT 21 Apr 24 12:06 BST
[ERROR]:  AT 21 Apr 24 12:06 BST
[INFO]: Starting test: DefenseEnvasion AT 21 Apr 24 12:13 BST
[ERROR]:  AT 21 Apr 24 12:13 BST
[INFO]: Starting test: DefenseEnvasion AT 21 Apr 24 12:24 BST
[ERROR]:  AT 21 Apr 24 12:24 BST
[INFO]: Starting test: DefenseEnvasion AT 21 Apr 24 12:29 BST
[ERROR]:  AT 21 Apr 24 12:29 BST
[INFO]: Starting test: DefenseEnvasion AT 21 Apr 24 12:41 BST
[ERROR]:  AT 21 Apr 24 12:41 BST
[INFO]: Starting test: DefenseEnvasion AT 21 Apr 24 12:55 BST
[ERROR]:  AT 21 Apr 24 12:55 BST
[INFO]: Starting test: DefenseEnvasion AT 21 Apr 24 13:01 BST
[ERROR]:  AT 21 Apr 24 13:01 BST
[INFO]: Starting test: DefenseEnvasion AT 21 Apr 24 13:03 BST
[ERROR]:  AT 21 Apr 24 13:03 BST
[INFO]: Starting test: DefenseEnvasion AT 21 Apr 24 13:28 BST
[ERROR]:  AT 21 Apr 24 13:28 BST
[INFO]: Starting test: DefenseEnvasion AT 21 Apr 24 13:32 BST
[ERROR]:  AT 21 Apr 24 13:33 BST
[INFO]: Starting test: DefenseEnvasion AT 21 Apr 24 13:42 BST
[ERROR]:  AT 21 Apr 24 13:42 BST
[INFO]: Starting test: DefenseEnvasion AT 21 Apr 24 13:47 BST
[ERROR]:  AT 21 Apr 24 13:47 BST
[INFO]: Starting test: DefenseEnvasion AT 21 Apr 24 13:50 BST
[ERROR]:  AT 21 Apr 24 13:50 BST
[INFO]: Starting test: DefenseEnvasion AT 21 Apr 24 13:54 BST
[ERROR]:  AT 21 Apr 24 13:54 BST
[INFO]: Starting test: DefenseEnvasion AT 21 Apr 24 13:58 BST
[ERROR]:  AT 21 Apr 24 13:58 BST
[INFO]: Starting test: DefenseEnvasion AT 21 Apr 24 14:04 BST
[ERROR]:  AT 21 Apr 24 14:04 BST
[INFO]: Starting test: DefenseEnvasion AT 21 Apr 24 14:07 BST
[ERROR]:  AT 21 Apr 24 14:07 BST
[INFO]: Starting test: DefenseEnvasion AT 21 Apr 24 14:13 BST
[ERROR]:  AT 21 Apr 24 14:13 BST
[INFO]: Starting test: DefenseEnvasion AT 21 Apr 24 14:20 BST
[ERROR]:  AT 21 Apr 24 14:20 BST
[INFO]: Starting test: DefenseEnvasion AT 21 Apr 24 14:21 BST
[ERROR]:  AT 21 Apr 24 14:21 BST
[INFO]: Starting test: DefenseEnvasion AT 21 Apr 24 14:25 BST
[ERROR]:  AT 21 Apr 24 14:25 BST
[INFO]: Starting test: DefenseEnvasion AT 21 Apr 24 14:30 BST
[ERROR]:  AT 21 Apr 24 14:30 BST
[INFO]: Starting test: DefenseEnvasion AT 21 Apr 24 14:31 BST
[ERROR]:  AT 21 Apr 24 14:31 BST
[INFO]: Starting test: DefenseEnvasion AT 21 Apr 24 14:34 BST
[ERROR]:  AT 21 Apr 24 14:34 BST
[INFO]: Starting test: DefenseEnvasion AT 21 Apr 24 14:38 BST
[ERROR]:  AT 21 Apr 24 14:38 BST
[INFO]: Starting test: DefenseEnvasion AT 21 Apr 24 14:43 BST
[ERROR]:  AT 21 Apr 24 14:43 BST
[INFO]: Starting test: DefenseEnvasion AT 21 Apr 24 14:51 BST
[ERROR]:  AT 21 Apr 24 14:51 BST
[INFO]: Starting test: DefenseEnvasion AT 21 Apr 24 14:53 BST
[ERROR]:  AT 21 Apr 24 14:53 BST
[INFO]: Starting test: DefenseEnvasion AT 21 Apr 24 14:57 BST
[ERROR]:  AT 21 Apr 24 14:57 BST
[INFO]: Starting test: DefenseEnvasion AT 21 Apr 24 15:00 BST
[ERROR]:  AT 21 Apr 24 15:00 BST
[INFO]: Starting test: DefenseEnvasion AT 21 Apr 24 15:06 BST
[ERROR]:  AT 21 Apr 24 15:06 BST
[INFO]: Starting test: DefenseEnvasion AT 21 Apr 24 15:11 BST
[ERROR]:  AT 21 Apr 24 15:11 BST
