[ERROR]: exit status 1 AT 08 Feb 24 09:31 GMT
[ERROR]: open C:\Windows\System32\devobj.dll: Access is denied. AT 08 Feb 24 09:45 GMT
[ERROR]: open C:\Windows\System32\devobj.dll: Access is denied. AT 08 Feb 24 10:13 GMT
[ERROR]: open C:\Windows\System32\devobj.dll: Access is denied. AT 09 Feb 24 13:10 GMT
[ERROR]: open C:\Windows\System32\devobj.dll: Access is denied. AT 09 Feb 24 13:12 GMT
[ERROR]: open C:\Windows\System32\devobj.dll: Access is denied. AT 09 Feb 24 13:14 GMT
[ERROR]: open C:\Windows\System32\devobj.dll: Access is denied. AT 12 Feb 24 11:31 GMT
[ERROR]: open C:\Windows\System32\devobj.dll: Access is denied. AT 12 Feb 24 11:34 GMT
[ERROR]: open C:\Windows\System32\devobj.dll: Access is denied. AT 12 Feb 24 11:37 GMT
[ERROR]: open C:\Windows\System32\devobj.dll: Access is denied. AT 12 Feb 24 11:38 GMT
[ERROR]: open C:\Windows\System32\devobj.dll: Access is denied. AT 12 Feb 24 11:40 GMT
[INFO]: Starting test: DLLSideLoading AT 14 Feb 24 15:19 GMT
[ERROR]: exit status 1 AT 14 Feb 24 15:19 GMT
[ERROR]: open C:\Windows\System32\devobj.dll: Access is denied. AT 14 Feb 24 15:19 GMT
[ERROR]: exit status 1 AT 14 Feb 24 15:19 GMT
[ERROR]: exit status 1 AT 14 Feb 24 15:19 GMT
[ERROR]: exit status 1 AT 14 Feb 24 15:19 GMT
[ERROR]: exit status 1 AT 14 Feb 24 15:19 GMT
[ERROR]: exit status 1 AT 14 Feb 24 15:19 GMT
[INFO]: Ending test: DLLSideLoading AT 14 Feb 24 15:19 GMT
[INFO]: Starting test: DLLSideLoading AT 14 Feb 24 15:49 GMT
[ERROR]: exit status 1 AT 14 Feb 24 15:49 GMT
[ERROR]: open C:\Windows\System32\devobj.dll: Access is denied. AT 14 Feb 24 15:49 GMT
[ERROR]: exit status 1 AT 14 Feb 24 15:49 GMT
[ERROR]: exit status 1 AT 14 Feb 24 15:49 GMT
[ERROR]: exit status 1 AT 14 Feb 24 15:49 GMT
[ERROR]: exit status 1 AT 14 Feb 24 15:49 GMT
[ERROR]: exit status 1 AT 14 Feb 24 15:49 GMT
[INFO]: Ending test: DLLSideLoading AT 14 Feb 24 15:49 GMT
[INFO]: Starting test: DLLSideLoading AT 14 Feb 24 15:54 GMT
[ERROR]: exit status 1 AT 14 Feb 24 15:54 GMT
[ERROR]: open C:\Windows\System32\devobj.dll: Access is denied. AT 14 Feb 24 15:54 GMT
[ERROR]: exit status 1 AT 14 Feb 24 15:54 GMT
[ERROR]: exit status 1 AT 14 Feb 24 15:54 GMT
[ERROR]: exit status 1 AT 14 Feb 24 15:54 GMT
[ERROR]: exit status 1 AT 14 Feb 24 15:54 GMT
[ERROR]: exit status 1 AT 14 Feb 24 15:54 GMT
[INFO]: Ending test: DLLSideLoading AT 14 Feb 24 15:54 GMT
[INFO]: Starting test: DLLSideLoading AT 14 Feb 24 16:00 GMT
[ERROR]: exit status 1 AT 14 Feb 24 16:01 GMT
[ERROR]: open C:\Windows\System32\devobj.dll: Access is denied. AT 14 Feb 24 16:01 GMT
[ERROR]: exit status 1 AT 14 Feb 24 16:01 GMT
[ERROR]: exit status 1 AT 14 Feb 24 16:01 GMT
[ERROR]: exit status 1 AT 14 Feb 24 16:01 GMT
[ERROR]: exit status 1 AT 14 Feb 24 16:01 GMT
[ERROR]: exit status 1 AT 14 Feb 24 16:01 GMT
[ERROR]: Access is denied. AT 14 Feb 24 16:01 GMT
[ERROR]: The handle is invalid. AT 14 Feb 24 16:01 GMT
[INFO]: Starting test: DLLSideLoading AT 14 Feb 24 16:08 GMT
[ERROR]: exit status 1 AT 14 Feb 24 16:08 GMT
[ERROR]: open C:\Windows\System32\devobj.dll: Access is denied. AT 14 Feb 24 16:08 GMT
[ERROR]: exit status 1 AT 14 Feb 24 16:08 GMT
[ERROR]: exit status 1 AT 14 Feb 24 16:08 GMT
[ERROR]: exit status 1 AT 14 Feb 24 16:08 GMT
[ERROR]: exit status 1 AT 14 Feb 24 16:08 GMT
[ERROR]: exit status 1 AT 14 Feb 24 16:08 GMT
[ERROR]: Access is denied. AT 14 Feb 24 16:08 GMT
[ERROR]: The handle is invalid. AT 14 Feb 24 16:08 GMT
[INFO]: Starting test: DLLSideLoading AT 14 Feb 24 16:12 GMT
[ERROR]: exit status 1 AT 14 Feb 24 16:12 GMT
[ERROR]: open C:\Windows\System32\devobj.dll: Access is denied. AT 14 Feb 24 16:12 GMT
[ERROR]: exit status 1 AT 14 Feb 24 16:12 GMT
[ERROR]: exit status 1 AT 14 Feb 24 16:12 GMT
[ERROR]: exit status 1 AT 14 Feb 24 16:12 GMT
[ERROR]: exit status 1 AT 14 Feb 24 16:12 GMT
[ERROR]: exit status 1 AT 14 Feb 24 16:12 GMT
[ERROR]: Access is denied. AT 14 Feb 24 16:12 GMT
[ERROR]: The handle is invalid. AT 14 Feb 24 16:12 GMT
[INFO]: Starting test: DLLSideLoading AT 14 Feb 24 16:16 GMT
[ERROR]: exit status 1 AT 14 Feb 24 16:16 GMT
[ERROR]: open C:\Windows\System32\devobj.dll: Access is denied. AT 14 Feb 24 16:16 GMT
[ERROR]: exit status 1 AT 14 Feb 24 16:16 GMT
[ERROR]: exit status 1 AT 14 Feb 24 16:16 GMT
[ERROR]: exit status 1 AT 14 Feb 24 16:16 GMT
[ERROR]: exit status 1 AT 14 Feb 24 16:16 GMT
[ERROR]: exit status 1 AT 14 Feb 24 16:16 GMT
[ERROR]: Access is denied. AT 14 Feb 24 16:16 GMT
[ERROR]: The handle is invalid. AT 14 Feb 24 16:16 GMT
[INFO]: Starting test: DLLSideLoading AT 14 Feb 24 16:46 GMT
[ERROR]: exit status 1 AT 14 Feb 24 16:46 GMT
[ERROR]: open C:\Windows\System32\devobj.dll: Access is denied. AT 14 Feb 24 16:46 GMT
[ERROR]: exit status 1 AT 14 Feb 24 16:46 GMT
[ERROR]: exit status 1 AT 14 Feb 24 16:46 GMT
[ERROR]: exit status 1 AT 14 Feb 24 16:46 GMT
[ERROR]: exit status 1 AT 14 Feb 24 16:46 GMT
[ERROR]: exit status 1 AT 14 Feb 24 16:46 GMT
[ERROR]: Access is denied. AT 14 Feb 24 16:46 GMT
[ERROR]: The handle is invalid. AT 14 Feb 24 16:46 GMT
[INFO]: Starting test: DLLSideLoading AT 14 Feb 24 16:47 GMT
[ERROR]: exit status 1 AT 14 Feb 24 16:47 GMT
[ERROR]: open C:\Windows\System32\devobj.dll: Access is denied. AT 14 Feb 24 16:47 GMT
[ERROR]: exit status 1 AT 14 Feb 24 16:47 GMT
[ERROR]: exit status 1 AT 14 Feb 24 16:47 GMT
[ERROR]: exit status 1 AT 14 Feb 24 16:47 GMT
[ERROR]: exit status 1 AT 14 Feb 24 16:47 GMT
[ERROR]: exit status 1 AT 14 Feb 24 16:47 GMT
[ERROR]: Access is denied. AT 14 Feb 24 16:47 GMT
[ERROR]: The handle is invalid. AT 14 Feb 24 16:47 GMT
[INFO]: Starting test: DLLSideLoading AT 15 Feb 24 08:16 GMT
[ERROR]: exit status 1 AT 15 Feb 24 08:16 GMT
[ERROR]: open C:\Windows\System32\devobj.dll: Access is denied. AT 15 Feb 24 08:16 GMT
[ERROR]: exit status 1 AT 15 Feb 24 08:16 GMT
[ERROR]: exit status 1 AT 15 Feb 24 08:16 GMT
[ERROR]: exit status 1 AT 15 Feb 24 08:16 GMT
[ERROR]: exit status 1 AT 15 Feb 24 08:16 GMT
[ERROR]: exit status 1 AT 15 Feb 24 08:16 GMT
[ERROR]: Access is denied. AT 15 Feb 24 08:16 GMT
[ERROR]: The handle is invalid. AT 15 Feb 24 08:16 GMT
[INFO]: Starting test: DLLSideLoading AT 15 Feb 24 08:18 GMT
[ERROR]: exit status 1 AT 15 Feb 24 08:19 GMT
[ERROR]: open C:\Windows\System32\devobj.dll: Access is denied. AT 15 Feb 24 08:19 GMT
[ERROR]: exit status 1 AT 15 Feb 24 08:19 GMT
[ERROR]: exit status 1 AT 15 Feb 24 08:19 GMT
[ERROR]: exit status 1 AT 15 Feb 24 08:19 GMT
[ERROR]: exit status 1 AT 15 Feb 24 08:19 GMT
[ERROR]: exit status 1 AT 15 Feb 24 08:19 GMT
[ERROR]: Access is denied. AT 15 Feb 24 08:19 GMT
[ERROR]: The handle is invalid. AT 15 Feb 24 08:19 GMT
[INFO]: Starting test: DLLSideLoading AT 15 Feb 24 08:20 GMT
[ERROR]: exit status 1 AT 15 Feb 24 08:20 GMT
[ERROR]: open C:\Windows\System32\devobj.dll: Access is denied. AT 15 Feb 24 08:20 GMT
[ERROR]: exit status 1 AT 15 Feb 24 08:20 GMT
[ERROR]: exit status 1 AT 15 Feb 24 08:20 GMT
[ERROR]: exit status 1 AT 15 Feb 24 08:20 GMT
[ERROR]: exit status 1 AT 15 Feb 24 08:20 GMT
[ERROR]: exit status 1 AT 15 Feb 24 08:20 GMT
[ERROR]: Access is denied. AT 15 Feb 24 08:20 GMT
[ERROR]: The handle is invalid. AT 15 Feb 24 08:20 GMT
[INFO]: Starting test: DLLSideLoading AT 15 Feb 24 08:24 GMT
[ERROR]: exit status 1 AT 15 Feb 24 08:24 GMT
[ERROR]: open C:\Windows\System32\devobj.dll: Access is denied. AT 15 Feb 24 08:24 GMT
[ERROR]: exit status 1 AT 15 Feb 24 08:24 GMT
[ERROR]: exit status 1 AT 15 Feb 24 08:24 GMT
[ERROR]: exit status 1 AT 15 Feb 24 08:24 GMT
[ERROR]: exit status 1 AT 15 Feb 24 08:24 GMT
[ERROR]: exit status 1 AT 15 Feb 24 08:24 GMT
[ERROR]: Access is denied. AT 15 Feb 24 08:24 GMT
[ERROR]: The handle is invalid. AT 15 Feb 24 08:24 GMT
[INFO]: Starting test: DLLSideLoading AT 15 Feb 24 10:33 GMT
[ERROR]: open C:\Windows\System32\devobj.dll: Access is denied. AT 15 Feb 24 10:33 GMT
[ERROR]: Access is denied. AT 15 Feb 24 10:34 GMT
[ERROR]: The handle is invalid. AT 15 Feb 24 10:34 GMT
[INFO]: Starting test: DLLSideLoading AT 15 Feb 24 10:46 GMT
[ERROR]: open C:\Windows\System32\devobj.dll: Access is denied. AT 15 Feb 24 10:46 GMT
[ERROR]: Access is denied. AT 15 Feb 24 10:47 GMT
[ERROR]: The handle is invalid. AT 15 Feb 24 10:47 GMT
[INFO]: Starting test: DLLSideLoading AT 15 Feb 24 11:00 GMT
[ERROR]: open C:\Windows\System32\devobj.dll: Access is denied. AT 15 Feb 24 11:00 GMT
[ERROR]: Access is denied. AT 15 Feb 24 11:01 GMT
[ERROR]: The handle is invalid. AT 15 Feb 24 11:01 GMT
[INFO]: Starting test: DLLSideLoading AT 15 Feb 24 11:03 GMT
[ERROR]: open C:\Windows\System32\devobj.dll: Access is denied. AT 15 Feb 24 11:03 GMT
[ERROR]: Access is denied. AT 15 Feb 24 11:03 GMT
[ERROR]: The handle is invalid. AT 15 Feb 24 11:03 GMT
[INFO]: Starting test: DLLSideLoading AT 15 Feb 24 11:07 GMT
[ERROR]: open C:\Windows\System32\devobj.dll: Access is denied. AT 15 Feb 24 11:07 GMT
[ERROR]: Access is denied. AT 15 Feb 24 11:08 GMT
[ERROR]: The handle is invalid. AT 15 Feb 24 11:08 GMT
[INFO]: Starting test: DLLSideLoading AT 15 Feb 24 11:11 GMT
[ERROR]: open C:\Windows\System32\devobj.dll: Access is denied. AT 15 Feb 24 11:11 GMT
[ERROR]: Access is denied. AT 15 Feb 24 11:12 GMT
[ERROR]: The handle is invalid. AT 15 Feb 24 11:12 GMT
[INFO]: Starting test: DLLSideLoading AT 15 Feb 24 13:51 GMT
[ERROR]: open C:\Windows\System32\devobj.dll: Access is denied. AT 15 Feb 24 13:51 GMT
[INFO]: Starting test: DLLSideLoading AT 15 Feb 24 13:53 GMT
[ERROR]: open C:\Windows\System32\devobj.dll: Access is denied. AT 15 Feb 24 13:53 GMT
[ERROR]: Access is denied. AT 15 Feb 24 13:54 GMT
[ERROR]: The handle is invalid. AT 15 Feb 24 13:54 GMT
[INFO]: Starting test: DLLSideLoading AT 19 Feb 24 14:15 GMT
[ERROR]: open C:\Windows\System32\devobj.dll: Access is denied. AT 19 Feb 24 14:15 GMT
[ERROR]: Access is denied. AT 19 Feb 24 14:16 GMT
[ERROR]: The handle is invalid. AT 19 Feb 24 14:16 GMT
[INFO]: Starting test: DLLSideLoading AT 19 Feb 24 14:20 GMT
[ERROR]: open C:\Windows\System32\devobj.dll: Access is denied. AT 19 Feb 24 14:21 GMT
[ERROR]: Access is denied. AT 19 Feb 24 14:21 GMT
[ERROR]: The handle is invalid. AT 19 Feb 24 14:21 GMT
[INFO]: Starting test: DLLSideLoading AT 19 Feb 24 14:38 GMT
[ERROR]: open C:\Windows\System32\devobj.dll: Access is denied. AT 19 Feb 24 14:40 GMT
[ERROR]: Access is denied. AT 19 Feb 24 14:42 GMT
[ERROR]: The handle is invalid. AT 19 Feb 24 14:42 GMT
[INFO]: Starting test: DLLSideLoading AT 19 Apr 24 13:31 BST
[ERROR]: open C:\Windows\System32\devobj.dll: Access is denied. AT 19 Apr 24 13:32 BST
[ERROR]: Access is denied. AT 19 Apr 24 13:33 BST
[ERROR]: The handle is invalid. AT 19 Apr 24 13:33 BST
[INFO]: Starting test: DLLSideLoading AT 20 Apr 24 16:35 BST
[ERROR]: open C:\Windows\System32\devobj.dll: Access is denied. AT 20 Apr 24 16:35 BST
[ERROR]: Access is denied. AT 20 Apr 24 16:36 BST
[ERROR]: The handle is invalid. AT 20 Apr 24 16:36 BST
[INFO]: Starting test: DLLSideLoading AT 20 Apr 24 16:50 BST
[ERROR]: open C:\Windows\System32\devobj.dll: Access is denied. AT 20 Apr 24 16:51 BST
[ERROR]: Access is denied. AT 20 Apr 24 16:52 BST
[ERROR]: The handle is invalid. AT 20 Apr 24 16:52 BST
[INFO]: Starting test: DLLSideLoading AT 20 Apr 24 16:55 BST
[ERROR]: open C:\Windows\System32\devobj.dll: Access is denied. AT 20 Apr 24 16:55 BST
[ERROR]: Access is denied. AT 20 Apr 24 16:56 BST
[ERROR]: The handle is invalid. AT 20 Apr 24 16:56 BST
[INFO]: Starting test: DLLSideLoading AT 20 Apr 24 17:02 BST
[ERROR]: open C:\Windows\System32\devobj.dll: Access is denied. AT 20 Apr 24 17:02 BST
[ERROR]: Access is denied. AT 20 Apr 24 17:03 BST
[ERROR]: The handle is invalid. AT 20 Apr 24 17:03 BST
[INFO]: Starting test: DLLSideLoading AT 20 Apr 24 17:04 BST
[ERROR]: open C:\Windows\System32\devobj.dll: Access is denied. AT 20 Apr 24 17:05 BST
[ERROR]: Access is denied. AT 20 Apr 24 17:05 BST
[ERROR]: The handle is invalid. AT 20 Apr 24 17:05 BST
[INFO]: Starting test: DLLSideLoading AT 20 Apr 24 17:07 BST
[ERROR]: open C:\Windows\System32\devobj.dll: Access is denied. AT 20 Apr 24 17:08 BST
[ERROR]: Access is denied. AT 20 Apr 24 17:08 BST
[ERROR]: The handle is invalid. AT 20 Apr 24 17:08 BST
[INFO]: Starting test: DLLSideLoading AT 20 Apr 24 17:18 BST
[ERROR]: open C:\Windows\System32\devobj.dll: Access is denied. AT 20 Apr 24 17:18 BST
[ERROR]: Access is denied. AT 20 Apr 24 17:20 BST
[ERROR]: The handle is invalid. AT 20 Apr 24 17:20 BST
[INFO]: Starting test: DLLSideLoading AT 20 Apr 24 17:39 BST
[ERROR]: open C:\Windows\System32\devobj.dll: Access is denied. AT 20 Apr 24 17:39 BST
[ERROR]: Access is denied. AT 20 Apr 24 17:40 BST
[ERROR]: The handle is invalid. AT 20 Apr 24 17:40 BST
[INFO]: Starting test: DLLSideLoading AT 20 Apr 24 17:42 BST
[ERROR]: open C:\Windows\System32\devobj.dll: Access is denied. AT 20 Apr 24 17:42 BST
[ERROR]: Access is denied. AT 20 Apr 24 17:44 BST
[ERROR]: The handle is invalid. AT 20 Apr 24 17:44 BST
[INFO]: Starting test: DLLSideLoading AT 20 Apr 24 17:57 BST
[ERROR]: open C:\Windows\System32\devobj.dll: Access is denied. AT 20 Apr 24 17:57 BST
[ERROR]: Access is denied. AT 20 Apr 24 17:58 BST
[ERROR]: The handle is invalid. AT 20 Apr 24 17:58 BST
[INFO]: Starting test: DLLSideLoading AT 21 Apr 24 10:42 BST
[ERROR]: open C:\Windows\System32\devobj.dll: Access is denied. AT 21 Apr 24 10:43 BST
[ERROR]: Access is denied. AT 21 Apr 24 10:44 BST
[ERROR]: The handle is invalid. AT 21 Apr 24 10:44 BST
[INFO]: Starting test: DLLSideLoading AT 21 Apr 24 10:48 BST
[ERROR]: open C:\Windows\System32\devobj.dll: Access is denied. AT 21 Apr 24 10:48 BST
[ERROR]: Access is denied. AT 21 Apr 24 10:49 BST
[ERROR]: The handle is invalid. AT 21 Apr 24 10:49 BST
[INFO]: Starting test: DLLSideLoading AT 21 Apr 24 10:56 BST
[ERROR]: open C:\Windows\System32\devobj.dll: Access is denied. AT 21 Apr 24 10:56 BST
[ERROR]: Access is denied. AT 21 Apr 24 10:57 BST
[ERROR]: The handle is invalid. AT 21 Apr 24 10:57 BST
[INFO]: Starting test: DLLSideLoading AT 21 Apr 24 11:09 BST
[ERROR]: open C:\Windows\System32\devobj.dll: Access is denied. AT 21 Apr 24 11:11 BST
[ERROR]: Access is denied. AT 21 Apr 24 11:12 BST
[ERROR]: The handle is invalid. AT 21 Apr 24 11:12 BST
[INFO]: Starting test: DLLSideLoading AT 21 Apr 24 11:19 BST
[ERROR]: open C:\Windows\System32\devobj.dll: Access is denied. AT 21 Apr 24 11:20 BST
[ERROR]: Access is denied. AT 21 Apr 24 11:20 BST
[ERROR]: The handle is invalid. AT 21 Apr 24 11:20 BST
[INFO]: Starting test: DLLSideLoading AT 21 Apr 24 11:26 BST
[ERROR]: open C:\Windows\System32\devobj.dll: Access is denied. AT 21 Apr 24 11:26 BST
[ERROR]: Access is denied. AT 21 Apr 24 11:27 BST
[ERROR]: The handle is invalid. AT 21 Apr 24 11:27 BST
[INFO]: Starting test: DLLSideLoading AT 21 Apr 24 11:33 BST
[ERROR]: open C:\Windows\System32\devobj.dll: Access is denied. AT 21 Apr 24 11:33 BST
[ERROR]: Access is denied. AT 21 Apr 24 11:34 BST
[ERROR]: The handle is invalid. AT 21 Apr 24 11:34 BST
[INFO]: Starting test: DLLSideLoading AT 21 Apr 24 11:42 BST
[ERROR]: open C:\Windows\System32\devobj.dll: Access is denied. AT 21 Apr 24 11:42 BST
[ERROR]: Access is denied. AT 21 Apr 24 11:43 BST
[ERROR]: The handle is invalid. AT 21 Apr 24 11:43 BST
[INFO]: Starting test: DLLSideLoading AT 21 Apr 24 11:48 BST
[ERROR]: open C:\Windows\System32\devobj.dll: Access is denied. AT 21 Apr 24 11:48 BST
[ERROR]: Access is denied. AT 21 Apr 24 11:49 BST
[ERROR]: The handle is invalid. AT 21 Apr 24 11:49 BST
[INFO]: Starting test: DLLSideLoading AT 21 Apr 24 12:00 BST
[ERROR]: open C:\Windows\System32\devobj.dll: Access is denied. AT 21 Apr 24 12:01 BST
[ERROR]: Access is denied. AT 21 Apr 24 12:02 BST
[ERROR]: The handle is invalid. AT 21 Apr 24 12:02 BST
[INFO]: Starting test: DLLSideLoading AT 21 Apr 24 12:04 BST
[ERROR]: open C:\Windows\System32\devobj.dll: Access is denied. AT 21 Apr 24 12:05 BST
[ERROR]: Access is denied. AT 21 Apr 24 12:06 BST
[ERROR]: The handle is invalid. AT 21 Apr 24 12:06 BST
[INFO]: Starting test: DLLSideLoading AT 21 Apr 24 12:12 BST
[ERROR]: open C:\Windows\System32\devobj.dll: Access is denied. AT 21 Apr 24 12:12 BST
[ERROR]: Access is denied. AT 21 Apr 24 12:13 BST
[ERROR]: The handle is invalid. AT 21 Apr 24 12:13 BST
[INFO]: Starting test: DLLSideLoading AT 21 Apr 24 12:21 BST
[ERROR]: open C:\Windows\System32\devobj.dll: Access is denied. AT 21 Apr 24 12:22 BST
[ERROR]: Access is denied. AT 21 Apr 24 12:24 BST
[ERROR]: The handle is invalid. AT 21 Apr 24 12:24 BST
[INFO]: Starting test: DLLSideLoading AT 21 Apr 24 12:28 BST
[ERROR]: open C:\Windows\System32\devobj.dll: Access is denied. AT 21 Apr 24 12:29 BST
[ERROR]: Access is denied. AT 21 Apr 24 12:29 BST
[ERROR]: The handle is invalid. AT 21 Apr 24 12:29 BST
[INFO]: Starting test: DLLSideLoading AT 21 Apr 24 12:40 BST
[ERROR]: open C:\Windows\System32\devobj.dll: Access is denied. AT 21 Apr 24 12:41 BST
[ERROR]: Access is denied. AT 21 Apr 24 12:41 BST
[ERROR]: The handle is invalid. AT 21 Apr 24 12:41 BST
