----------------------------------------------------SYSTEMINFO------------------------------------------------


Host Name:                 DESKTOP-CR6T5VO
OS Name:                   Microsoft Windows 10 Home
OS Version:                10.0.19045 N/A Build 19045
OS Manufacturer:           Microsoft Corporation
OS Configuration:          Standalone Workstation
OS Build Type:             Multiprocessor Free
Registered Owner:          achonikolov2005@gmail.com
Registered Organization:   
Product ID:                00326-10000-00000-AA910
Original Install Date:     15/12/2023, 13:37:09
System Boot Time:          13/02/2024, 10:05:41
System Manufacturer:       innotek GmbH
System Model:              VirtualBox
System Type:               x64-based PC
Processor(s):              1 Processor(s) Installed.
                           [01]: AMD64 Family 23 Model 24 Stepping 1 AuthenticAMD ~2096 Mhz
BIOS Version:              innotek GmbH VirtualBox, 01/12/2006
Windows Directory:         C:\Windows
System Directory:          C:\Windows\system32
Boot Device:               \Device\HarddiskVolume1
System Locale:             en-gb;English (United Kingdom)
Input Locale:              en-gb;English (United Kingdom)
Time Zone:                 (UTC+00:00) Dublin, Edinburgh, Lisbon, London
Total Physical Memory:     4,196 MB
Available Physical Memory: 1,519 MB
Virtual Memory: Max Size:  4,900 MB
Virtual Memory: Available: 1,766 MB
Virtual Memory: In Use:    3,134 MB
Page File Location(s):     C:\pagefile.sys
Domain:                    WORKGROUP
Logon Server:              \\DESKTOP-CR6T5VO
Hotfix(s):                 9 Hotfix(s) Installed.
                           [01]: KB5033918
                           [02]: KB5022502
                           [03]: KB5011048
                           [04]: KB5015684
                           [05]: KB5020683
                           [06]: KB5034122
                           [07]: KB5014032
                           [08]: KB5025315
                           [09]: KB5032907
Network Card(s):           1 NIC(s) Installed.
                           [01]: Intel(R) PRO/1000 MT Desktop Adapter
                                 Connection Name: Ethernet
                                 DHCP Enabled:    Yes
                                 DHCP Server:     10.0.2.2
                                 IP address(es)
                                 [01]: 10.0.2.15
                                 [02]: fe80::28f2:4ecf:83d8:21c3
Hyper-V Requirements:      A hypervisor has been detected. Features required for Hyper-V will not be displayed.
----------------------------------------------------SYSTEMINFOFROMPOWERSHELL------------------------------------------------



WindowsBuildLabEx                                       : 19041.1.amd64fre.vb_release.191206-1406
WindowsCurrentVersion                                   : 6.3
WindowsEditionId                                        : Core
WindowsInstallationType                                 : Client
WindowsInstallDateFromRegistry                          : 15/12/2023 13:37:09
WindowsProductId                                        : 00326-10000-00000-AA910
WindowsProductName                                      : Windows 10 Home
WindowsRegisteredOrganization                           : 
WindowsRegisteredOwner                                  : achonikolov2005@gmail.com
WindowsSystemRoot                                       : C:\Windows
WindowsVersion                                          : 2009
BiosCharacteristics                                     : {4, 7, 15, 16...}
BiosBIOSVersion                                         : {VBOX   - 1}
BiosBuildNumber                                         : 
BiosCaption                                             : Default System BIOS
BiosCodeSet                                             : 
BiosCurrentLanguage                                     : 
BiosDescription                                         : Default System BIOS
BiosEmbeddedControllerMajorVersion                      : 110
BiosEmbeddedControllerMinorVersion                      : 111
BiosFirmwareType                                        : Bios
BiosIdentificationCode                                  : 
BiosInstallableLanguages                                : 
BiosInstallDate                                         : 
BiosLanguageEdition                                     : 
BiosListOfLanguages                                     : 
BiosManufacturer                                        : innotek GmbH
BiosName                                                : Default System BIOS
BiosOtherTargetOS                                       : 
BiosPrimaryBIOS                                         : True
BiosReleaseDate                                         : 01/12/2006 00:00:00
BiosSeralNumber                                         : 0
BiosSMBIOSBIOSVersion                                   : VirtualBox
BiosSMBIOSMajorVersion                                  : 2
BiosSMBIOSMinorVersion                                  : 5
BiosSMBIOSPresent                                       : True
BiosSoftwareElementState                                : Running
BiosStatus                                              : OK
BiosSystemBiosMajorVersion                              : 105
BiosSystemBiosMinorVersion                              : 110
BiosTargetOperatingSystem                               : 0
BiosVersion                                             : VBOX   - 1
CsAdminPasswordStatus                                   : Unknown
CsAutomaticManagedPagefile                              : True
CsAutomaticResetBootOption                              : True
CsAutomaticResetCapability                              : True
CsBootOptionOnLimit                                     : 
CsBootOptionOnWatchDog                                  : 
CsBootROMSupported                                      : True
CsBootStatus                                            : 
CsBootupState                                           : Normal boot
CsCaption                                               : DESKTOP-CR6T5VO
CsChassisBootupState                                    : Safe
CsChassisSKUNumber                                      : 
CsCurrentTimeZone                                       : 0
CsDaylightInEffect                                      : False
CsDescription                                           : AT/AT COMPATIBLE
CsDNSHostName                                           : DESKTOP-CR6T5VO
CsDomain                                                : WORKGROUP
CsDomainRole                                            : StandaloneWorkstation
CsEnableDaylightSavingsTime                             : True
CsFrontPanelResetStatus                                 : Unknown
CsHypervisorPresent                                     : True
CsInfraredSupported                                     : False
CsInitialLoadInfo                                       : 
CsInstallDate                                           : 
CsKeyboardPasswordStatus                                : Unknown
CsLastLoadInfo                                          : 
CsManufacturer                                          : innotek GmbH
CsModel                                                 : VirtualBox
CsName                                                  : DESKTOP-CR6T5VO
CsNetworkAdapters                                       : {Ethernet}
CsNetworkServerModeEnabled                              : True
CsNumberOfLogicalProcessors                             : 3
CsNumberOfProcessors                                    : 1
CsProcessors                                            : {AMD Ryzen 5 3550H with Radeon Vega Mobile Gfx  }
CsOEMStringArray                                        : {vboxVer_7.0.14, vboxRev_161095}
CsPartOfDomain                                          : False
CsPauseAfterReset                                       : -1
CsPCSystemType                                          : Mobile
CsPCSystemTypeEx                                        : Mobile
CsPowerManagementCapabilities                           : 
CsPowerManagementSupported                              : 
CsPowerOnPasswordStatus                                 : Unknown
CsPowerState                                            : Unknown
CsPowerSupplyState                                      : Safe
CsPrimaryOwnerContact                                   : 
CsPrimaryOwnerName                                      : achonikolov2005@gmail.com
CsResetCapability                                       : Other
CsResetCount                                            : -1
CsResetLimit                                            : -1
CsRoles                                                 : {LM_Workstation, LM_Server, NT}
CsStatus                                                : OK
CsSupportContactDescription                             : 
CsSystemFamily                                          : Virtual Machine
CsSystemSKUNumber                                       : 
CsSystemType                                            : x64-based PC
CsThermalState                                          : Safe
CsTotalPhysicalMemory                                   : 4399353856
CsPhyicallyInstalledMemory                              : 
CsUserName                                              : DESKTOP-CR6T5VO\achon
CsWakeUpType                                            : PowerSwitch
CsWorkgroup                                             : WORKGROUP
OsName                                                  : Microsoft Windows 10 Home
OsType                                                  : WINNT
OsOperatingSystemSKU                                    : WindowsHome
OsVersion                                               : 10.0.19045
OsCSDVersion                                            : 
OsBuildNumber                                           : 19045
OsHotFixes                                              : {KB5033918, KB5022502, KB5011048, KB5015684...}
OsBootDevice                                            : \Device\HarddiskVolume1
OsSystemDevice                                          : \Device\HarddiskVolume2
OsSystemDirectory                                       : C:\Windows\system32
OsSystemDrive                                           : C:
OsWindowsDirectory                                      : C:\Windows
OsCountryCode                                           : 44
OsCurrentTimeZone                                       : 0
OsLocaleID                                              : 0809
OsLocale                                                : en-GB
OsLocalDateTime                                         : 13/02/2024 14:17:34
OsLastBootUpTime                                        : 13/02/2024 10:05:41
OsUptime                                                : 04:11:53.4610291
OsBuildType                                             : Multiprocessor Free
OsCodeSet                                               : 1252
OsDataExecutionPreventionAvailable                      : True
OsDataExecutionPrevention32BitApplications              : True
OsDataExecutionPreventionDrivers                        : True
OsDataExecutionPreventionSupportPolicy                  : OptOut
OsDebug                                                 : False
OsDistributed                                           : False
OsEncryptionLevel                                       : 256
OsForegroundApplicationBoost                            : Maximum
OsTotalVisibleMemorySize                                : 4296244
OsFreePhysicalMemory                                    : 1518752
OsTotalVirtualMemorySize                                : 5017140
OsFreeVirtualMemory                                     : 1746904
OsInUseVirtualMemory                                    : 3270236
OsTotalSwapSpaceSize                                    : 
OsSizeStoredInPagingFiles                               : 720896
OsFreeSpaceInPagingFiles                                : 596524
OsPagingFiles                                           : {C:\pagefile.sys}
OsHardwareAbstractionLayer                              : 10.0.19041.3636
OsInstallDate                                           : 15/12/2023 13:37:09
OsManufacturer                                          : Microsoft Corporation
OsMaxNumberOfProcesses                                  : 4294967295
OsMaxProcessMemorySize                                  : 137438953344
OsMuiLanguages                                          : {en-GB}
OsNumberOfLicensedUsers                                 : 0
OsNumberOfProcesses                                     : 133
OsNumberOfUsers                                         : 1
OsOrganization                                          : 
OsArchitecture                                          : 64-bit
OsLanguage                                              : en-GB
OsProductSuites                                         : {TerminalServicesSingleSession, HomeEdition}
OsOtherTypeDescription                                  : 
OsPAEEnabled                                            : 
OsPortableOperatingSystem                               : False
OsPrimary                                               : True
OsProductType                                           : WorkStation
OsRegisteredUser                                        : achonikolov2005@gmail.com
OsSerialNumber                                          : 00326-10000-00000-AA910
OsServicePackMajorVersion                               : 0
OsServicePackMinorVersion                               : 0
OsStatus                                                : OK
OsSuites                                                : {TerminalServices, TerminalServicesSingleSession, 
                                                          HomeEdition}
OsServerLevel                                           : 
KeyboardLayout                                          : en-GB
TimeZone                                                : (UTC+00:00) Dublin, Edinburgh, Lisbon, London
LogonServer                                             : \\DESKTOP-CR6T5VO
PowerPlatformRole                                       : Mobile
HyperVisorPresent                                       : True
HyperVRequirementDataExecutionPreventionAvailable       : 
HyperVRequirementSecondLevelAddressTranslation          : 
HyperVRequirementVirtualizationFirmwareEnabled          : 
HyperVRequirementVMMonitorModeExtensions                : 
DeviceGuardSmartStatus                                  : Off
DeviceGuardRequiredSecurityProperties                   : 
DeviceGuardAvailableSecurityProperties                  : 
DeviceGuardSecurityServicesConfigured                   : 
DeviceGuardSecurityServicesRunning                      : 
DeviceGuardCodeIntegrityPolicyEnforcementStatus         : 
DeviceGuardUserModeCodeIntegrityPolicyEnforcementStatus : 



----------------------------------------------------TASKLIST------------------------------------------------


Image Name                     PID Session Name        Session#    Mem Usage
========================= ======== ================ =========== ============
System Idle Process              0 Services                   0          8 K
System                           4 Services                   0        148 K
Registry                       100 Services                   0     22,508 K
smss.exe                       344 Services                   0        968 K
csrss.exe                      440 Services                   0      4,884 K
wininit.exe                    516 Services                   0      6,204 K
csrss.exe                      536 Console                    1      5,328 K
winlogon.exe                   616 Console                    1      9,412 K
services.exe                   660 Services                   0      9,084 K
lsass.exe                      684 Services                   0     17,852 K
svchost.exe                    792 Services                   0     30,464 K
fontdrvhost.exe                812 Console                    1      3,988 K
fontdrvhost.exe                820 Services                   0      2,312 K
svchost.exe                    912 Services                   0     13,820 K
svchost.exe                    960 Services                   0      7,776 K
dwm.exe                        376 Console                    1     64,832 K
svchost.exe                   1060 Services                   0      5,208 K
svchost.exe                   1068 Services                   0      5,992 K
svchost.exe                   1108 Services                   0     15,340 K
svchost.exe                   1148 Services                   0     14,788 K
svchost.exe                   1156 Services                   0      9,592 K
svchost.exe                   1192 Services                   0     11,528 K
svchost.exe                   1292 Services                   0      6,772 K
svchost.exe                   1324 Services                   0     12,572 K
svchost.exe                   1372 Services                   0      6,692 K
svchost.exe                   1384 Services                   0      6,852 K
svchost.exe                   1432 Services                   0     10,488 K
svchost.exe                   1560 Services                   0      9,144 K
svchost.exe                   1712 Services                   0      8,800 K
svchost.exe                   1732 Services                   0     72,860 K
svchost.exe                   1740 Services                   0      7,576 K
svchost.exe                   1760 Services                   0      5,900 K
Memory Compression            1832 Services                   0    116,404 K
svchost.exe                   1856 Services                   0      8,048 K
svchost.exe                   1912 Services                   0      7,592 K
svchost.exe                   1932 Services                   0      6,832 K
svchost.exe                   2024 Services                   0     12,348 K
svchost.exe                   2032 Services                   0      7,256 K
svchost.exe                   2140 Services                   0      7,464 K
svchost.exe                   2164 Services                   0      9,980 K
svchost.exe                   2176 Services                   0      8,292 K
svchost.exe                   2208 Services                   0     14,740 K
svchost.exe                   2292 Services                   0     11,984 K
spoolsv.exe                   2432 Services                   0     11,800 K
svchost.exe                   2476 Services                   0     12,836 K
svchost.exe                   2516 Services                   0      7,640 K
svchost.exe                   2684 Services                   0     28,804 K
IpOverUsbSvc.exe              2716 Services                   0     10,200 K
svchost.exe                   2728 Services                   0     19,468 K
svchost.exe                   2736 Services                   0     12,852 K
svchost.exe                   2744 Services                   0     30,564 K
svchost.exe                   2760 Services                   0      6,224 K
svchost.exe                   2776 Services                   0      5,432 K
svchost.exe                   2788 Services                   0      8,356 K
MsMpEng.exe                   2796 Services                   0    536,656 K
svchost.exe                   2804 Services                   0     19,732 K
svchost.exe                   2964 Services                   0      5,316 K
svchost.exe                   3044 Services                   0      9,640 K
svchost.exe                   3144 Services                   0     10,272 K
svchost.exe                   3512 Services                   0      7,496 K
svchost.exe                   3716 Services                   0      7,528 K
svchost.exe                   3748 Services                   0      8,400 K
SearchIndexer.exe             3828 Services                   0     35,048 K
sihost.exe                    1168 Console                    1     24,224 K
svchost.exe                   1752 Console                    1     26,692 K
svchost.exe                   1668 Console                    1     30,064 K
svchost.exe                   3420 Services                   0     15,728 K
taskhostw.exe                 2240 Console                    1     16,904 K
svchost.exe                   2068 Services                   0      7,600 K
ctfmon.exe                    4184 Console                    1     18,412 K
svchost.exe                   4388 Services                   0     12,920 K
explorer.exe                  4484 Console                    1    151,044 K
svchost.exe                   4680 Console                    1     20,500 K
StartMenuExperienceHost.e     5032 Console                    1     58,336 K
RuntimeBroker.exe             3196 Console                    1     22,708 K
svchost.exe                   4404 Services                   0     21,808 K
SearchApp.exe                 5296 Console                    1     90,040 K
RuntimeBroker.exe             5812 Console                    1     38,276 K
NisSrv.exe                    6036 Services                   0     10,972 K
svchost.exe                   6368 Services                   0      8,784 K
svchost.exe                   6604 Services                   0     14,144 K
RuntimeBroker.exe             6924 Console                    1     23,108 K
TextInputHost.exe             6252 Console                    1     33,068 K
dllhost.exe                   4572 Console                    1     11,696 K
svchost.exe                   7036 Services                   0      6,752 K
SecurityHealthSystray.exe     7628 Console                    1      8,456 K
SecurityHealthService.exe     7660 Services                   0     12,888 K
svchost.exe                   8404 Services                   0      7,664 K
svchost.exe                   3852 Services                   0     12,280 K
svchost.exe                   6872 Console                    1     12,040 K
SgrmBroker.exe                4476 Services                   0      6,668 K
svchost.exe                   4108 Services                   0     11,476 K
svchost.exe                   6076 Services                   0      9,804 K
PhoneExperienceHost.exe       7088 Console                    1    108,064 K
RuntimeBroker.exe             3132 Console                    1     13,648 K
SystemSettings.exe            6844 Console                    1      1,996 K
ApplicationFrameHost.exe      3192 Console                    1     23,756 K
UserOOBEBroker.exe            5768 Console                    1      9,444 K
svchost.exe                   5316 Services                   0     12,920 K
svchost.exe                   3868 Services                   0      6,136 K
svchost.exe                   5564 Services                   0     11,324 K
SearchApp.exe                 3364 Console                    1     75,656 K
svchost.exe                    668 Services                   0     16,856 K
msedge.exe                    6520 Console                    1     99,756 K
msedge.exe                    5856 Console                    1      7,132 K
msedge.exe                    1980 Console                    1     21,912 K
msedge.exe                    2344 Console                    1     33,752 K
msedge.exe                    6876 Console                    1     16,684 K
msedge.exe                    9036 Console                    1     63,236 K
msedge.exe                    5728 Console                    1     22,760 K
Code.exe                      8324 Console                    1    106,876 K
Code.exe                      5936 Console                    1     27,604 K
Code.exe                      4396 Console                    1     54,676 K
Code.exe                      4696 Console                    1     39,596 K
Code.exe                      1244 Console                    1    256,688 K
Code.exe                      3856 Console                    1     76,316 K
Code.exe                      8784 Console                    1     79,388 K
Code.exe                       628 Console                    1    115,588 K
gopls.exe                     1556 Console                    1     99,672 K
conhost.exe                    404 Console                    1      5,260 K
svchost.exe                   7252 Services                   0      9,940 K
cmd.exe                       8252 Console                    1      4,632 K
conhost.exe                   3004 Console                    1     19,832 K
svchost.exe                   6636 Services                   0     16,604 K
WmiPrvSE.exe                  6700 Services                   0      9,500 K
svchost.exe                   6052 Services                   0      7,808 K
svchost.exe                   4528 Services                   0     10,072 K
Exfilt.exe                    7776 Console                    1     14,380 K
WmiPrvSE.exe                  4580 Services                   0     16,456 K
WmiPrvSE.exe                  1568 Services                   0     10,572 K
TrustedInstaller.exe          4084 Services                   0      7,800 K
TiWorker.exe                   708 Services                   0     11,256 K
svchost.exe                    228 Services                   0      6,924 K
tasklist.exe                   804 Console                    1      9,272 K
----------------------------------------------------NETSTAT------------------------------------------------


Active Connections

  Proto  Local Address          Foreign Address        State
  TCP    0.0.0.0:135            DESKTOP-CR6T5VO:0      LISTENING
  TCP    0.0.0.0:445            DESKTOP-CR6T5VO:0      LISTENING
  TCP    0.0.0.0:5040           DESKTOP-CR6T5VO:0      LISTENING
  TCP    0.0.0.0:7680           DESKTOP-CR6T5VO:0      LISTENING
  TCP    0.0.0.0:49664          DESKTOP-CR6T5VO:0      LISTENING
  TCP    0.0.0.0:49665          DESKTOP-CR6T5VO:0      LISTENING
  TCP    0.0.0.0:49666          DESKTOP-CR6T5VO:0      LISTENING
  TCP    0.0.0.0:49667          DESKTOP-CR6T5VO:0      LISTENING
  TCP    0.0.0.0:49668          DESKTOP-CR6T5VO:0      LISTENING
  TCP    0.0.0.0:49669          DESKTOP-CR6T5VO:0      LISTENING
  TCP    10.0.2.15:139          DESKTOP-CR6T5VO:0      LISTENING
  TCP    10.0.2.15:49733        13.107.21.239:https    FIN_WAIT_2
  TCP    10.0.2.15:49920        13.107.21.239:https    FIN_WAIT_2
  TCP    10.0.2.15:50063        20.199.120.85:https    ESTABLISHED
  TCP    10.0.2.15:50075        a2-19-193-64:https     CLOSE_WAIT
  TCP    10.0.2.15:50112        sof04s06-in-f10:https  CLOSE_WAIT
  TCP    10.0.2.15:50116        20.189.173.4:https     ESTABLISHED
  TCP    10.0.2.15:50117        20.189.173.4:https     ESTABLISHED
  TCP    10.0.2.15:50120        a2-23-97-178:https     ESTABLISHED
  TCP    10.0.2.15:50121        bt2:https              ESTABLISHED
  TCP    10.0.2.15:50122        66.203.125.32:http     ESTABLISHED
  TCP    10.0.2.15:50123        bt2:https              ESTABLISHED
  TCP    10.0.2.15:50125        89-44-168-240:http     ESTABLISHED
  TCP    [::]:135               DESKTOP-CR6T5VO:0      LISTENING
  TCP    [::]:445               DESKTOP-CR6T5VO:0      LISTENING
  TCP    [::]:7680              DESKTOP-CR6T5VO:0      LISTENING
  TCP    [::]:49664             DESKTOP-CR6T5VO:0      LISTENING
  TCP    [::]:49665             DESKTOP-CR6T5VO:0      LISTENING
  TCP    [::]:49666             DESKTOP-CR6T5VO:0      LISTENING
  TCP    [::]:49667             DESKTOP-CR6T5VO:0      LISTENING
  TCP    [::]:49668             DESKTOP-CR6T5VO:0      LISTENING
  TCP    [::]:49669             DESKTOP-CR6T5VO:0      LISTENING
  UDP    0.0.0.0:5050           *:*                    
  UDP    0.0.0.0:5353           *:*                    
  UDP    0.0.0.0:5355           *:*                    
  UDP    10.0.2.15:137          *:*                    
  UDP    10.0.2.15:138          *:*                    
  UDP    10.0.2.15:1900         *:*                    
  UDP    10.0.2.15:52028        *:*                    
  UDP    127.0.0.1:1900         *:*                    
  UDP    127.0.0.1:52029        *:*                    
  UDP    127.0.0.1:55938        *:*                    
  UDP    [::]:5353              *:*                    
  UDP    [::]:5355              *:*                    
  UDP    [::1]:1900             *:*                    
  UDP    [::1]:52027            *:*                    
  UDP    [fe80::28f2:4ecf:83d8:21c3%7]:1900  *:*                    
  UDP    [fe80::28f2:4ecf:83d8:21c3%7]:52026  *:*                    
----------------------------------------------------PORTOCOLSTATISTICS------------------------------------------------


IPv4 Statistics

  Packets Received                   = 72090
  Received Header Errors             = 0
  Received Address Errors            = 0
  Datagrams Forwarded                = 0
  Unknown Protocols Received         = 0
  Received Packets Discarded         = 98
  Received Packets Delivered         = 72541
  Output Requests                    = 21981
  Routing Discards                   = 0
  Discarded Output Packets           = 0
  Output Packet No Route             = 0
  Reassembly Required                = 0
  Reassembly Successful              = 0
  Reassembly Failures                = 0
  Datagrams Successfully Fragmented  = 0
  Datagrams Failing Fragmentation    = 0
  Fragments Created                  = 0

IPv6 Statistics

  Packets Received                   = 0
  Received Header Errors             = 0
  Received Address Errors            = 0
  Datagrams Forwarded                = 0
  Unknown Protocols Received         = 0
  Received Packets Discarded         = 0
  Received Packets Delivered         = 15
  Output Requests                    = 40
  Routing Discards                   = 0
  Discarded Output Packets           = 0
  Output Packet No Route             = 0
  Reassembly Required                = 0
  Reassembly Successful              = 0
  Reassembly Failures                = 0
  Datagrams Successfully Fragmented  = 0
  Datagrams Failing Fragmentation    = 0
  Fragments Created                  = 0

ICMPv4 Statistics

                            Received    Sent
  Messages                  0           78        
  Errors                    0           0         
  Destination Unreachable   0           78        
  Time Exceeded             0           0         
  Parameter Problems        0           0         
  Source Quenches           0           0         
  Redirects                 0           0         
  Echo Replies              0           0         
  Echos                     0           0         
  Timestamps                0           0         
  Timestamp Replies         0           0         
  Address Masks             0           0         
  Address Mask Replies      0           0         
  Router Solicitations      0           0         
  Router Advertisements     0           0         

ICMPv6 Statistics

                            Received    Sent
  Messages                  0           5         
  Errors                    0           0         
  Destination Unreachable   0           0         
  Packet Too Big            0           0         
  Time Exceeded             0           0         
  Parameter Problems        0           0         
  Echos                     0           0         
  Echo Replies              0           0         
  MLD Queries               0           0         
  MLD Reports               0           0         
  MLD Dones                 0           0         
  Router Solicitations      0           3         
  Router Advertisements     0           0         
  Neighbor Solicitations    0           1         
  Neighbor Advertisements   0           1         
  Redirects                 0           0         
  Router Renumberings       0           0         

TCP Statistics for IPv4

  Active Opens                        = 452
  Passive Opens                       = 0
  Failed Connection Attempts          = 19
  Reset Connections                   = 109
  Current Connections                 = 10
  Segments Received                   = 71479
  Segments Sent                       = 19721
  Segments Retransmitted              = 71

TCP Statistics for IPv6

  Active Opens                        = 4
  Passive Opens                       = 0
  Failed Connection Attempts          = 4
  Reset Connections                   = 0
  Current Connections                 = 0
  Segments Received                   = 24
  Segments Sent                       = 16
  Segments Retransmitted              = 8

UDP Statistics for IPv4

  Datagrams Received    = 557
  No Ports              = 99
  Receive Errors        = 0
  Datagrams Sent        = 1166

UDP Statistics for IPv6

  Datagrams Received    = 2
  No Ports              = 0
  Receive Errors        = 0
  Datagrams Sent        = 10
----------------------------------------------------IPCONFIG------------------------------------------------


Windows IP Configuration

   Host Name . . . . . . . . . . . . : DESKTOP-CR6T5VO
   Primary Dns Suffix  . . . . . . . : 
   Node Type . . . . . . . . . . . . : Hybrid
   IP Routing Enabled. . . . . . . . : No
   WINS Proxy Enabled. . . . . . . . : No
   DNS Suffix Search List. . . . . . : .

Ethernet adapter Ethernet:

   Connection-specific DNS Suffix  . : .
   Description . . . . . . . . . . . : Intel(R) PRO/1000 MT Desktop Adapter
   Physical Address. . . . . . . . . : 08-00-27-3D-86-25
   DHCP Enabled. . . . . . . . . . . : Yes
   Autoconfiguration Enabled . . . . : Yes
   Link-local IPv6 Address . . . . . : fe80::28f2:4ecf:83d8:21c3%7(Preferred) 
   IPv4 Address. . . . . . . . . . . : 10.0.2.15(Preferred) 
   Subnet Mask . . . . . . . . . . . : 255.255.255.0
   Lease Obtained. . . . . . . . . . : 13 February 2024 12:05:46
   Lease Expires . . . . . . . . . . : 14 February 2024 10:05:47
   Default Gateway . . . . . . . . . : 10.0.2.2
   DHCP Server . . . . . . . . . . . : 10.0.2.2
   DHCPv6 IAID . . . . . . . . . . . : 101187623
   DHCPv6 Client DUID. . . . . . . . : 00-01-00-01-2D-0E-2A-81-08-00-27-3D-86-25
   DNS Servers . . . . . . . . . . . : 10.0.2.3
   NetBIOS over Tcpip. . . . . . . . : Enabled
----------------------------------------------------NetBIOS------------------------------------------------

    
Ethernet:
Node IpAddress: [10.0.2.15] Scope Id: []

    No Connections
