[INFO]: Starting test: EicarTest AT 11 Jan 24 10:23 GMT
[ERROR]: open ./out1.txt: The system cannot find the file specified. AT 11 Jan 24 10:23 GMT
[INFO]: Starting test: EicarTest AT 11 Jan 24 17:45 GMT
[ERROR]: open ./out1.txt: The system cannot find the file specified. AT 11 Jan 24 17:45 GMT
[INFO]: Starting test: EicarTest AT 11 Jan 24 17:55 GMT
[ERROR]: open ./out1.txt: The system cannot find the file specified. AT 11 Jan 24 17:55 GMT
[INFO]: Starting test: EicarTest AT 11 Jan 24 18:05 GMT
[ERROR]: open ./out1.txt: The system cannot find the file specified. AT 11 Jan 24 18:05 GMT
[INFO]: Starting test: EicarTest AT 11 Jan 24 18:08 GMT
[ERROR]: open ./out1.txt: The system cannot find the file specified. AT 11 Jan 24 18:08 GMT
[INFO]: Starting test: EicarTest AT 11 Jan 24 18:21 GMT
[ERROR]: open ./out1.txt: The system cannot find the file specified. AT 11 Jan 24 18:21 GMT
[INFO]: Starting test: EicarTest AT 11 Jan 24 18:23 GMT
[ERROR]: open ./out1.txt: The system cannot find the file specified. AT 11 Jan 24 18:23 GMT
[INFO]: Starting test: EicarTest AT 11 Jan 24 18:29 GMT
[ERROR]: open ./out1.txt: The system cannot find the file specified. AT 11 Jan 24 18:29 GMT
[INFO]: Starting test: EicarTest AT 11 Jan 24 18:35 GMT
[ERROR]: open ./out1.txt: The system cannot find the file specified. AT 11 Jan 24 18:35 GMT
[INFO]: Starting test: EicarTest AT 12 Jan 24 11:36 GMT
[ERROR]: open ./out1.txt: The system cannot find the file specified. AT 12 Jan 24 11:36 GMT
[INFO]: Starting test: EicarTest AT 12 Jan 24 11:42 GMT
[ERROR]: open ./out1.txt: The system cannot find the file specified. AT 12 Jan 24 11:42 GMT
[INFO]: Starting test: EicarTest AT 12 Jan 24 13:24 GMT
[ERROR]: open ./out1.txt: The system cannot find the file specified. AT 12 Jan 24 13:25 GMT
[INFO]: Starting test: EicarTest AT 12 Jan 24 13:29 GMT
[ERROR]: open ./out1.txt: The system cannot find the file specified. AT 12 Jan 24 13:29 GMT
[INFO]: Starting test: EicarTest AT 12 Jan 24 13:30 GMT
[ERROR]: open ./out1.txt: The system cannot find the file specified. AT 12 Jan 24 13:30 GMT
[INFO]: Starting test: EicarTest AT 12 Jan 24 13:34 GMT
[ERROR]: open ./out1.txt: The system cannot find the file specified. AT 12 Jan 24 13:34 GMT
[INFO]: Starting test: EicarTest AT 12 Jan 24 13:37 GMT
[ERROR]: open ./out1.txt: The system cannot find the file specified. AT 12 Jan 24 13:37 GMT
[INFO]: Starting test: EicarTest AT 12 Jan 24 13:49 GMT
[ERROR]: open ./out1.txt: The system cannot find the file specified. AT 12 Jan 24 13:49 GMT
[INFO]: Starting test: EicarTest AT 12 Jan 24 13:55 GMT
[ERROR]: open ./out1.txt: The system cannot find the file specified. AT 12 Jan 24 13:55 GMT
[INFO]: Starting test: EicarTest AT 22 Jan 24 15:20 GMT
[ERROR]: open ./out1.txt: The system cannot find the file specified. AT 22 Jan 24 15:20 GMT
[INFO]: Starting test: EicarTest AT 25 Jan 24 12:14 GMT
[ERROR]: open ./out1.txt: The system cannot find the file specified. AT 25 Jan 24 12:14 GMT
[INFO]: Starting test: EicarTest AT 25 Jan 24 12:17 GMT
[ERROR]: open ./out1.txt: The system cannot find the file specified. AT 25 Jan 24 12:17 GMT
[INFO]: Starting test: EicarTest AT 25 Jan 24 12:21 GMT
[ERROR]: open ./out1.txt: The system cannot find the file specified. AT 25 Jan 24 12:21 GMT
[INFO]: Starting test: EicarTest AT 25 Jan 24 12:28 GMT
[ERROR]: open ./out1.txt: The system cannot find the file specified. AT 25 Jan 24 12:28 GMT
[INFO]: Starting test: EicarTest AT 25 Jan 24 12:43 GMT
[ERROR]: open ./out1.txt: The system cannot find the file specified. AT 25 Jan 24 12:43 GMT
[INFO]: Starting test: EicarTest AT 25 Jan 24 12:46 GMT
[ERROR]: open ./out1.txt: The system cannot find the file specified. AT 25 Jan 24 12:46 GMT
[INFO]: Starting test: EicarTest AT 25 Jan 24 12:51 GMT
[ERROR]: open ./out1.txt: The system cannot find the file specified. AT 25 Jan 24 12:51 GMT
[INFO]: Starting test: EicarTest AT 25 Jan 24 12:52 GMT
[ERROR]: open ./out1.txt: The system cannot find the file specified. AT 25 Jan 24 12:52 GMT
[INFO]: Starting test: EicarTest AT 25 Jan 24 12:55 GMT
[ERROR]: open ./out1.txt: The system cannot find the file specified. AT 25 Jan 24 12:55 GMT
[INFO]: Starting test: EicarTest AT 25 Jan 24 12:56 GMT
[ERROR]: open ./out1.txt: The system cannot find the file specified. AT 25 Jan 24 12:56 GMT
[INFO]: Starting test: EicarTest AT 25 Jan 24 12:57 GMT
[ERROR]: open ./out1.txt: The system cannot find the file specified. AT 25 Jan 24 12:58 GMT
[INFO]: Starting test: EicarTest AT 25 Jan 24 13:46 GMT
[ERROR]: open ./out1.txt: The system cannot find the file specified. AT 25 Jan 24 13:46 GMT
[INFO]: Starting test: EicarTest AT 25 Jan 24 13:48 GMT
[ERROR]: open ./out1.txt: The system cannot find the file specified. AT 25 Jan 24 13:48 GMT
[INFO]: Starting test: EicarTest AT 25 Jan 24 14:44 GMT
[ERROR]: open ./out1.txt: The system cannot find the file specified. AT 25 Jan 24 14:44 GMT
[INFO]: Starting test: EicarTest AT 25 Jan 24 18:17 GMT
[ERROR]: open ./out1.txt: The system cannot find the file specified. AT 25 Jan 24 18:17 GMT
[INFO]: Starting test: EicarTest AT 01 Feb 24 09:29 GMT
[ERROR]: open ./out1.txt: The system cannot find the file specified. AT 01 Feb 24 09:29 GMT
[INFO]: Starting test: EicarTest AT 01 Feb 24 10:53 GMT
[ERROR]: open ./out1.txt: The system cannot find the file specified. AT 01 Feb 24 10:54 GMT
[INFO]: Starting test: EicarTest AT 01 Feb 24 10:55 GMT
[ERROR]: open ./out1.txt: The system cannot find the file specified. AT 01 Feb 24 10:55 GMT
[INFO]: Starting test: EicarTest AT 02 Feb 24 11:15 GMT
[ERROR]: open ./out1.txt: The system cannot find the file specified. AT 02 Feb 24 11:15 GMT
[INFO]: Starting test: EicarTest AT 02 Feb 24 11:16 GMT
[ERROR]: open ./out1.txt: The system cannot find the file specified. AT 02 Feb 24 11:17 GMT
[INFO]: Starting test: EicarTest AT 02 Feb 24 11:29 GMT
[ERROR]: open ./out1.txt: The system cannot find the file specified. AT 02 Feb 24 11:29 GMT
[INFO]: Starting test: EicarTest AT 02 Feb 24 11:31 GMT
[ERROR]: open ./out1.txt: The system cannot find the file specified. AT 02 Feb 24 11:31 GMT
[INFO]: Starting test: EicarTest AT 02 Feb 24 11:32 GMT
[ERROR]: open ./out1.txt: The system cannot find the file specified. AT 02 Feb 24 11:32 GMT
[INFO]: Starting test: EicarTest AT 02 Feb 24 11:37 GMT
[ERROR]: open ./out1.txt: The system cannot find the file specified. AT 02 Feb 24 11:37 GMT
[INFO]: Starting test: EicarTest AT 02 Feb 24 10:27 GMT
[ERROR]: open ./out1.txt: The system cannot find the file specified. AT 02 Feb 24 10:27 GMT
[INFO]: Starting test: EicarTest AT 05 Feb 24 09:09 GMT
[ERROR]: open ./out1.txt: The system cannot find the file specified. AT 05 Feb 24 09:09 GMT
[INFO]: Starting test: EicarTest AT 05 Feb 24 09:13 GMT
[ERROR]: open ./out1.txt: The system cannot find the file specified. AT 05 Feb 24 09:13 GMT
[INFO]: Starting test: EicarTest AT 05 Feb 24 13:20 GMT
[ERROR]: open ./out.txt: Operation did not complete successfully because the file contains a virus or potentially unwanted software. AT 05 Feb 24 13:20 GMT
[INFO]: Starting test: EicarTest AT 06 Feb 24 11:56 GMT
[ERROR]: open ./out.txt: Operation did not complete successfully because the file contains a virus or potentially unwanted software. AT 06 Feb 24 11:56 GMT
[INFO]: Starting test: EicarTest AT 06 Feb 24 11:57 GMT
[ERROR]: open ./out.txt: Operation did not complete successfully because the file contains a virus or potentially unwanted software. AT 06 Feb 24 11:57 GMT
[INFO]: Starting test: EicarTest AT 06 Feb 24 12:15 GMT
[ERROR]: open ./out.txt: Operation did not complete successfully because the file contains a virus or potentially unwanted software. AT 06 Feb 24 12:15 GMT
[INFO]: Starting test: EicarTest AT 06 Feb 24 12:20 GMT
[ERROR]: open ./out.txt: Operation did not complete successfully because the file contains a virus or potentially unwanted software. AT 06 Feb 24 12:20 GMT
[INFO]: Starting test: EicarTest AT 06 Feb 24 12:25 GMT
[ERROR]: open ./out.txt: Operation did not complete successfully because the file contains a virus or potentially unwanted software. AT 06 Feb 24 12:25 GMT
[INFO]: Starting test: EicarTest AT 06 Feb 24 12:27 GMT
[ERROR]: open ./out.txt: Operation did not complete successfully because the file contains a virus or potentially unwanted software. AT 06 Feb 24 12:27 GMT
[INFO]: Starting test: EicarTest AT 06 Feb 24 12:30 GMT
[ERROR]: open ./out.txt: Operation did not complete successfully because the file contains a virus or potentially unwanted software. AT 06 Feb 24 12:30 GMT
[INFO]: Starting test: EicarTest AT 06 Feb 24 12:33 GMT
[ERROR]: open ./out.txt: Operation did not complete successfully because the file contains a virus or potentially unwanted software. AT 06 Feb 24 12:33 GMT
[INFO]: Starting test: EicarTest AT 06 Feb 24 12:35 GMT
[ERROR]: open ./out.txt: Operation did not complete successfully because the file contains a virus or potentially unwanted software. AT 06 Feb 24 12:35 GMT
[INFO]: Starting test: EicarTest AT 06 Feb 24 12:36 GMT
[ERROR]: open ./out.txt: Operation did not complete successfully because the file contains a virus or potentially unwanted software. AT 06 Feb 24 12:36 GMT
[INFO]: Starting test: EicarTest AT 12 Feb 24 11:30 GMT
[INFO]: Ending test: EicarTest AT 12 Feb 24 11:30 GMT
[INFO]: Starting test: EicarTest AT 12 Feb 24 11:34 GMT
[INFO]: Ending test: EicarTest AT 12 Feb 24 11:34 GMT
[INFO]: Starting test: EicarTest AT 12 Feb 24 11:37 GMT
[INFO]: Ending test: EicarTest AT 12 Feb 24 11:37 GMT
[INFO]: Starting test: EicarTest AT 12 Feb 24 11:38 GMT
[INFO]: Ending test: EicarTest AT 12 Feb 24 11:38 GMT
[INFO]: Starting test: EicarTest AT 12 Feb 24 11:40 GMT
[INFO]: Starting test: EicarTest AT 12 Feb 24 11:40 GMT
[INFO]: Ending test: EicarTest AT 12 Feb 24 11:40 GMT
[INFO]: Starting test: EicarTest AT 12 Feb 24 16:08 GMT
[INFO]: Ending test: EicarTest AT 12 Feb 24 16:08 GMT
[INFO]: Starting test: EicarTest AT 12 Feb 24 16:15 GMT
[INFO]: Ending test: EicarTest AT 12 Feb 24 16:15 GMT
[INFO]: Starting test: EicarTest AT 12 Feb 24 17:42 GMT
[INFO]: Ending test: EicarTest AT 12 Feb 24 17:42 GMT
[INFO]: Starting test: EicarTest AT 12 Feb 24 17:54 GMT
[INFO]: Ending test: EicarTest AT 12 Feb 24 17:54 GMT
[INFO]: Starting test: EicarTest AT 12 Feb 24 17:55 GMT
[INFO]: Ending test: EicarTest AT 12 Feb 24 17:55 GMT
[INFO]: Starting test: EicarTest AT 12 Feb 24 17:56 GMT
[INFO]: Ending test: EicarTest AT 12 Feb 24 17:56 GMT
[INFO]: Starting test: EicarTest AT 12 Feb 24 17:57 GMT
[INFO]: Ending test: EicarTest AT 12 Feb 24 17:57 GMT
[INFO]: Starting test: EicarTest AT 12 Feb 24 18:02 GMT
[INFO]: Ending test: EicarTest AT 12 Feb 24 18:02 GMT
[INFO]: Starting test: EicarTest AT 12 Feb 24 18:05 GMT
[INFO]: Starting test: EicarTest AT 12 Feb 24 18:09 GMT
[INFO]: Ending test: EicarTest AT 12 Feb 24 18:09 GMT
[INFO]: Starting test: EicarTest AT 12 Feb 24 18:10 GMT
[INFO]: Ending test: EicarTest AT 12 Feb 24 18:10 GMT
[INFO]: Starting test: EicarTest AT 12 Feb 24 18:12 GMT
[INFO]: Ending test: EicarTest AT 12 Feb 24 18:12 GMT
[INFO]: Starting test: EicarTest AT 14 Feb 24 16:48 GMT
[INFO]: Ending test: EicarTest AT 14 Feb 24 16:48 GMT
[INFO]: Starting test: EicarTest AT 14 Feb 24 16:58 GMT
[INFO]: Ending test: EicarTest AT 14 Feb 24 16:58 GMT
[INFO]: Starting test: EicarTest AT 14 Feb 24 17:10 GMT
[INFO]: Ending test: EicarTest AT 14 Feb 24 17:10 GMT
[INFO]: Starting test: EicarTest AT 14 Feb 24 15:18 GMT
[INFO]: Ending test: EicarTest AT 14 Feb 24 15:18 GMT
[INFO]: Starting test: EicarTest AT 14 Feb 24 15:49 GMT
[INFO]: Ending test: EicarTest AT 14 Feb 24 15:49 GMT
[INFO]: Starting test: EicarTest AT 14 Feb 24 15:54 GMT
[INFO]: Ending test: EicarTest AT 14 Feb 24 15:54 GMT
[INFO]: Starting test: EicarTest AT 14 Feb 24 16:00 GMT
[INFO]: Ending test: EicarTest AT 14 Feb 24 16:00 GMT
[INFO]: Starting test: EicarTest AT 14 Feb 24 16:07 GMT
[INFO]: Ending test: EicarTest AT 14 Feb 24 16:08 GMT
[INFO]: Starting test: EicarTest AT 14 Feb 24 16:12 GMT
[INFO]: Ending test: EicarTest AT 14 Feb 24 16:12 GMT
[INFO]: Starting test: EicarTest AT 14 Feb 24 16:16 GMT
[INFO]: Ending test: EicarTest AT 14 Feb 24 16:16 GMT
[INFO]: Starting test: EicarTest AT 14 Feb 24 16:46 GMT
[INFO]: Ending test: EicarTest AT 14 Feb 24 16:46 GMT
[INFO]: Starting test: EicarTest AT 14 Feb 24 16:47 GMT
[INFO]: Ending test: EicarTest AT 14 Feb 24 16:47 GMT
[INFO]: Starting test: EicarTest AT 15 Feb 24 08:16 GMT
[INFO]: Ending test: EicarTest AT 15 Feb 24 08:16 GMT
[INFO]: Starting test: EicarTest AT 15 Feb 24 08:18 GMT
[INFO]: Ending test: EicarTest AT 15 Feb 24 08:18 GMT
[INFO]: Starting test: EicarTest AT 15 Feb 24 08:20 GMT
[INFO]: Ending test: EicarTest AT 15 Feb 24 08:20 GMT
[INFO]: Starting test: EicarTest AT 15 Feb 24 08:24 GMT
[INFO]: Ending test: EicarTest AT 15 Feb 24 08:24 GMT
[INFO]: Starting test: EicarTest AT 15 Feb 24 10:33 GMT
[INFO]: Ending test: EicarTest AT 15 Feb 24 10:33 GMT
[INFO]: Starting test: EicarTest AT 15 Feb 24 10:46 GMT
[INFO]: Ending test: EicarTest AT 15 Feb 24 10:46 GMT
[INFO]: Starting test: EicarTest AT 15 Feb 24 10:56 GMT
[INFO]: Ending test: EicarTest AT 15 Feb 24 10:56 GMT
[INFO]: Starting test: EicarTest AT 15 Feb 24 10:57 GMT
[INFO]: Ending test: EicarTest AT 15 Feb 24 10:57 GMT
[INFO]: Starting test: EicarTest AT 15 Feb 24 10:57 GMT
[ERROR]: open ./out.txt: Access is denied. AT 15 Feb 24 10:58 GMT
[INFO]: Starting test: EicarTest AT 15 Feb 24 11:00 GMT
[INFO]: Ending test: EicarTest AT 15 Feb 24 11:00 GMT
[INFO]: Starting test: EicarTest AT 15 Feb 24 11:03 GMT
[INFO]: Ending test: EicarTest AT 15 Feb 24 11:03 GMT
[INFO]: Starting test: EicarTest AT 15 Feb 24 11:07 GMT
[INFO]: Ending test: EicarTest AT 15 Feb 24 11:07 GMT
[INFO]: Starting test: EicarTest AT 15 Feb 24 11:11 GMT
[INFO]: Ending test: EicarTest AT 15 Feb 24 11:11 GMT
[INFO]: Starting test: EicarTest AT 15 Feb 24 13:51 GMT
[ERROR]: open ./out.txt: Operation did not complete successfully because the file contains a virus or potentially unwanted software. AT 15 Feb 24 13:51 GMT
[INFO]: Starting test: EicarTest AT 15 Feb 24 13:53 GMT
[ERROR]: open ./out.txt: Operation did not complete successfully because the file contains a virus or potentially unwanted software. AT 15 Feb 24 13:53 GMT
[INFO]: Starting test: EicarTest AT 15 Feb 24 16:36 EET
[INFO]: Ending test: EicarTest AT 15 Feb 24 16:36 EET
[INFO]: Starting test: EicarTest AT 16 Feb 24 11:22 GMT
[INFO]: Starting test: EicarTest AT 19 Feb 24 14:10 GMT
[INFO]: Ending test: EicarTest AT 19 Feb 24 14:10 GMT
[INFO]: Starting test: EicarTest AT 19 Feb 24 14:19 GMT
[INFO]: Ending test: EicarTest AT 19 Feb 24 14:20 GMT
[INFO]: Starting test: EicarTest AT 31 Mar 24 18:35 BST
[ERROR]: open ./out.txt: Operation did not complete successfully because the file contains a virus or potentially unwanted software. AT 31 Mar 24 18:35 BST
[INFO]: Starting test: EicarTest AT 01 Apr 24 18:37 BST
[ERROR]: open ./out.txt: Operation did not complete successfully because the file contains a virus or potentially unwanted software. AT 01 Apr 24 18:38 BST
[INFO]: Starting test: EicarTest AT 11 Apr 24 11:16 BST
[ERROR]: open ./out.txt: Operation did not complete successfully because the file contains a virus or potentially unwanted software. AT 11 Apr 24 11:16 BST
[INFO]: Starting test: EicarTest AT 12 Apr 24 09:53 BST
[ERROR]: open ./out.txt: Operation did not complete successfully because the file contains a virus or potentially unwanted software. AT 12 Apr 24 09:53 BST
[INFO]: Starting test: EicarTest AT 18 Apr 24 16:09 BST
[ERROR]: open ./out.txt: Operation did not complete successfully because the file contains a virus or potentially unwanted software. AT 18 Apr 24 16:09 BST
[INFO]: Starting test: EicarTest AT 19 Apr 24 13:31 BST
[ERROR]: open ./out.txt: Access is denied. AT 19 Apr 24 13:31 BST
[INFO]: Starting test: EicarTest AT 20 Apr 24 16:35 BST
[INFO]: Starting test: EicarTest AT 20 Apr 24 16:50 BST
[INFO]: Starting test: EicarTest AT 20 Apr 24 16:54 BST
[INFO]: Starting test: EicarTest AT 20 Apr 24 17:01 BST
[INFO]: Starting test: EicarTest AT 20 Apr 24 17:04 BST
[INFO]: Starting test: EicarTest AT 20 Apr 24 17:07 BST
[INFO]: Starting test: EicarTest AT 20 Apr 24 17:18 BST
[INFO]: Starting test: EicarTest AT 20 Apr 24 17:39 BST
[INFO]: Starting test: EicarTest AT 20 Apr 24 17:42 BST
[INFO]: Starting test: EicarTest AT 20 Apr 24 17:57 BST
[INFO]: Starting test: EicarTest AT 21 Apr 24 10:42 BST
[INFO]: Starting test: EicarTest AT 21 Apr 24 10:48 BST
[INFO]: Starting test: EicarTest AT 21 Apr 24 10:56 BST
[INFO]: Starting test: EicarTest AT 21 Apr 24 11:09 BST
[ERROR]: open ./out.txt: Operation did not complete successfully because the file contains a virus or potentially unwanted software. AT 21 Apr 24 11:09 BST
[INFO]: Starting test: EicarTest AT 21 Apr 24 11:19 BST
[INFO]: Starting test: EicarTest AT 21 Apr 24 11:26 BST
[INFO]: Starting test: EicarTest AT 21 Apr 24 11:33 BST
[INFO]: Starting test: EicarTest AT 21 Apr 24 11:42 BST
[INFO]: Starting test: EicarTest AT 21 Apr 24 11:48 BST
[INFO]: Starting test: EicarTest AT 21 Apr 24 12:00 BST
[INFO]: Starting test: EicarTest AT 21 Apr 24 12:04 BST
[INFO]: Starting test: EicarTest AT 21 Apr 24 12:12 BST
[INFO]: Starting test: EicarTest AT 21 Apr 24 12:21 BST
[INFO]: Starting test: EicarTest AT 21 Apr 24 12:28 BST
[INFO]: Starting test: EicarTest AT 21 Apr 24 12:40 BST
[INFO]: Starting test: EicarTest AT 21 Apr 24 12:54 BST
[INFO]: Starting test: EicarTest AT 21 Apr 24 13:01 BST
[INFO]: Starting test: EicarTest AT 21 Apr 24 13:03 BST
[INFO]: Starting test: EicarTest AT 21 Apr 24 13:27 BST
[INFO]: Starting test: EicarTest AT 21 Apr 24 13:32 BST
[INFO]: Starting test: EicarTest AT 21 Apr 24 13:42 BST
[INFO]: Starting test: EicarTest AT 21 Apr 24 13:47 BST
[INFO]: Starting test: EicarTest AT 21 Apr 24 13:50 BST
[INFO]: Starting test: EicarTest AT 21 Apr 24 13:54 BST
[INFO]: Starting test: EicarTest AT 21 Apr 24 13:58 BST
[INFO]: Starting test: EicarTest AT 21 Apr 24 14:04 BST
[INFO]: Starting test: EicarTest AT 21 Apr 24 14:07 BST
[INFO]: Starting test: EicarTest AT 21 Apr 24 14:13 BST
[INFO]: Starting test: EicarTest AT 21 Apr 24 14:19 BST
[INFO]: Starting test: EicarTest AT 21 Apr 24 14:21 BST
[INFO]: Starting test: EicarTest AT 21 Apr 24 14:25 BST
[INFO]: Starting test: EicarTest AT 21 Apr 24 14:30 BST
[INFO]: Starting test: EicarTest AT 21 Apr 24 14:31 BST
[INFO]: Starting test: EicarTest AT 21 Apr 24 14:34 BST
[INFO]: Starting test: EicarTest AT 21 Apr 24 14:38 BST
[INFO]: Starting test: EicarTest AT 21 Apr 24 14:43 BST
[INFO]: Starting test: EicarTest AT 21 Apr 24 14:51 BST
[INFO]: Starting test: EicarTest AT 21 Apr 24 14:53 BST
[INFO]: Starting test: EicarTest AT 21 Apr 24 14:57 BST
[INFO]: Starting test: EicarTest AT 21 Apr 24 15:00 BST
[INFO]: Starting test: EicarTest AT 21 Apr 24 15:06 BST
[INFO]: Starting test: EicarTest AT 21 Apr 24 15:11 BST
