[ERROR]: open C:\Windows\System32\config\SAM: The system cannot find the file specified. AT 01 Feb 24 08:52 GMT
[ERROR]: open C:\Windows\System32\config\SAM: The system cannot find the file specified. AT 01 Feb 24 09:01 GMT
[ERROR]: open C:\Windows\System32\config\SAM: Access is denied. AT 05 Feb 24 10:32 GMT
[ERROR]: open C:\Windows\System32\config\SAM: Access is denied. AT 05 Feb 24 09:14 GMT
[ERROR]: open C:\Windows\System32\config\SAM: Access is denied. AT 05 Feb 24 13:22 GMT
[ERROR]: open C:\Windows\System32\config\SAM: The process cannot access the file because it is being used by another process. AT 06 Feb 24 12:16 GMT
[ERROR]: open C:\Windows\System32\config\SAM: The process cannot access the file because it is being used by another process. AT 06 Feb 24 12:22 GMT
[ERROR]: open C:\Windows\System32\config\SAM: The process cannot access the file because it is being used by another process. AT 06 Feb 24 12:26 GMT
[ERROR]: open C:\Windows\System32\config\SAM: The process cannot access the file because it is being used by another process. AT 06 Feb 24 12:28 GMT
[ERROR]: open C:\Windows\System32\config\SAM: The process cannot access the file because it is being used by another process. AT 06 Feb 24 12:31 GMT
[ERROR]: open C:\Windows\System32\config\SAM: The process cannot access the file because it is being used by another process. AT 06 Feb 24 12:34 GMT
[ERROR]: open C:\Windows\System32\config\SAM: The process cannot access the file because it is being used by another process. AT 12 Feb 24 11:32 GMT
[ERROR]: open C:\Windows\System32\config\SAM: The process cannot access the file because it is being used by another process. AT 12 Feb 24 11:35 GMT
[ERROR]: open C:\Windows\System32\config\SAM: The process cannot access the file because it is being used by another process. AT 12 Feb 24 11:39 GMT
[ERROR]: open C:\Windows\System32\config\SAM: The process cannot access the file because it is being used by another process. AT 12 Feb 24 11:41 GMT
[ERROR]: open C:\Windows\System32\config\SAM: The process cannot access the file because it is being used by another process. AT 12 Feb 24 16:10 GMT
[ERROR]: open C:\Windows\System32\config\SAM: The process cannot access the file because it is being used by another process. AT 12 Feb 24 16:16 GMT
[INFO]: Starting test: OsCredDump AT 12 Feb 24 17:43 GMT
[ERROR]: open C:\Windows\System32\config\SAM: The process cannot access the file because it is being used by another process. AT 12 Feb 24 17:43 GMT
[INFO]: Starting test: OsCredDump AT 12 Feb 24 17:54 GMT
[ERROR]: open C:\Windows\System32\config\SAM: The process cannot access the file because it is being used by another process. AT 12 Feb 24 17:54 GMT
[INFO]: Starting test: OsCredDump AT 12 Feb 24 17:55 GMT
[ERROR]: open C:\Windows\System32\config\SAM: The process cannot access the file because it is being used by another process. AT 12 Feb 24 17:55 GMT
[INFO]: Starting test: OsCredDump AT 12 Feb 24 17:56 GMT
[ERROR]: open C:\Windows\System32\config\SAM: The process cannot access the file because it is being used by another process. AT 12 Feb 24 17:56 GMT
[INFO]: Starting test: OsCredDump AT 12 Feb 24 17:57 GMT
[ERROR]: open C:\Windows\System32\config\SAM: The process cannot access the file because it is being used by another process. AT 12 Feb 24 17:57 GMT
[INFO]: Starting test: OsCredDump AT 12 Feb 24 18:02 GMT
[ERROR]: open C:\Windows\System32\config\SAM: The process cannot access the file because it is being used by another process. AT 12 Feb 24 18:02 GMT
[INFO]: Starting test: OsCredDump AT 12 Feb 24 18:09 GMT
[ERROR]: open C:\Windows\System32\config\SAM: The process cannot access the file because it is being used by another process. AT 12 Feb 24 18:09 GMT
[INFO]: Starting test: OsCredDump AT 12 Feb 24 18:10 GMT
[ERROR]: open C:\Windows\System32\config\SAM: The process cannot access the file because it is being used by another process. AT 12 Feb 24 18:10 GMT
[INFO]: Starting test: OsCredDump AT 12 Feb 24 18:12 GMT
[ERROR]: open C:\Windows\System32\config\SAM: The process cannot access the file because it is being used by another process. AT 12 Feb 24 18:12 GMT
[INFO]: Starting test: OsCredDump AT 14 Feb 24 16:50 GMT
[ERROR]: open C:\Windows\System32\config\SAM: The process cannot access the file because it is being used by another process. AT 14 Feb 24 16:50 GMT
[INFO]: Starting test: OsCredDump AT 14 Feb 24 16:58 GMT
[ERROR]: open C:\Windows\System32\config\SAM: The process cannot access the file because it is being used by another process. AT 14 Feb 24 16:58 GMT
[INFO]: Starting test: OsCredDump AT 14 Feb 24 15:19 GMT
[ERROR]: open C:\Windows\System32\config\SAM: The process cannot access the file because it is being used by another process. AT 14 Feb 24 15:19 GMT
[INFO]: Starting test: OsCredDump AT 14 Feb 24 15:50 GMT
[ERROR]: open C:\Windows\System32\config\SAM: The process cannot access the file because it is being used by another process. AT 14 Feb 24 15:50 GMT
[INFO]: Starting test: OsCredDump AT 14 Feb 24 15:54 GMT
[ERROR]: open C:\Windows\System32\config\SAM: The process cannot access the file because it is being used by another process. AT 14 Feb 24 15:54 GMT
[INFO]: Starting test: OsCredDump AT 14 Feb 24 16:03 GMT
[INFO]: Starting test: OsCredDump AT 14 Feb 24 16:08 GMT
[INFO]: Starting test: OsCredDump AT 14 Feb 24 16:12 GMT
[INFO]: Starting test: OsCredDump AT 14 Feb 24 16:16 GMT
[INFO]: Starting test: OsCredDump AT 14 Feb 24 16:46 GMT
[INFO]: Starting test: OsCredDump AT 14 Feb 24 16:47 GMT
[INFO]: Starting test: OsCredDump AT 15 Feb 24 08:17 GMT
[INFO]: Starting test: OsCredDump AT 15 Feb 24 08:19 GMT
[INFO]: Starting test: OsCredDump AT 15 Feb 24 08:21 GMT
[INFO]: Starting test: OsCredDump AT 15 Feb 24 08:24 GMT
[INFO]: Starting test: OsCredDump AT 15 Feb 24 10:34 GMT
[INFO]: Starting test: OsCredDump AT 15 Feb 24 10:47 GMT
[INFO]: Starting test: OsCredDump AT 15 Feb 24 11:08 GMT
[INFO]: Starting test: OsCredDump AT 15 Feb 24 11:12 GMT
[INFO]: Starting test: OsCredDump AT 15 Feb 24 13:55 GMT
[INFO]: Starting test: OsCredDump AT 19 Feb 24 14:17 GMT
[INFO]: Starting test: OsCredDump AT 19 Feb 24 14:22 GMT
[INFO]: Starting test: OsCredDump AT 31 Mar 24 18:36 BST
[INFO]: Starting test: OsCredDump AT 01 Apr 24 18:38 BST
[INFO]: Starting test: OsCredDump AT 11 Apr 24 11:18 BST
[INFO]: Starting test: OsCredDump AT 18 Apr 24 16:12 BST
[INFO]: Starting test: OsCredDump AT 19 Apr 24 09:31 BST
[INFO]: Starting test: OsCredDump AT 19 Apr 24 13:33 BST
[INFO]: Starting test: OsCredDump AT 20 Apr 24 16:36 BST
[INFO]: Starting test: OsCredDump AT 20 Apr 24 16:52 BST
[INFO]: Starting test: OsCredDump AT 20 Apr 24 16:56 BST
[INFO]: Starting test: OsCredDump AT 20 Apr 24 17:03 BST
[INFO]: Starting test: OsCredDump AT 20 Apr 24 17:06 BST
[INFO]: Starting test: OsCredDump AT 20 Apr 24 17:08 BST
[INFO]: Starting test: OsCredDump AT 20 Apr 24 17:20 BST
[INFO]: Starting test: OsCredDump AT 20 Apr 24 17:40 BST
[INFO]: Starting test: OsCredDump AT 20 Apr 24 17:44 BST
[INFO]: Starting test: OsCredDump AT 20 Apr 24 17:58 BST
[INFO]: Starting test: OsCredDump AT 21 Apr 24 10:44 BST
[INFO]: Starting test: OsCredDump AT 21 Apr 24 10:49 BST
[INFO]: Starting test: OsCredDump AT 21 Apr 24 10:57 BST
[INFO]: Starting test: OsCredDump AT 21 Apr 24 11:12 BST
[INFO]: Starting test: OsCredDump AT 21 Apr 24 11:20 BST
[INFO]: Starting test: OsCredDump AT 21 Apr 24 11:27 BST
[INFO]: Starting test: OsCredDump AT 21 Apr 24 11:34 BST
[INFO]: Starting test: OsCredDump AT 21 Apr 24 11:43 BST
[INFO]: Starting test: OsCredDump AT 21 Apr 24 11:52 BST
[INFO]: Starting test: OsCredDump AT 21 Apr 24 12:02 BST
[INFO]: Starting test: OsCredDump AT 21 Apr 24 12:06 BST
[INFO]: Starting test: OsCredDump AT 21 Apr 24 12:13 BST
[INFO]: Starting test: OsCredDump AT 21 Apr 24 12:24 BST
[INFO]: Starting test: OsCredDump AT 21 Apr 24 12:29 BST
[INFO]: Starting test: OsCredDump AT 21 Apr 24 12:41 BST
[INFO]: Starting test: OsCredDump AT 21 Apr 24 12:55 BST
[INFO]: Starting test: OsCredDump AT 21 Apr 24 13:01 BST
[INFO]: Starting test: OsCredDump AT 21 Apr 24 13:03 BST
[INFO]: Starting test: OsCredDump AT 21 Apr 24 13:28 BST
[INFO]: Starting test: OsCredDump AT 21 Apr 24 13:33 BST
[INFO]: Starting test: OsCredDump AT 21 Apr 24 13:42 BST
[INFO]: Starting test: OsCredDump AT 21 Apr 24 13:47 BST
[INFO]: Starting test: OsCredDump AT 21 Apr 24 13:50 BST
[INFO]: Starting test: OsCredDump AT 21 Apr 24 13:54 BST
[INFO]: Starting test: OsCredDump AT 21 Apr 24 13:58 BST
[INFO]: Starting test: OsCredDump AT 21 Apr 24 14:04 BST
[INFO]: Starting test: OsCredDump AT 21 Apr 24 14:07 BST
[INFO]: Starting test: OsCredDump AT 21 Apr 24 14:13 BST
[INFO]: Starting test: OsCredDump AT 21 Apr 24 14:20 BST
[INFO]: Starting test: OsCredDump AT 21 Apr 24 14:21 BST
[INFO]: Starting test: OsCredDump AT 21 Apr 24 14:25 BST
[INFO]: Starting test: OsCredDump AT 21 Apr 24 14:30 BST
[INFO]: Starting test: OsCredDump AT 21 Apr 24 14:31 BST
[INFO]: Starting test: OsCredDump AT 21 Apr 24 14:34 BST
[INFO]: Starting test: OsCredDump AT 21 Apr 24 14:38 BST
[INFO]: Starting test: OsCredDump AT 21 Apr 24 14:43 BST
[INFO]: Starting test: OsCredDump AT 21 Apr 24 14:51 BST
[INFO]: Starting test: OsCredDump AT 21 Apr 24 14:53 BST
[INFO]: Starting test: OsCredDump AT 21 Apr 24 14:57 BST
[INFO]: Starting test: OsCredDump AT 21 Apr 24 15:00 BST
[INFO]: Starting test: OsCredDump AT 21 Apr 24 15:06 BST
[INFO]: Starting test: OsCredDump AT 21 Apr 24 15:11 BST
