[INFO]: Strating test : StartupFolderNewFile AT 11 Jan 24 10:23 GMT
[INFO]: Ending test: StartupFolderNewFile AT 11 Jan 24 10:23 GMT
[INFO]: Strating test : StartupFolderNewFile AT 11 Jan 24 17:46 GMT
[INFO]: Ending test: StartupFolderNewFile AT 11 Jan 24 17:46 GMT
[INFO]: Strating test : StartupFolderNewFile AT 11 Jan 24 17:56 GMT
[INFO]: Ending test: StartupFolderNewFile AT 11 Jan 24 17:56 GMT
[INFO]: Strating test : StartupFolderNewFile AT 11 Jan 24 18:05 GMT
[INFO]: Ending test: StartupFolderNewFile AT 11 Jan 24 18:05 GMT
[INFO]: Strating test : StartupFolderNewFile AT 11 Jan 24 18:09 GMT
[INFO]: Ending test: StartupFolderNewFile AT 11 Jan 24 18:09 GMT
[INFO]: Strating test : StartupFolderNewFile AT 11 Jan 24 18:21 GMT
[INFO]: Ending test: StartupFolderNewFile AT 11 Jan 24 18:21 GMT
[INFO]: Strating test : StartupFolderNewFile AT 11 Jan 24 18:23 GMT
[INFO]: Ending test: StartupFolderNewFile AT 11 Jan 24 18:23 GMT
[INFO]: Strating test : StartupFolderNewFile AT 11 Jan 24 18:30 GMT
[INFO]: Ending test: StartupFolderNewFile AT 11 Jan 24 18:30 GMT
[INFO]: Strating test : StartupFolderNewFile AT 11 Jan 24 18:35 GMT
[INFO]: Ending test: StartupFolderNewFile AT 11 Jan 24 18:35 GMT
[INFO]: Strating test : StartupFolderNewFile AT 12 Jan 24 11:36 GMT
[INFO]: Ending test: StartupFolderNewFile AT 12 Jan 24 11:36 GMT
[INFO]: Strating test : StartupFolderNewFile AT 12 Jan 24 11:42 GMT
[INFO]: Ending test: StartupFolderNewFile AT 12 Jan 24 11:42 GMT
[INFO]: Strating test : StartupFolderNewFile AT 12 Jan 24 13:25 GMT
[INFO]: Ending test: StartupFolderNewFile AT 12 Jan 24 13:25 GMT
[INFO]: Strating test : StartupFolderNewFile AT 12 Jan 24 13:29 GMT
[INFO]: Ending test: StartupFolderNewFile AT 12 Jan 24 13:29 GMT
[INFO]: Strating test : StartupFolderNewFile AT 12 Jan 24 13:30 GMT
[INFO]: Ending test: StartupFolderNewFile AT 12 Jan 24 13:30 GMT
[INFO]: Strating test : StartupFolderNewFile AT 12 Jan 24 13:34 GMT
[INFO]: Ending test: StartupFolderNewFile AT 12 Jan 24 13:34 GMT
[INFO]: Strating test : StartupFolderNewFile AT 12 Jan 24 13:37 GMT
[INFO]: Ending test: StartupFolderNewFile AT 12 Jan 24 13:37 GMT
[INFO]: Strating test : StartupFolderNewFile AT 12 Jan 24 13:49 GMT
[INFO]: Ending test: StartupFolderNewFile AT 12 Jan 24 13:49 GMT
[INFO]: Strating test : StartupFolderNewFile AT 12 Jan 24 13:55 GMT
[INFO]: Ending test: StartupFolderNewFile AT 12 Jan 24 13:55 GMT
[INFO]: Strating test : StartupFolderNewFile AT 14 Jan 24 13:19 GMT
[INFO]: Strating test : StartupFolderNewFile AT 14 Jan 24 13:20 GMT
[INFO]: Strating test : StartupFolderNewFile AT 14 Jan 24 13:23 GMT
[INFO]: Strating test : StartupFolderNewFile AT 14 Jan 24 13:24 GMT
[INFO]: Strating test : StartupFolderNewFile AT 14 Jan 24 13:25 GMT
[INFO]: Strating test : StartupFolderNewFile AT 14 Jan 24 13:29 GMT
[ERROR]: open C:\ProgramData\Microsoft\Windows\Start Menu\Programs\Startup/a.exe: Access is denied. AT 14 Jan 24 13:29 GMT
[INFO]: Strating test : StartupFolderNewFile AT 14 Jan 24 13:31 GMT
[ERROR]: open C:\ProgramData\Microsoft\Windows\Start Menu\Programs\Startup/a.exe: Access is denied. AT 14 Jan 24 13:31 GMT
[INFO]: Strating test : StartupFolderNewFile AT 27 Jan 24 17:27 GMT
[ERROR]: open C:\ProgramData\Microsoft\Windows\Start Menu\Programs\Startup/a.exe: Access is denied. AT 27 Jan 24 17:27 GMT
[INFO]: Strating test : StartupFolderNewFile AT 27 Jan 24 17:29 GMT
[ERROR]: open C:\ProgramData\Microsoft\Windows\Start Menu\Programs\Startup/a.exe: Access is denied. AT 27 Jan 24 17:29 GMT
[INFO]: Strating test : StartupFolderNewFile AT 06 Feb 24 12:12 GMT
[ERROR]: open C:\ProgramData\Microsoft\Windows\Start Menu\Programs\Startup/a.exe: Access is denied. AT 06 Feb 24 12:12 GMT
[INFO]: Strating test : StartupFolderNewFile AT 06 Feb 24 12:14 GMT
[ERROR]: open C:\ProgramData\Microsoft\Windows\Start Menu\Programs\Startup/a.exe: Access is denied. AT 06 Feb 24 12:14 GMT
[INFO]: Strating test : StartupFolderNewFile AT 06 Feb 24 12:15 GMT
[INFO]: Ending test: StartupFolderNewFile AT 06 Feb 24 12:15 GMT
[INFO]: Strating test : StartupFolderNewFile AT 06 Feb 24 12:20 GMT
[INFO]: Ending test: StartupFolderNewFile AT 06 Feb 24 12:21 GMT
[INFO]: Strating test : StartupFolderNewFile AT 06 Feb 24 12:25 GMT
[INFO]: Ending test: StartupFolderNewFile AT 06 Feb 24 12:25 GMT
[INFO]: Strating test : StartupFolderNewFile AT 06 Feb 24 12:27 GMT
[INFO]: Ending test: StartupFolderNewFile AT 06 Feb 24 12:27 GMT
[INFO]: Strating test : StartupFolderNewFile AT 06 Feb 24 12:30 GMT
[INFO]: Ending test: StartupFolderNewFile AT 06 Feb 24 12:30 GMT
[INFO]: Strating test : StartupFolderNewFile AT 06 Feb 24 12:33 GMT
[INFO]: Ending test: StartupFolderNewFile AT 06 Feb 24 12:33 GMT
[INFO]: Strating test : StartupFolderNewFile AT 06 Feb 24 12:35 GMT
[INFO]: Ending test: StartupFolderNewFile AT 06 Feb 24 12:35 GMT
[INFO]: Strating test : StartupFolderNewFile AT 06 Feb 24 12:44 GMT
[ERROR]: remove C:\ProgramData\Microsoft\Windows\Start Menu\Programs\Startup/a.exe: The process cannot access the file because it is being used by another process. AT 06 Feb 24 12:44 GMT
[INFO]: Strating test : StartupFolderNewFile AT 14 Feb 24 15:18 GMT
[ERROR]: remove C:\ProgramData\Microsoft\Windows\Start Menu\Programs\Startup/a.exe: The process cannot access the file because it is being used by another process. AT 14 Feb 24 15:18 GMT
[INFO]: Strating test : StartupFolderNewFile AT 14 Feb 24 15:49 GMT
[ERROR]: remove C:\ProgramData\Microsoft\Windows\Start Menu\Programs\Startup/a.exe: The process cannot access the file because it is being used by another process. AT 14 Feb 24 15:49 GMT
[INFO]: Strating test : StartupFolderNewFile AT 14 Feb 24 15:54 GMT
[ERROR]: remove C:\ProgramData\Microsoft\Windows\Start Menu\Programs\Startup/a.exe: The process cannot access the file because it is being used by another process. AT 14 Feb 24 15:54 GMT
[INFO]: Strating test : StartupFolderNewFile AT 14 Feb 24 16:00 GMT
[ERROR]: open C:\ProgramData\Microsoft\Windows\Start Menu\Programs\Startup/a.exe: Access is denied. AT 14 Feb 24 16:00 GMT
[INFO]: Strating test : StartupFolderNewFile AT 14 Feb 24 16:08 GMT
[ERROR]: open C:\ProgramData\Microsoft\Windows\Start Menu\Programs\Startup/a.exe: Access is denied. AT 14 Feb 24 16:08 GMT
[INFO]: Strating test : StartupFolderNewFile AT 14 Feb 24 16:12 GMT
[ERROR]: open C:\ProgramData\Microsoft\Windows\Start Menu\Programs\Startup/a.exe: Access is denied. AT 14 Feb 24 16:12 GMT
[INFO]: Strating test : StartupFolderNewFile AT 14 Feb 24 16:16 GMT
[ERROR]: open C:\ProgramData\Microsoft\Windows\Start Menu\Programs\Startup/a.exe: Access is denied. AT 14 Feb 24 16:16 GMT
[INFO]: Strating test : StartupFolderNewFile AT 14 Feb 24 16:46 GMT
[ERROR]: open C:\ProgramData\Microsoft\Windows\Start Menu\Programs\Startup/a.exe: Access is denied. AT 14 Feb 24 16:46 GMT
[INFO]: Strating test : StartupFolderNewFile AT 14 Feb 24 16:47 GMT
[ERROR]: open C:\ProgramData\Microsoft\Windows\Start Menu\Programs\Startup/a.exe: Access is denied. AT 14 Feb 24 16:47 GMT
[INFO]: Strating test : StartupFolderNewFile AT 15 Feb 24 08:16 GMT
[ERROR]: open C:\ProgramData\Microsoft\Windows\Start Menu\Programs\Startup/a.exe: Access is denied. AT 15 Feb 24 08:16 GMT
[INFO]: Strating test : StartupFolderNewFile AT 15 Feb 24 08:18 GMT
[ERROR]: open C:\ProgramData\Microsoft\Windows\Start Menu\Programs\Startup/a.exe: Access is denied. AT 15 Feb 24 08:18 GMT
[INFO]: Strating test : StartupFolderNewFile AT 15 Feb 24 08:20 GMT
[ERROR]: open C:\ProgramData\Microsoft\Windows\Start Menu\Programs\Startup/a.exe: Access is denied. AT 15 Feb 24 08:20 GMT
[INFO]: Strating test : StartupFolderNewFile AT 15 Feb 24 08:24 GMT
[ERROR]: open C:\ProgramData\Microsoft\Windows\Start Menu\Programs\Startup/a.exe: Access is denied. AT 15 Feb 24 08:24 GMT
[INFO]: Strating test : StartupFolderNewFile AT 15 Feb 24 10:33 GMT
[ERROR]: open C:\ProgramData\Microsoft\Windows\Start Menu\Programs\Startup/a.exe: Access is denied. AT 15 Feb 24 10:33 GMT
[INFO]: Strating test : StartupFolderNewFile AT 15 Feb 24 10:46 GMT
[ERROR]: open C:\ProgramData\Microsoft\Windows\Start Menu\Programs\Startup/a.exe: Access is denied. AT 15 Feb 24 10:46 GMT
[INFO]: Strating test : StartupFolderNewFile AT 15 Feb 24 11:00 GMT
[ERROR]: open C:\ProgramData\Microsoft\Windows\Start Menu\Programs\Startup/a.exe: Access is denied. AT 15 Feb 24 11:00 GMT
[INFO]: Strating test : StartupFolderNewFile AT 15 Feb 24 11:03 GMT
[ERROR]: open C:\ProgramData\Microsoft\Windows\Start Menu\Programs\Startup/a.exe: Access is denied. AT 15 Feb 24 11:03 GMT
[INFO]: Strating test : StartupFolderNewFile AT 15 Feb 24 11:07 GMT
[ERROR]: open C:\ProgramData\Microsoft\Windows\Start Menu\Programs\Startup/a.exe: Access is denied. AT 15 Feb 24 11:07 GMT
[INFO]: Strating test : StartupFolderNewFile AT 15 Feb 24 11:11 GMT
[ERROR]: open C:\ProgramData\Microsoft\Windows\Start Menu\Programs\Startup/a.exe: Access is denied. AT 15 Feb 24 11:11 GMT
[INFO]: Strating test : StartupFolderNewFile AT 15 Feb 24 13:51 GMT
[ERROR]: open C:\ProgramData\Microsoft\Windows\Start Menu\Programs\Startup/a.exe: Access is denied. AT 15 Feb 24 13:51 GMT
[INFO]: Strating test : StartupFolderNewFile AT 15 Feb 24 13:53 GMT
[ERROR]: open C:\ProgramData\Microsoft\Windows\Start Menu\Programs\Startup/a.exe: Access is denied. AT 15 Feb 24 13:53 GMT
[INFO]: Strating test : StartupFolderNewFile AT 19 Feb 24 14:14 GMT
[ERROR]: open C:\ProgramData\Microsoft\Windows\Start Menu\Programs\Startup/a.exe: Access is denied. AT 19 Feb 24 14:14 GMT
[INFO]: Strating test : StartupFolderNewFile AT 19 Feb 24 14:20 GMT
[ERROR]: open C:\ProgramData\Microsoft\Windows\Start Menu\Programs\Startup/a.exe: Access is denied. AT 19 Feb 24 14:20 GMT
[INFO]: Strating test : StartupFolderNewFile AT 19 Feb 24 14:38 GMT
[ERROR]: open C:\ProgramData\Microsoft\Windows\Start Menu\Programs\Startup/a.exe: Access is denied. AT 19 Feb 24 14:38 GMT
[INFO]: Strating test : StartupFolderNewFile AT 31 Mar 24 18:35 BST
[ERROR]: open C:\ProgramData\Microsoft\Windows\Start Menu\Programs\Startup/a.exe: Access is denied. AT 31 Mar 24 18:35 BST
[INFO]: Strating test : StartupFolderNewFile AT 01 Apr 24 18:38 BST
[ERROR]: open C:\ProgramData\Microsoft\Windows\Start Menu\Programs\Startup/a.exe: Access is denied. AT 01 Apr 24 18:38 BST
[INFO]: Strating test : StartupFolderNewFile AT 11 Apr 24 11:16 BST
[ERROR]: open C:\ProgramData\Microsoft\Windows\Start Menu\Programs\Startup/a.exe: Access is denied. AT 11 Apr 24 11:16 BST
[INFO]: Strating test : StartupFolderNewFile AT 12 Apr 24 09:53 BST
[ERROR]: open C:\ProgramData\Microsoft\Windows\Start Menu\Programs\Startup/a.exe: Access is denied. AT 12 Apr 24 09:54 BST
[INFO]: Strating test : StartupFolderNewFile AT 18 Apr 24 16:09 BST
[ERROR]: open C:\ProgramData\Microsoft\Windows\Start Menu\Programs\Startup/a.exe: Access is denied. AT 18 Apr 24 16:09 BST
[INFO]: Strating test : StartupFolderNewFile AT 19 Apr 24 13:31 BST
[ERROR]: open C:\ProgramData\Microsoft\Windows\Start Menu\Programs\Startup/a.exe: Access is denied. AT 19 Apr 24 13:31 BST
[INFO]: Strating test : StartupFolderNewFile AT 20 Apr 24 16:35 BST
[ERROR]: open C:\ProgramData\Microsoft\Windows\Start Menu\Programs\Startup/a.exe: Access is denied. AT 20 Apr 24 16:35 BST
[INFO]: Strating test : StartupFolderNewFile AT 20 Apr 24 16:50 BST
[ERROR]: open C:\ProgramData\Microsoft\Windows\Start Menu\Programs\Startup/a.exe: Access is denied. AT 20 Apr 24 16:50 BST
[INFO]: Strating test : StartupFolderNewFile AT 20 Apr 24 16:54 BST
[ERROR]: open C:\ProgramData\Microsoft\Windows\Start Menu\Programs\Startup/a.exe: Access is denied. AT 20 Apr 24 16:54 BST
[INFO]: Strating test : StartupFolderNewFile AT 20 Apr 24 17:02 BST
[ERROR]: open C:\ProgramData\Microsoft\Windows\Start Menu\Programs\Startup/a.exe: Access is denied. AT 20 Apr 24 17:02 BST
[INFO]: Strating test : StartupFolderNewFile AT 20 Apr 24 17:04 BST
[ERROR]: open C:\ProgramData\Microsoft\Windows\Start Menu\Programs\Startup/a.exe: Access is denied. AT 20 Apr 24 17:04 BST
[INFO]: Strating test : StartupFolderNewFile AT 20 Apr 24 17:07 BST
[ERROR]: open C:\ProgramData\Microsoft\Windows\Start Menu\Programs\Startup/a.exe: Access is denied. AT 20 Apr 24 17:07 BST
[INFO]: Strating test : StartupFolderNewFile AT 20 Apr 24 17:18 BST
[ERROR]: open C:\ProgramData\Microsoft\Windows\Start Menu\Programs\Startup/a.exe: Access is denied. AT 20 Apr 24 17:18 BST
[INFO]: Strating test : StartupFolderNewFile AT 20 Apr 24 17:39 BST
[ERROR]: open C:\ProgramData\Microsoft\Windows\Start Menu\Programs\Startup/a.exe: Access is denied. AT 20 Apr 24 17:39 BST
[INFO]: Strating test : StartupFolderNewFile AT 20 Apr 24 17:42 BST
[ERROR]: open C:\ProgramData\Microsoft\Windows\Start Menu\Programs\Startup/a.exe: Access is denied. AT 20 Apr 24 17:42 BST
[INFO]: Strating test : StartupFolderNewFile AT 20 Apr 24 17:57 BST
[ERROR]: open C:\ProgramData\Microsoft\Windows\Start Menu\Programs\Startup/a.exe: Access is denied. AT 20 Apr 24 17:57 BST
[INFO]: Strating test : StartupFolderNewFile AT 21 Apr 24 10:42 BST
[ERROR]: open C:\ProgramData\Microsoft\Windows\Start Menu\Programs\Startup/a.exe: Access is denied. AT 21 Apr 24 10:42 BST
[INFO]: Strating test : StartupFolderNewFile AT 21 Apr 24 10:48 BST
[ERROR]: open C:\ProgramData\Microsoft\Windows\Start Menu\Programs\Startup/a.exe: Access is denied. AT 21 Apr 24 10:48 BST
[INFO]: Strating test : StartupFolderNewFile AT 21 Apr 24 10:56 BST
[ERROR]: open C:\ProgramData\Microsoft\Windows\Start Menu\Programs\Startup/a.exe: Access is denied. AT 21 Apr 24 10:56 BST
[INFO]: Strating test : StartupFolderNewFile AT 21 Apr 24 11:09 BST
[ERROR]: open C:\ProgramData\Microsoft\Windows\Start Menu\Programs\Startup/a.exe: Access is denied. AT 21 Apr 24 11:09 BST
[INFO]: Strating test : StartupFolderNewFile AT 21 Apr 24 11:19 BST
[ERROR]: open C:\ProgramData\Microsoft\Windows\Start Menu\Programs\Startup/a.exe: Access is denied. AT 21 Apr 24 11:19 BST
[INFO]: Strating test : StartupFolderNewFile AT 21 Apr 24 11:26 BST
[ERROR]: open C:\ProgramData\Microsoft\Windows\Start Menu\Programs\Startup/a.exe: Access is denied. AT 21 Apr 24 11:26 BST
[INFO]: Strating test : StartupFolderNewFile AT 21 Apr 24 11:33 BST
[ERROR]: open C:\ProgramData\Microsoft\Windows\Start Menu\Programs\Startup/a.exe: Access is denied. AT 21 Apr 24 11:33 BST
[INFO]: Strating test : StartupFolderNewFile AT 21 Apr 24 11:42 BST
[ERROR]: open C:\ProgramData\Microsoft\Windows\Start Menu\Programs\Startup/a.exe: Access is denied. AT 21 Apr 24 11:42 BST
[INFO]: Strating test : StartupFolderNewFile AT 21 Apr 24 11:48 BST
[ERROR]: open C:\ProgramData\Microsoft\Windows\Start Menu\Programs\Startup/a.exe: Access is denied. AT 21 Apr 24 11:48 BST
[INFO]: Strating test : StartupFolderNewFile AT 21 Apr 24 12:00 BST
[ERROR]: open C:\ProgramData\Microsoft\Windows\Start Menu\Programs\Startup/a.exe: Access is denied. AT 21 Apr 24 12:00 BST
[INFO]: Strating test : StartupFolderNewFile AT 21 Apr 24 12:04 BST
[ERROR]: open C:\ProgramData\Microsoft\Windows\Start Menu\Programs\Startup/a.exe: Access is denied. AT 21 Apr 24 12:04 BST
[INFO]: Strating test : StartupFolderNewFile AT 21 Apr 24 12:12 BST
[ERROR]: open C:\ProgramData\Microsoft\Windows\Start Menu\Programs\Startup/a.exe: Access is denied. AT 21 Apr 24 12:12 BST
[INFO]: Strating test : StartupFolderNewFile AT 21 Apr 24 12:21 BST
[ERROR]: open C:\ProgramData\Microsoft\Windows\Start Menu\Programs\Startup/a.exe: Access is denied. AT 21 Apr 24 12:21 BST
[INFO]: Strating test : StartupFolderNewFile AT 21 Apr 24 12:28 BST
[ERROR]: open C:\ProgramData\Microsoft\Windows\Start Menu\Programs\Startup/a.exe: Access is denied. AT 21 Apr 24 12:28 BST
[INFO]: Strating test : StartupFolderNewFile AT 21 Apr 24 12:40 BST
[ERROR]: open C:\ProgramData\Microsoft\Windows\Start Menu\Programs\Startup/a.exe: Access is denied. AT 21 Apr 24 12:40 BST
[INFO]: Strating test : StartupFolderNewFile AT 21 Apr 24 12:54 BST
[ERROR]: open C:\ProgramData\Microsoft\Windows\Start Menu\Programs\Startup/a.exe: Access is denied. AT 21 Apr 24 12:54 BST
[INFO]: Strating test : StartupFolderNewFile AT 21 Apr 24 13:01 BST
[ERROR]: open C:\ProgramData\Microsoft\Windows\Start Menu\Programs\Startup/a.exe: Access is denied. AT 21 Apr 24 13:01 BST
[INFO]: Strating test : StartupFolderNewFile AT 21 Apr 24 13:03 BST
[ERROR]: open C:\ProgramData\Microsoft\Windows\Start Menu\Programs\Startup/a.exe: Access is denied. AT 21 Apr 24 13:03 BST
[INFO]: Strating test : StartupFolderNewFile AT 21 Apr 24 13:27 BST
[ERROR]: open C:\ProgramData\Microsoft\Windows\Start Menu\Programs\Startup/a.exe: Access is denied. AT 21 Apr 24 13:27 BST
[INFO]: Strating test : StartupFolderNewFile AT 21 Apr 24 13:32 BST
[ERROR]: open C:\ProgramData\Microsoft\Windows\Start Menu\Programs\Startup/a.exe: Access is denied. AT 21 Apr 24 13:32 BST
[INFO]: Strating test : StartupFolderNewFile AT 21 Apr 24 13:42 BST
[ERROR]: open C:\ProgramData\Microsoft\Windows\Start Menu\Programs\Startup/a.exe: Access is denied. AT 21 Apr 24 13:42 BST
[INFO]: Strating test : StartupFolderNewFile AT 21 Apr 24 13:47 BST
[ERROR]: open C:\ProgramData\Microsoft\Windows\Start Menu\Programs\Startup/a.exe: Access is denied. AT 21 Apr 24 13:47 BST
[INFO]: Strating test : StartupFolderNewFile AT 21 Apr 24 13:50 BST
[ERROR]: open C:\ProgramData\Microsoft\Windows\Start Menu\Programs\Startup/a.exe: Access is denied. AT 21 Apr 24 13:50 BST
[INFO]: Strating test : StartupFolderNewFile AT 21 Apr 24 13:54 BST
[ERROR]: open C:\ProgramData\Microsoft\Windows\Start Menu\Programs\Startup/a.exe: Access is denied. AT 21 Apr 24 13:54 BST
[INFO]: Strating test : StartupFolderNewFile AT 21 Apr 24 13:58 BST
[ERROR]: open C:\ProgramData\Microsoft\Windows\Start Menu\Programs\Startup/a.exe: Access is denied. AT 21 Apr 24 13:58 BST
[INFO]: Strating test : StartupFolderNewFile AT 21 Apr 24 14:04 BST
[ERROR]: open C:\ProgramData\Microsoft\Windows\Start Menu\Programs\Startup/a.exe: Access is denied. AT 21 Apr 24 14:04 BST
[INFO]: Strating test : StartupFolderNewFile AT 21 Apr 24 14:07 BST
[ERROR]: open C:\ProgramData\Microsoft\Windows\Start Menu\Programs\Startup/a.exe: Access is denied. AT 21 Apr 24 14:07 BST
[INFO]: Strating test : StartupFolderNewFile AT 21 Apr 24 14:13 BST
[ERROR]: open C:\ProgramData\Microsoft\Windows\Start Menu\Programs\Startup/a.exe: Access is denied. AT 21 Apr 24 14:13 BST
[INFO]: Strating test : StartupFolderNewFile AT 21 Apr 24 14:19 BST
[ERROR]: open C:\ProgramData\Microsoft\Windows\Start Menu\Programs\Startup/a.exe: Access is denied. AT 21 Apr 24 14:19 BST
[INFO]: Strating test : StartupFolderNewFile AT 21 Apr 24 14:21 BST
[ERROR]: open C:\ProgramData\Microsoft\Windows\Start Menu\Programs\Startup/a.exe: Access is denied. AT 21 Apr 24 14:21 BST
[INFO]: Strating test : StartupFolderNewFile AT 21 Apr 24 14:25 BST
[ERROR]: open C:\ProgramData\Microsoft\Windows\Start Menu\Programs\Startup/a.exe: Access is denied. AT 21 Apr 24 14:25 BST
[INFO]: Strating test : StartupFolderNewFile AT 21 Apr 24 14:30 BST
[ERROR]: open C:\ProgramData\Microsoft\Windows\Start Menu\Programs\Startup/a.exe: Access is denied. AT 21 Apr 24 14:30 BST
[INFO]: Strating test : StartupFolderNewFile AT 21 Apr 24 14:31 BST
[ERROR]: open C:\ProgramData\Microsoft\Windows\Start Menu\Programs\Startup/a.exe: Access is denied. AT 21 Apr 24 14:31 BST
[INFO]: Strating test : StartupFolderNewFile AT 21 Apr 24 14:34 BST
[ERROR]: open C:\ProgramData\Microsoft\Windows\Start Menu\Programs\Startup/a.exe: Access is denied. AT 21 Apr 24 14:34 BST
[INFO]: Strating test : StartupFolderNewFile AT 21 Apr 24 14:38 BST
[ERROR]: open C:\ProgramData\Microsoft\Windows\Start Menu\Programs\Startup/a.exe: Access is denied. AT 21 Apr 24 14:38 BST
[INFO]: Strating test : StartupFolderNewFile AT 21 Apr 24 14:43 BST
[ERROR]: open C:\ProgramData\Microsoft\Windows\Start Menu\Programs\Startup/a.exe: Access is denied. AT 21 Apr 24 14:43 BST
[INFO]: Strating test : StartupFolderNewFile AT 21 Apr 24 14:51 BST
[ERROR]: open C:\ProgramData\Microsoft\Windows\Start Menu\Programs\Startup/a.exe: Access is denied. AT 21 Apr 24 14:51 BST
[INFO]: Strating test : StartupFolderNewFile AT 21 Apr 24 14:53 BST
[ERROR]: open C:\ProgramData\Microsoft\Windows\Start Menu\Programs\Startup/a.exe: Access is denied. AT 21 Apr 24 14:53 BST
[INFO]: Strating test : StartupFolderNewFile AT 21 Apr 24 14:57 BST
[ERROR]: open C:\ProgramData\Microsoft\Windows\Start Menu\Programs\Startup/a.exe: Access is denied. AT 21 Apr 24 14:57 BST
[INFO]: Strating test : StartupFolderNewFile AT 21 Apr 24 15:00 BST
[ERROR]: open C:\ProgramData\Microsoft\Windows\Start Menu\Programs\Startup/a.exe: Access is denied. AT 21 Apr 24 15:00 BST
[INFO]: Strating test : StartupFolderNewFile AT 21 Apr 24 15:06 BST
[ERROR]: open C:\ProgramData\Microsoft\Windows\Start Menu\Programs\Startup/a.exe: Access is denied. AT 21 Apr 24 15:06 BST
[INFO]: Strating test : StartupFolderNewFile AT 21 Apr 24 15:11 BST
[ERROR]: open C:\ProgramData\Microsoft\Windows\Start Menu\Programs\Startup/a.exe: Access is denied. AT 21 Apr 24 15:11 BST
