
[INFO]: Starting test: RanNote AT 12 Feb 24 17:42 GMT
[INFO]: Ending test: RanNote AT 12 Feb 24 17:42 GMT
[INFO]: Starting test: RanNote AT 12 Feb 24 17:54 GMT
[INFO]: Ending test: RanNote AT 12 Feb 24 17:54 GMT
[INFO]: Starting test: RanNote AT 12 Feb 24 17:55 GMT
[INFO]: Ending test: RanNote AT 12 Feb 24 17:55 GMT
[INFO]: Starting test: RanNote AT 12 Feb 24 17:56 GMT
[INFO]: Ending test: RanNote AT 12 Feb 24 17:56 GMT
[INFO]: Starting test: RanNote AT 12 Feb 24 17:57 GMT
[INFO]: Ending test: RanNote AT 12 Feb 24 17:57 GMT
[INFO]: Starting test: RanNote AT 12 Feb 24 18:02 GMT
[INFO]: Ending test: RanNote AT 12 Feb 24 18:02 GMT
[INFO]: Starting test: RanNote AT 12 Feb 24 18:05 GMT
[INFO]: Ending test: RanNote AT 12 Feb 24 18:05 GMT
[INFO]: Starting test: RanNote AT 12 Feb 24 18:09 GMT
[INFO]: Ending test: RanNote AT 12 Feb 24 18:09 GMT
[INFO]: Starting test: RanNote AT 12 Feb 24 18:10 GMT
[INFO]: Ending test: RanNote AT 12 Feb 24 18:10 GMT
[INFO]: Starting test: RanNote AT 12 Feb 24 18:12 GMT
[INFO]: Ending test: RanNote AT 12 Feb 24 18:12 GMT
[INFO]: Starting test: RanNote AT 14 Feb 24 16:48 GMT
[INFO]: Ending test: RanNote AT 14 Feb 24 16:48 GMT
[INFO]: Starting test: RanNote AT 14 Feb 24 16:58 GMT
[INFO]: Ending test: RanNote AT 14 Feb 24 16:58 GMT
[INFO]: Starting test: RanNote AT 14 Feb 24 17:05 GMT
[INFO]: Ending test: RanNote AT 14 Feb 24 17:05 GMT
[INFO]: Starting test: RanNote AT 14 Feb 24 17:10 GMT
[INFO]: Ending test: RanNote AT 14 Feb 24 17:10 GMT
[INFO]: Starting test: RanNote AT 15 Feb 24 08:23 GMT
[INFO]: Ending test: RanNote AT 15 Feb 24 08:23 GMT
[INFO]: Starting test: RanNote AT 15 Feb 24 08:24 GMT
[INFO]: Ending test: RanNote AT 15 Feb 24 08:24 GMT
[INFO]: Starting test: RanNote AT 15 Feb 24 09:36 GMT
[INFO]: Ending test: RanNote AT 15 Feb 24 09:36 GMT
[INFO]: Starting test: RanNote AT 15 Feb 24 10:33 GMT
[INFO]: Ending test: RanNote AT 15 Feb 24 10:33 GMT
[INFO]: Starting test: RanNote AT 15 Feb 24 10:46 GMT
[INFO]: Ending test: RanNote AT 15 Feb 24 10:46 GMT
[INFO]: Starting test: RanNote AT 15 Feb 24 11:00 GMT
[INFO]: Ending test: RanNote AT 15 Feb 24 11:00 GMT
[INFO]: Starting test: RanNote AT 15 Feb 24 11:03 GMT
[INFO]: Ending test: RanNote AT 15 Feb 24 11:03 GMT
[INFO]: Starting test: RanNote AT 15 Feb 24 11:07 GMT
[INFO]: Ending test: RanNote AT 15 Feb 24 11:07 GMT
[INFO]: Starting test: RanNote AT 15 Feb 24 11:11 GMT
[INFO]: Ending test: RanNote AT 15 Feb 24 11:11 GMT
[INFO]: Starting test: RanNote AT 15 Feb 24 13:51 GMT
[INFO]: Ending test: RanNote AT 15 Feb 24 13:51 GMT
[INFO]: Starting test: RanNote AT 15 Feb 24 13:53 GMT
[INFO]: Ending test: RanNote AT 15 Feb 24 13:53 GMT
[INFO]: Starting test: RanNote AT 15 Feb 24 16:36 EET
[INFO]: Ending test: RanNote AT 15 Feb 24 16:36 EET
[INFO]: Starting test: RanNote AT 16 Feb 24 11:22 GMT
[INFO]: Ending test: RanNote AT 16 Feb 24 11:22 GMT
[INFO]: Starting test: RanNote AT 19 Feb 24 14:10 GMT
[INFO]: Ending test: RanNote AT 19 Feb 24 14:10 GMT
[INFO]: Starting test: RanNote AT 19 Feb 24 14:19 GMT
[INFO]: Ending test: RanNote AT 19 Feb 24 14:19 GMT
[INFO]: Starting test: RanNote AT 31 Mar 24 18:35 BST
[INFO]: Ending test: RanNote AT 31 Mar 24 18:35 BST
[INFO]: Starting test: RanNote AT 01 Apr 24 18:37 BST
[INFO]: Ending test: RanNote AT 01 Apr 24 18:37 BST
[INFO]: Starting test: RanNote AT 11 Apr 24 11:16 BST
[INFO]: Ending test: RanNote AT 11 Apr 24 11:16 BST
[INFO]: Starting test: RanNote AT 12 Apr 24 09:53 BST
[INFO]: Ending test: RanNote AT 12 Apr 24 09:53 BST
[INFO]: Starting test: RanNote AT 18 Apr 24 16:09 BST
[INFO]: Ending test: RanNote AT 18 Apr 24 16:09 BST
[INFO]: Starting test: RanNote AT 20 Apr 24 16:34 BST
[INFO]: Ending test: RanNote AT 20 Apr 24 16:34 BST
[INFO]: Starting test: RanNote AT 20 Apr 24 16:50 BST
[INFO]: Ending test: RanNote AT 20 Apr 24 16:50 BST
[INFO]: Starting test: RanNote AT 20 Apr 24 16:54 BST
[INFO]: Ending test: RanNote AT 20 Apr 24 16:54 BST
[INFO]: Starting test: RanNote AT 20 Apr 24 17:01 BST
[INFO]: Ending test: RanNote AT 20 Apr 24 17:01 BST
[INFO]: Starting test: RanNote AT 20 Apr 24 17:04 BST
[INFO]: Ending test: RanNote AT 20 Apr 24 17:04 BST
[INFO]: Starting test: RanNote AT 20 Apr 24 17:07 BST
[INFO]: Ending test: RanNote AT 20 Apr 24 17:07 BST
[INFO]: Starting test: RanNote AT 20 Apr 24 17:18 BST
[INFO]: Ending test: RanNote AT 20 Apr 24 17:18 BST
[INFO]: Starting test: RanNote AT 20 Apr 24 17:39 BST
[INFO]: Ending test: RanNote AT 20 Apr 24 17:39 BST
[INFO]: Starting test: RanNote AT 20 Apr 24 17:42 BST
[INFO]: Ending test: RanNote AT 20 Apr 24 17:42 BST
[INFO]: Starting test: RanNote AT 20 Apr 24 17:57 BST
[INFO]: Ending test: RanNote AT 20 Apr 24 17:57 BST
[INFO]: Starting test: RanNote AT 21 Apr 24 10:42 BST
[INFO]: Ending test: RanNote AT 21 Apr 24 10:42 BST
[INFO]: Starting test: RanNote AT 21 Apr 24 10:48 BST
[INFO]: Ending test: RanNote AT 21 Apr 24 10:48 BST
[INFO]: Starting test: RanNote AT 21 Apr 24 10:56 BST
[INFO]: Ending test: RanNote AT 21 Apr 24 10:56 BST
[INFO]: Starting test: RanNote AT 21 Apr 24 11:09 BST
[INFO]: Ending test: RanNote AT 21 Apr 24 11:09 BST
[INFO]: Starting test: RanNote AT 21 Apr 24 11:19 BST
[INFO]: Ending test: RanNote AT 21 Apr 24 11:19 BST
[INFO]: Starting test: RanNote AT 21 Apr 24 11:26 BST
[INFO]: Ending test: RanNote AT 21 Apr 24 11:26 BST
[INFO]: Starting test: RanNote AT 21 Apr 24 11:33 BST
[INFO]: Ending test: RanNote AT 21 Apr 24 11:33 BST
[INFO]: Starting test: RanNote AT 21 Apr 24 11:42 BST
[INFO]: Ending test: RanNote AT 21 Apr 24 11:42 BST
[INFO]: Starting test: RanNote AT 21 Apr 24 11:48 BST
[INFO]: Ending test: RanNote AT 21 Apr 24 11:48 BST
[INFO]: Starting test: RanNote AT 21 Apr 24 12:00 BST
[INFO]: Ending test: RanNote AT 21 Apr 24 12:00 BST
[INFO]: Starting test: RanNote AT 21 Apr 24 12:04 BST
[INFO]: Ending test: RanNote AT 21 Apr 24 12:04 BST
[INFO]: Starting test: RanNote AT 21 Apr 24 12:12 BST
[INFO]: Ending test: RanNote AT 21 Apr 24 12:12 BST
[INFO]: Starting test: RanNote AT 21 Apr 24 12:21 BST
[INFO]: Ending test: RanNote AT 21 Apr 24 12:21 BST
[INFO]: Starting test: RanNote AT 21 Apr 24 12:28 BST
[INFO]: Ending test: RanNote AT 21 Apr 24 12:28 BST
[INFO]: Starting test: RanNote AT 21 Apr 24 12:40 BST
[INFO]: Ending test: RanNote AT 21 Apr 24 12:40 BST
[INFO]: Starting test: RanNote AT 21 Apr 24 12:54 BST
[INFO]: Ending test: RanNote AT 21 Apr 24 12:54 BST
[INFO]: Starting test: RanNote AT 21 Apr 24 13:01 BST
[INFO]: Ending test: RanNote AT 21 Apr 24 13:01 BST
[INFO]: Starting test: RanNote AT 21 Apr 24 13:03 BST
[INFO]: Ending test: RanNote AT 21 Apr 24 13:03 BST
[INFO]: Starting test: RanNote AT 21 Apr 24 13:27 BST
[INFO]: Ending test: RanNote AT 21 Apr 24 13:27 BST
[INFO]: Starting test: RanNote AT 21 Apr 24 13:32 BST
[INFO]: Ending test: RanNote AT 21 Apr 24 13:32 BST
[INFO]: Starting test: RanNote AT 21 Apr 24 13:42 BST
[INFO]: Ending test: RanNote AT 21 Apr 24 13:42 BST
[INFO]: Starting test: RanNote AT 21 Apr 24 13:47 BST
[INFO]: Ending test: RanNote AT 21 Apr 24 13:47 BST
[INFO]: Starting test: RanNote AT 21 Apr 24 13:50 BST
[INFO]: Ending test: RanNote AT 21 Apr 24 13:50 BST
[INFO]: Starting test: RanNote AT 21 Apr 24 13:54 BST
[INFO]: Ending test: RanNote AT 21 Apr 24 13:54 BST
[INFO]: Starting test: RanNote AT 21 Apr 24 13:58 BST
[INFO]: Ending test: RanNote AT 21 Apr 24 13:58 BST
[INFO]: Starting test: RanNote AT 21 Apr 24 14:04 BST
[INFO]: Ending test: RanNote AT 21 Apr 24 14:04 BST
[INFO]: Starting test: RanNote AT 21 Apr 24 14:07 BST
[INFO]: Ending test: RanNote AT 21 Apr 24 14:07 BST
[INFO]: Starting test: RanNote AT 21 Apr 24 14:13 BST
[INFO]: Ending test: RanNote AT 21 Apr 24 14:13 BST
[INFO]: Starting test: RanNote AT 21 Apr 24 14:19 BST
[INFO]: Ending test: RanNote AT 21 Apr 24 14:19 BST
[INFO]: Starting test: RanNote AT 21 Apr 24 14:21 BST
[INFO]: Ending test: RanNote AT 21 Apr 24 14:21 BST
[INFO]: Starting test: RanNote AT 21 Apr 24 14:25 BST
[INFO]: Ending test: RanNote AT 21 Apr 24 14:25 BST
[INFO]: Starting test: RanNote AT 21 Apr 24 14:30 BST
[INFO]: Ending test: RanNote AT 21 Apr 24 14:30 BST
[INFO]: Starting test: RanNote AT 21 Apr 24 14:31 BST
[INFO]: Ending test: RanNote AT 21 Apr 24 14:31 BST
[INFO]: Starting test: RanNote AT 21 Apr 24 14:34 BST
[INFO]: Ending test: RanNote AT 21 Apr 24 14:34 BST
[INFO]: Starting test: RanNote AT 21 Apr 24 14:38 BST
[INFO]: Ending test: RanNote AT 21 Apr 24 14:38 BST
[INFO]: Starting test: RanNote AT 21 Apr 24 14:42 BST
[INFO]: Ending test: RanNote AT 21 Apr 24 14:42 BST
[INFO]: Starting test: RanNote AT 21 Apr 24 14:51 BST
[INFO]: Ending test: RanNote AT 21 Apr 24 14:51 BST
[INFO]: Starting test: RanNote AT 21 Apr 24 14:53 BST
[INFO]: Ending test: RanNote AT 21 Apr 24 14:53 BST
[INFO]: Starting test: RanNote AT 21 Apr 24 14:57 BST
[INFO]: Ending test: RanNote AT 21 Apr 24 14:57 BST
[INFO]: Starting test: RanNote AT 21 Apr 24 15:00 BST
[INFO]: Ending test: RanNote AT 21 Apr 24 15:00 BST
[INFO]: Starting test: RanNote AT 21 Apr 24 15:06 BST
[INFO]: Ending test: RanNote AT 21 Apr 24 15:06 BST
[INFO]: Starting test: RanNote AT 21 Apr 24 15:11 BST
[INFO]: Ending test: RanNote AT 21 Apr 24 15:11 BST
